{"/home/usuario/InfoSport/api/app.js": {"path":"/home/usuario/InfoSport/api/app.js","statementMap":{"0":{"start":{"line":1,"column":16},"end":{"line":1,"column":34}},"1":{"start":{"line":2,"column":13},"end":{"line":2,"column":28}},"2":{"start":{"line":3,"column":19},"end":{"line":3,"column":41}},"3":{"start":{"line":4,"column":13},"end":{"line":4,"column":28}},"4":{"start":{"line":5,"column":17},"end":{"line":5,"column":36}},"5":{"start":{"line":6,"column":17},"end":{"line":6,"column":36}},"6":{"start":{"line":7,"column":15},"end":{"line":7,"column":45}},"7":{"start":{"line":8,"column":14},"end":{"line":8,"column":40}},"8":{"start":{"line":9,"column":9},"end":{"line":9,"column":22}},"9":{"start":{"line":12,"column":0},"end":{"line":16,"column":33}},"10":{"start":{"line":15,"column":14},"end":{"line":15,"column":60}},"11":{"start":{"line":16,"column":16},"end":{"line":16,"column":32}},"12":{"start":{"line":18,"column":12},"end":{"line":18,"column":21}},"13":{"start":{"line":19,"column":13},"end":{"line":19,"column":17}},"14":{"start":{"line":21,"column":14},"end":{"line":21,"column":39}},"15":{"start":{"line":22,"column":15},"end":{"line":22,"column":41}},"16":{"start":{"line":25,"column":0},"end":{"line":25,"column":16}},"17":{"start":{"line":28,"column":0},"end":{"line":28,"column":56}},"18":{"start":{"line":31,"column":0},"end":{"line":31,"column":27}},"19":{"start":{"line":34,"column":0},"end":{"line":39,"column":4}},"20":{"start":{"line":42,"column":0},"end":{"line":42,"column":31}},"21":{"start":{"line":43,"column":0},"end":{"line":43,"column":28}},"22":{"start":{"line":45,"column":0},"end":{"line":45,"column":41}},"23":{"start":{"line":47,"column":0},"end":{"line":47,"column":27}},"24":{"start":{"line":49,"column":0},"end":{"line":49,"column":25}},"25":{"start":{"line":53,"column":0},"end":{"line":55,"column":3}},"26":{"start":{"line":54,"column":2},"end":{"line":54,"column":33}},"27":{"start":{"line":58,"column":13},"end":{"line":65,"column":2}},"28":{"start":{"line":60,"column":13},"end":{"line":60,"column":37}},"29":{"start":{"line":61,"column":13},"end":{"line":61,"column":34}},"30":{"start":{"line":63,"column":2},"end":{"line":63,"column":66}},"31":{"start":{"line":67,"column":0},"end":{"line":67,"column":20}}},"fnMap":{"0":{"name":"(anonymous_0)","decl":{"start":{"line":15,"column":8},"end":{"line":15,"column":9}},"loc":{"start":{"line":15,"column":14},"end":{"line":15,"column":60}},"line":15},"1":{"name":"(anonymous_1)","decl":{"start":{"line":16,"column":9},"end":{"line":16,"column":10}},"loc":{"start":{"line":16,"column":16},"end":{"line":16,"column":32}},"line":16},"2":{"name":"(anonymous_2)","decl":{"start":{"line":53,"column":16},"end":{"line":53,"column":17}},"loc":{"start":{"line":53,"column":30},"end":{"line":55,"column":1}},"line":53},"3":{"name":"(anonymous_3)","decl":{"start":{"line":58,"column":44},"end":{"line":58,"column":45}},"loc":{"start":{"line":58,"column":56},"end":{"line":65,"column":1}},"line":58}},"branchMap":{},"s":{"0":1,"1":1,"2":1,"3":1,"4":1,"5":1,"6":1,"7":1,"8":1,"9":1,"10":1,"11":0,"12":1,"13":1,"14":1,"15":1,"16":1,"17":1,"18":1,"19":1,"20":1,"21":1,"22":1,"23":1,"24":1,"25":1,"26":0,"27":1,"28":1,"29":1,"30":1,"31":1},"f":{"0":1,"1":0,"2":0,"3":1},"b":{},"_coverageSchema":"1a1c01bbd47fc00a2c39e90264f33305004495a9","hash":"873e49018e92341d4ddf6de4e2541c933054786d"}
,"/home/usuario/InfoSport/api/dbconfig/database.js": {"path":"/home/usuario/InfoSport/api/dbconfig/database.js","statementMap":{"0":{"start":{"line":1,"column":0},"end":{"line":4,"column":1}}},"fnMap":{},"branchMap":{},"s":{"0":1},"f":{},"b":{},"_coverageSchema":"1a1c01bbd47fc00a2c39e90264f33305004495a9","hash":"716f016f110fbc70d68636309dc4bf1804be31ca"}
,"/home/usuario/InfoSport/api/dbconfig/passport.js": {"path":"/home/usuario/InfoSport/api/dbconfig/passport.js","statementMap":{"0":{"start":{"line":1,"column":20},"end":{"line":1,"column":52}},"1":{"start":{"line":2,"column":19},"end":{"line":2,"column":53}},"2":{"start":{"line":3,"column":13},"end":{"line":3,"column":38}},"3":{"start":{"line":4,"column":15},"end":{"line":4,"column":46}},"4":{"start":{"line":6,"column":0},"end":{"line":23,"column":1}},"5":{"start":{"line":7,"column":13},"end":{"line":7,"column":15}},"6":{"start":{"line":8,"column":2},"end":{"line":8,"column":67}},"7":{"start":{"line":9,"column":2},"end":{"line":9,"column":35}},"8":{"start":{"line":10,"column":2},"end":{"line":22,"column":6}},"9":{"start":{"line":11,"column":4},"end":{"line":21,"column":7}},"10":{"start":{"line":12,"column":6},"end":{"line":14,"column":7}},"11":{"start":{"line":13,"column":8},"end":{"line":13,"column":32}},"12":{"start":{"line":16,"column":6},"end":{"line":20,"column":7}},"13":{"start":{"line":17,"column":8},"end":{"line":17,"column":32}},"14":{"start":{"line":19,"column":8},"end":{"line":19,"column":33}}},"fnMap":{"0":{"name":"(anonymous_0)","decl":{"start":{"line":6,"column":17},"end":{"line":6,"column":18}},"loc":{"start":{"line":6,"column":35},"end":{"line":23,"column":1}},"line":6},"1":{"name":"(anonymous_1)","decl":{"start":{"line":10,"column":37},"end":{"line":10,"column":38}},"loc":{"start":{"line":10,"column":60},"end":{"line":22,"column":3}},"line":10},"2":{"name":"(anonymous_2)","decl":{"start":{"line":11,"column":43},"end":{"line":11,"column":44}},"loc":{"start":{"line":11,"column":57},"end":{"line":21,"column":5}},"line":11}},"branchMap":{"0":{"loc":{"start":{"line":12,"column":6},"end":{"line":14,"column":7}},"type":"if","locations":[{"start":{"line":12,"column":6},"end":{"line":14,"column":7}},{"start":{},"end":{}}],"line":12},"1":{"loc":{"start":{"line":16,"column":6},"end":{"line":20,"column":7}},"type":"if","locations":[{"start":{"line":16,"column":6},"end":{"line":20,"column":7}},{"start":{"line":18,"column":13},"end":{"line":20,"column":7}}],"line":16}},"s":{"0":1,"1":1,"2":1,"3":1,"4":1,"5":1,"6":1,"7":1,"8":1,"9":0,"10":0,"11":0,"12":0,"13":0,"14":0},"f":{"0":1,"1":0,"2":0},"b":{"0":[0,0],"1":[0,0]},"_coverageSchema":"1a1c01bbd47fc00a2c39e90264f33305004495a9","hash":"ab2b06dc89d2b977bd559e9555e162f125c7ebaf"}
,"/home/usuario/InfoSport/api/models/user.js": {"path":"/home/usuario/InfoSport/api/models/user.js","statementMap":{"0":{"start":{"line":1,"column":17},"end":{"line":1,"column":36}},"1":{"start":{"line":2,"column":15},"end":{"line":2,"column":34}},"2":{"start":{"line":3,"column":15},"end":{"line":3,"column":46}},"3":{"start":{"line":6,"column":19},"end":{"line":22,"column":2}},"4":{"start":{"line":24,"column":0},"end":{"line":35,"column":1}},"5":{"start":{"line":25,"column":2},"end":{"line":25,"column":60}},"6":{"start":{"line":25,"column":16},"end":{"line":25,"column":60}},"7":{"start":{"line":26,"column":2},"end":{"line":34,"column":3}},"8":{"start":{"line":27,"column":17},"end":{"line":27,"column":47}},"9":{"start":{"line":28,"column":4},"end":{"line":28,"column":25}},"10":{"start":{"line":28,"column":13},"end":{"line":28,"column":25}},"11":{"start":{"line":30,"column":4},"end":{"line":30,"column":16}},"12":{"start":{"line":32,"column":4},"end":{"line":32,"column":73}},"13":{"start":{"line":33,"column":4},"end":{"line":33,"column":16}},"14":{"start":{"line":37,"column":0},"end":{"line":48,"column":1}},"15":{"start":{"line":38,"column":2},"end":{"line":38,"column":55}},"16":{"start":{"line":38,"column":13},"end":{"line":38,"column":55}},"17":{"start":{"line":39,"column":2},"end":{"line":47,"column":3}},"18":{"start":{"line":40,"column":19},"end":{"line":40,"column":46}},"19":{"start":{"line":41,"column":4},"end":{"line":41,"column":27}},"20":{"start":{"line":41,"column":15},"end":{"line":41,"column":27}},"21":{"start":{"line":43,"column":4},"end":{"line":43,"column":16}},"22":{"start":{"line":45,"column":4},"end":{"line":45,"column":61}},"23":{"start":{"line":46,"column":4},"end":{"line":46,"column":16}},"24":{"start":{"line":50,"column":0},"end":{"line":57,"column":1}},"25":{"start":{"line":51,"column":2},"end":{"line":55,"column":3}},"26":{"start":{"line":52,"column":4},"end":{"line":52,"column":54}},"27":{"start":{"line":54,"column":4},"end":{"line":54,"column":16}},"28":{"start":{"line":56,"column":2},"end":{"line":56,"column":13}},"29":{"start":{"line":60,"column":13},"end":{"line":60,"column":64}},"30":{"start":{"line":62,"column":0},"end":{"line":64,"column":1}},"31":{"start":{"line":63,"column":2},"end":{"line":63,"column":30}},"32":{"start":{"line":66,"column":0},"end":{"line":69,"column":1}},"33":{"start":{"line":67,"column":16},"end":{"line":67,"column":36}},"34":{"start":{"line":68,"column":2},"end":{"line":68,"column":33}},"35":{"start":{"line":71,"column":0},"end":{"line":79,"column":1}},"36":{"start":{"line":72,"column":2},"end":{"line":78,"column":5}},"37":{"start":{"line":73,"column":4},"end":{"line":77,"column":7}},"38":{"start":{"line":74,"column":6},"end":{"line":74,"column":24}},"39":{"start":{"line":74,"column":14},"end":{"line":74,"column":24}},"40":{"start":{"line":75,"column":6},"end":{"line":75,"column":30}},"41":{"start":{"line":76,"column":6},"end":{"line":76,"column":29}},"42":{"start":{"line":81,"column":0},"end":{"line":86,"column":1}},"43":{"start":{"line":82,"column":2},"end":{"line":85,"column":5}},"44":{"start":{"line":83,"column":4},"end":{"line":83,"column":22}},"45":{"start":{"line":83,"column":12},"end":{"line":83,"column":22}},"46":{"start":{"line":84,"column":4},"end":{"line":84,"column":28}}},"fnMap":{"0":{"name":"(anonymous_0)","decl":{"start":{"line":24,"column":36},"end":{"line":24,"column":37}},"loc":{"start":{"line":24,"column":61},"end":{"line":35,"column":1}},"line":24},"1":{"name":"(anonymous_1)","decl":{"start":{"line":37,"column":33},"end":{"line":37,"column":34}},"loc":{"start":{"line":37,"column":55},"end":{"line":48,"column":1}},"line":37},"2":{"name":"(anonymous_2)","decl":{"start":{"line":50,"column":33},"end":{"line":50,"column":34}},"loc":{"start":{"line":50,"column":81},"end":{"line":57,"column":1}},"line":50},"3":{"name":"(anonymous_3)","decl":{"start":{"line":62,"column":29},"end":{"line":62,"column":30}},"loc":{"start":{"line":62,"column":52},"end":{"line":64,"column":1}},"line":62},"4":{"name":"(anonymous_4)","decl":{"start":{"line":66,"column":35},"end":{"line":66,"column":36}},"loc":{"start":{"line":66,"column":64},"end":{"line":69,"column":1}},"line":66},"5":{"name":"(anonymous_5)","decl":{"start":{"line":71,"column":25},"end":{"line":71,"column":26}},"loc":{"start":{"line":71,"column":53},"end":{"line":79,"column":1}},"line":71},"6":{"name":"(anonymous_6)","decl":{"start":{"line":72,"column":21},"end":{"line":72,"column":22}},"loc":{"start":{"line":72,"column":36},"end":{"line":78,"column":3}},"line":72},"7":{"name":"(anonymous_7)","decl":{"start":{"line":73,"column":48},"end":{"line":73,"column":49}},"loc":{"start":{"line":73,"column":63},"end":{"line":77,"column":5}},"line":73},"8":{"name":"(anonymous_8)","decl":{"start":{"line":81,"column":33},"end":{"line":81,"column":34}},"loc":{"start":{"line":81,"column":77},"end":{"line":86,"column":1}},"line":81},"9":{"name":"(anonymous_9)","decl":{"start":{"line":82,"column":42},"end":{"line":82,"column":43}},"loc":{"start":{"line":82,"column":60},"end":{"line":85,"column":3}},"line":82}},"branchMap":{"0":{"loc":{"start":{"line":25,"column":2},"end":{"line":25,"column":60}},"type":"if","locations":[{"start":{"line":25,"column":2},"end":{"line":25,"column":60}},{"start":{},"end":{}}],"line":25},"1":{"loc":{"start":{"line":28,"column":4},"end":{"line":28,"column":25}},"type":"if","locations":[{"start":{"line":28,"column":4},"end":{"line":28,"column":25}},{"start":{},"end":{}}],"line":28},"2":{"loc":{"start":{"line":38,"column":2},"end":{"line":38,"column":55}},"type":"if","locations":[{"start":{"line":38,"column":2},"end":{"line":38,"column":55}},{"start":{},"end":{}}],"line":38},"3":{"loc":{"start":{"line":41,"column":4},"end":{"line":41,"column":27}},"type":"if","locations":[{"start":{"line":41,"column":4},"end":{"line":41,"column":27}},{"start":{},"end":{}}],"line":41},"4":{"loc":{"start":{"line":51,"column":2},"end":{"line":55,"column":3}},"type":"if","locations":[{"start":{"line":51,"column":2},"end":{"line":55,"column":3}},{"start":{},"end":{}}],"line":51},"5":{"loc":{"start":{"line":51,"column":6},"end":{"line":51,"column":47}},"type":"binary-expr","locations":[{"start":{"line":51,"column":6},"end":{"line":51,"column":11}},{"start":{"line":51,"column":15},"end":{"line":51,"column":21}},{"start":{"line":51,"column":25},"end":{"line":51,"column":34}},{"start":{"line":51,"column":38},"end":{"line":51,"column":47}}],"line":51},"6":{"loc":{"start":{"line":74,"column":6},"end":{"line":74,"column":24}},"type":"if","locations":[{"start":{"line":74,"column":6},"end":{"line":74,"column":24}},{"start":{},"end":{}}],"line":74},"7":{"loc":{"start":{"line":83,"column":4},"end":{"line":83,"column":22}},"type":"if","locations":[{"start":{"line":83,"column":4},"end":{"line":83,"column":22}},{"start":{},"end":{}}],"line":83}},"s":{"0":1,"1":1,"2":1,"3":1,"4":1,"5":0,"6":0,"7":0,"8":0,"9":0,"10":0,"11":0,"12":0,"13":0,"14":1,"15":0,"16":0,"17":0,"18":0,"19":0,"20":0,"21":0,"22":0,"23":0,"24":1,"25":0,"26":0,"27":0,"28":0,"29":1,"30":1,"31":0,"32":1,"33":0,"34":0,"35":1,"36":0,"37":0,"38":0,"39":0,"40":0,"41":0,"42":1,"43":1,"44":1,"45":0,"46":1},"f":{"0":0,"1":0,"2":0,"3":0,"4":0,"5":0,"6":0,"7":0,"8":1,"9":1},"b":{"0":[0,0],"1":[0,0],"2":[0,0],"3":[0,0],"4":[0,0],"5":[0,0,0,0],"6":[0,0],"7":[0,1]},"_coverageSchema":"1a1c01bbd47fc00a2c39e90264f33305004495a9","hash":"2c6024f6f5010642c7ec9f98a42fc4bbc719fa39"}
,"/home/usuario/InfoSport/api/routes/sports.js": {"path":"/home/usuario/InfoSport/api/routes/sports.js","statementMap":{"0":{"start":{"line":4,"column":16},"end":{"line":4,"column":34}},"1":{"start":{"line":5,"column":15},"end":{"line":5,"column":31}},"2":{"start":{"line":8,"column":0},"end":{"line":44,"column":5}},"3":{"start":{"line":9,"column":15},"end":{"line":9,"column":31}},"4":{"start":{"line":11,"column":18},"end":{"line":21,"column":3}},"5":{"start":{"line":23,"column":15},"end":{"line":42,"column":6}},"6":{"start":{"line":24,"column":19},"end":{"line":24,"column":21}},"7":{"start":{"line":26,"column":4},"end":{"line":28,"column":7}},"8":{"start":{"line":27,"column":6},"end":{"line":27,"column":25}},"9":{"start":{"line":30,"column":4},"end":{"line":41,"column":9}},"10":{"start":{"line":31,"column":19},"end":{"line":31,"column":40}},"11":{"start":{"line":32,"column":27},"end":{"line":32,"column":54}},"12":{"start":{"line":33,"column":20},"end":{"line":39,"column":8}},"13":{"start":{"line":34,"column":8},"end":{"line":36,"column":9}},"14":{"start":{"line":35,"column":10},"end":{"line":35,"column":24}},"15":{"start":{"line":38,"column":10},"end":{"line":38,"column":115}},"16":{"start":{"line":40,"column":8},"end":{"line":40,"column":24}},"17":{"start":{"line":43,"column":2},"end":{"line":43,"column":13}},"18":{"start":{"line":48,"column":0},"end":{"line":84,"column":3}},"19":{"start":{"line":49,"column":15},"end":{"line":49,"column":31}},"20":{"start":{"line":50,"column":18},"end":{"line":60,"column":3}},"21":{"start":{"line":62,"column":15},"end":{"line":82,"column":4}},"22":{"start":{"line":63,"column":19},"end":{"line":63,"column":21}},"23":{"start":{"line":65,"column":4},"end":{"line":67,"column":7}},"24":{"start":{"line":66,"column":6},"end":{"line":66,"column":25}},"25":{"start":{"line":69,"column":4},"end":{"line":80,"column":7}},"26":{"start":{"line":70,"column":19},"end":{"line":70,"column":40}},"27":{"start":{"line":71,"column":25},"end":{"line":71,"column":52}},"28":{"start":{"line":72,"column":6},"end":{"line":79,"column":7}},"29":{"start":{"line":73,"column":8},"end":{"line":73,"column":81}},"30":{"start":{"line":75,"column":22},"end":{"line":77,"column":10}},"31":{"start":{"line":76,"column":10},"end":{"line":76,"column":111}},"32":{"start":{"line":78,"column":8},"end":{"line":78,"column":24}},"33":{"start":{"line":83,"column":0},"end":{"line":83,"column":11}},"34":{"start":{"line":87,"column":0},"end":{"line":122,"column":3}},"35":{"start":{"line":88,"column":15},"end":{"line":88,"column":31}},"36":{"start":{"line":89,"column":18},"end":{"line":99,"column":3}},"37":{"start":{"line":100,"column":15},"end":{"line":120,"column":4}},"38":{"start":{"line":101,"column":19},"end":{"line":101,"column":21}},"39":{"start":{"line":103,"column":4},"end":{"line":105,"column":7}},"40":{"start":{"line":104,"column":6},"end":{"line":104,"column":25}},"41":{"start":{"line":107,"column":4},"end":{"line":118,"column":7}},"42":{"start":{"line":108,"column":19},"end":{"line":108,"column":40}},"43":{"start":{"line":109,"column":25},"end":{"line":109,"column":52}},"44":{"start":{"line":110,"column":6},"end":{"line":117,"column":7}},"45":{"start":{"line":111,"column":8},"end":{"line":111,"column":81}},"46":{"start":{"line":113,"column":22},"end":{"line":115,"column":10}},"47":{"start":{"line":114,"column":10},"end":{"line":114,"column":111}},"48":{"start":{"line":116,"column":8},"end":{"line":116,"column":24}},"49":{"start":{"line":121,"column":0},"end":{"line":121,"column":11}},"50":{"start":{"line":125,"column":0},"end":{"line":160,"column":3}},"51":{"start":{"line":126,"column":15},"end":{"line":126,"column":31}},"52":{"start":{"line":127,"column":18},"end":{"line":137,"column":3}},"53":{"start":{"line":138,"column":15},"end":{"line":158,"column":4}},"54":{"start":{"line":139,"column":19},"end":{"line":139,"column":21}},"55":{"start":{"line":141,"column":4},"end":{"line":143,"column":7}},"56":{"start":{"line":142,"column":6},"end":{"line":142,"column":25}},"57":{"start":{"line":145,"column":4},"end":{"line":156,"column":7}},"58":{"start":{"line":146,"column":19},"end":{"line":146,"column":40}},"59":{"start":{"line":147,"column":25},"end":{"line":147,"column":52}},"60":{"start":{"line":148,"column":6},"end":{"line":155,"column":7}},"61":{"start":{"line":149,"column":8},"end":{"line":149,"column":81}},"62":{"start":{"line":151,"column":22},"end":{"line":153,"column":10}},"63":{"start":{"line":152,"column":10},"end":{"line":152,"column":111}},"64":{"start":{"line":154,"column":8},"end":{"line":154,"column":24}},"65":{"start":{"line":159,"column":0},"end":{"line":159,"column":11}},"66":{"start":{"line":162,"column":0},"end":{"line":198,"column":3}},"67":{"start":{"line":163,"column":15},"end":{"line":163,"column":31}},"68":{"start":{"line":164,"column":18},"end":{"line":174,"column":3}},"69":{"start":{"line":176,"column":15},"end":{"line":196,"column":4}},"70":{"start":{"line":177,"column":19},"end":{"line":177,"column":21}},"71":{"start":{"line":179,"column":4},"end":{"line":181,"column":7}},"72":{"start":{"line":180,"column":6},"end":{"line":180,"column":25}},"73":{"start":{"line":183,"column":4},"end":{"line":194,"column":7}},"74":{"start":{"line":184,"column":19},"end":{"line":184,"column":40}},"75":{"start":{"line":185,"column":25},"end":{"line":185,"column":52}},"76":{"start":{"line":186,"column":6},"end":{"line":193,"column":7}},"77":{"start":{"line":187,"column":8},"end":{"line":187,"column":81}},"78":{"start":{"line":189,"column":22},"end":{"line":191,"column":10}},"79":{"start":{"line":190,"column":10},"end":{"line":190,"column":111}},"80":{"start":{"line":192,"column":8},"end":{"line":192,"column":24}},"81":{"start":{"line":197,"column":0},"end":{"line":197,"column":11}},"82":{"start":{"line":200,"column":0},"end":{"line":236,"column":3}},"83":{"start":{"line":201,"column":15},"end":{"line":201,"column":31}},"84":{"start":{"line":202,"column":18},"end":{"line":212,"column":3}},"85":{"start":{"line":214,"column":15},"end":{"line":234,"column":4}},"86":{"start":{"line":215,"column":19},"end":{"line":215,"column":21}},"87":{"start":{"line":217,"column":4},"end":{"line":219,"column":7}},"88":{"start":{"line":218,"column":6},"end":{"line":218,"column":25}},"89":{"start":{"line":221,"column":4},"end":{"line":232,"column":7}},"90":{"start":{"line":222,"column":19},"end":{"line":222,"column":40}},"91":{"start":{"line":223,"column":25},"end":{"line":223,"column":52}},"92":{"start":{"line":224,"column":6},"end":{"line":231,"column":7}},"93":{"start":{"line":225,"column":8},"end":{"line":225,"column":81}},"94":{"start":{"line":227,"column":22},"end":{"line":229,"column":10}},"95":{"start":{"line":228,"column":10},"end":{"line":228,"column":111}},"96":{"start":{"line":230,"column":8},"end":{"line":230,"column":24}},"97":{"start":{"line":235,"column":0},"end":{"line":235,"column":11}},"98":{"start":{"line":239,"column":0},"end":{"line":277,"column":3}},"99":{"start":{"line":240,"column":15},"end":{"line":240,"column":31}},"100":{"start":{"line":242,"column":18},"end":{"line":252,"column":3}},"101":{"start":{"line":253,"column":15},"end":{"line":275,"column":4}},"102":{"start":{"line":254,"column":19},"end":{"line":254,"column":21}},"103":{"start":{"line":256,"column":4},"end":{"line":258,"column":7}},"104":{"start":{"line":257,"column":6},"end":{"line":257,"column":25}},"105":{"start":{"line":260,"column":4},"end":{"line":274,"column":7}},"106":{"start":{"line":261,"column":19},"end":{"line":261,"column":40}},"107":{"start":{"line":262,"column":25},"end":{"line":262,"column":52}},"108":{"start":{"line":263,"column":20},"end":{"line":272,"column":8}},"109":{"start":{"line":264,"column":8},"end":{"line":266,"column":9}},"110":{"start":{"line":265,"column":10},"end":{"line":265,"column":83}},"111":{"start":{"line":267,"column":8},"end":{"line":269,"column":9}},"112":{"start":{"line":268,"column":10},"end":{"line":268,"column":22}},"113":{"start":{"line":271,"column":8},"end":{"line":271,"column":168}},"114":{"start":{"line":273,"column":4},"end":{"line":273,"column":20}},"115":{"start":{"line":276,"column":2},"end":{"line":276,"column":13}},"116":{"start":{"line":279,"column":0},"end":{"line":314,"column":3}},"117":{"start":{"line":280,"column":15},"end":{"line":280,"column":31}},"118":{"start":{"line":282,"column":18},"end":{"line":292,"column":3}},"119":{"start":{"line":293,"column":15},"end":{"line":312,"column":4}},"120":{"start":{"line":294,"column":19},"end":{"line":294,"column":21}},"121":{"start":{"line":296,"column":4},"end":{"line":298,"column":7}},"122":{"start":{"line":297,"column":6},"end":{"line":297,"column":25}},"123":{"start":{"line":300,"column":4},"end":{"line":311,"column":7}},"124":{"start":{"line":301,"column":19},"end":{"line":301,"column":40}},"125":{"start":{"line":302,"column":25},"end":{"line":302,"column":52}},"126":{"start":{"line":303,"column":20},"end":{"line":309,"column":8}},"127":{"start":{"line":304,"column":8},"end":{"line":306,"column":9}},"128":{"start":{"line":305,"column":10},"end":{"line":305,"column":22}},"129":{"start":{"line":308,"column":8},"end":{"line":308,"column":168}},"130":{"start":{"line":310,"column":6},"end":{"line":310,"column":22}},"131":{"start":{"line":313,"column":2},"end":{"line":313,"column":13}},"132":{"start":{"line":316,"column":0},"end":{"line":354,"column":3}},"133":{"start":{"line":317,"column":15},"end":{"line":317,"column":31}},"134":{"start":{"line":319,"column":18},"end":{"line":329,"column":3}},"135":{"start":{"line":330,"column":15},"end":{"line":352,"column":4}},"136":{"start":{"line":331,"column":19},"end":{"line":331,"column":21}},"137":{"start":{"line":333,"column":4},"end":{"line":335,"column":7}},"138":{"start":{"line":334,"column":6},"end":{"line":334,"column":25}},"139":{"start":{"line":337,"column":4},"end":{"line":351,"column":7}},"140":{"start":{"line":338,"column":19},"end":{"line":338,"column":40}},"141":{"start":{"line":339,"column":25},"end":{"line":339,"column":52}},"142":{"start":{"line":340,"column":20},"end":{"line":349,"column":8}},"143":{"start":{"line":341,"column":8},"end":{"line":343,"column":9}},"144":{"start":{"line":342,"column":10},"end":{"line":342,"column":83}},"145":{"start":{"line":344,"column":8},"end":{"line":346,"column":9}},"146":{"start":{"line":345,"column":10},"end":{"line":345,"column":22}},"147":{"start":{"line":348,"column":8},"end":{"line":348,"column":168}},"148":{"start":{"line":350,"column":4},"end":{"line":350,"column":20}},"149":{"start":{"line":353,"column":2},"end":{"line":353,"column":13}},"150":{"start":{"line":356,"column":0},"end":{"line":394,"column":3}},"151":{"start":{"line":357,"column":15},"end":{"line":357,"column":31}},"152":{"start":{"line":359,"column":18},"end":{"line":369,"column":3}},"153":{"start":{"line":370,"column":15},"end":{"line":392,"column":4}},"154":{"start":{"line":371,"column":19},"end":{"line":371,"column":21}},"155":{"start":{"line":373,"column":4},"end":{"line":375,"column":7}},"156":{"start":{"line":374,"column":6},"end":{"line":374,"column":25}},"157":{"start":{"line":377,"column":4},"end":{"line":391,"column":7}},"158":{"start":{"line":378,"column":19},"end":{"line":378,"column":40}},"159":{"start":{"line":379,"column":25},"end":{"line":379,"column":52}},"160":{"start":{"line":380,"column":20},"end":{"line":389,"column":8}},"161":{"start":{"line":381,"column":8},"end":{"line":383,"column":9}},"162":{"start":{"line":382,"column":10},"end":{"line":382,"column":83}},"163":{"start":{"line":384,"column":8},"end":{"line":386,"column":9}},"164":{"start":{"line":385,"column":10},"end":{"line":385,"column":22}},"165":{"start":{"line":388,"column":8},"end":{"line":388,"column":168}},"166":{"start":{"line":390,"column":4},"end":{"line":390,"column":20}},"167":{"start":{"line":393,"column":2},"end":{"line":393,"column":13}},"168":{"start":{"line":396,"column":0},"end":{"line":434,"column":3}},"169":{"start":{"line":397,"column":15},"end":{"line":397,"column":31}},"170":{"start":{"line":399,"column":18},"end":{"line":409,"column":3}},"171":{"start":{"line":410,"column":15},"end":{"line":432,"column":4}},"172":{"start":{"line":411,"column":19},"end":{"line":411,"column":21}},"173":{"start":{"line":413,"column":4},"end":{"line":415,"column":7}},"174":{"start":{"line":414,"column":6},"end":{"line":414,"column":25}},"175":{"start":{"line":417,"column":4},"end":{"line":431,"column":7}},"176":{"start":{"line":418,"column":19},"end":{"line":418,"column":40}},"177":{"start":{"line":419,"column":25},"end":{"line":419,"column":52}},"178":{"start":{"line":420,"column":20},"end":{"line":429,"column":8}},"179":{"start":{"line":421,"column":8},"end":{"line":423,"column":9}},"180":{"start":{"line":422,"column":10},"end":{"line":422,"column":83}},"181":{"start":{"line":424,"column":8},"end":{"line":426,"column":9}},"182":{"start":{"line":425,"column":10},"end":{"line":425,"column":22}},"183":{"start":{"line":428,"column":8},"end":{"line":428,"column":168}},"184":{"start":{"line":430,"column":4},"end":{"line":430,"column":20}},"185":{"start":{"line":433,"column":2},"end":{"line":433,"column":13}},"186":{"start":{"line":440,"column":0},"end":{"line":476,"column":3}},"187":{"start":{"line":441,"column":15},"end":{"line":441,"column":31}},"188":{"start":{"line":443,"column":18},"end":{"line":453,"column":1}},"189":{"start":{"line":455,"column":13},"end":{"line":474,"column":4}},"190":{"start":{"line":456,"column":17},"end":{"line":456,"column":19}},"191":{"start":{"line":458,"column":2},"end":{"line":460,"column":5}},"192":{"start":{"line":459,"column":4},"end":{"line":459,"column":23}},"193":{"start":{"line":462,"column":2},"end":{"line":473,"column":7}},"194":{"start":{"line":463,"column":17},"end":{"line":463,"column":38}},"195":{"start":{"line":464,"column":25},"end":{"line":464,"column":52}},"196":{"start":{"line":465,"column":20},"end":{"line":471,"column":6}},"197":{"start":{"line":466,"column":6},"end":{"line":468,"column":7}},"198":{"start":{"line":467,"column":8},"end":{"line":467,"column":22}},"199":{"start":{"line":470,"column":6},"end":{"line":470,"column":125}},"200":{"start":{"line":472,"column":6},"end":{"line":472,"column":24}},"201":{"start":{"line":475,"column":0},"end":{"line":475,"column":11}},"202":{"start":{"line":481,"column":0},"end":{"line":514,"column":3}},"203":{"start":{"line":482,"column":15},"end":{"line":482,"column":31}},"204":{"start":{"line":484,"column":16},"end":{"line":494,"column":1}},"205":{"start":{"line":496,"column":13},"end":{"line":512,"column":4}},"206":{"start":{"line":497,"column":17},"end":{"line":497,"column":19}},"207":{"start":{"line":499,"column":2},"end":{"line":501,"column":5}},"208":{"start":{"line":500,"column":4},"end":{"line":500,"column":23}},"209":{"start":{"line":503,"column":2},"end":{"line":511,"column":7}},"210":{"start":{"line":504,"column":17},"end":{"line":504,"column":38}},"211":{"start":{"line":505,"column":25},"end":{"line":505,"column":52}},"212":{"start":{"line":506,"column":18},"end":{"line":508,"column":6}},"213":{"start":{"line":507,"column":8},"end":{"line":507,"column":102}},"214":{"start":{"line":510,"column":6},"end":{"line":510,"column":22}},"215":{"start":{"line":513,"column":0},"end":{"line":513,"column":11}},"216":{"start":{"line":517,"column":0},"end":{"line":550,"column":3}},"217":{"start":{"line":518,"column":15},"end":{"line":518,"column":31}},"218":{"start":{"line":520,"column":18},"end":{"line":530,"column":3}},"219":{"start":{"line":532,"column":15},"end":{"line":548,"column":6}},"220":{"start":{"line":533,"column":19},"end":{"line":533,"column":21}},"221":{"start":{"line":535,"column":4},"end":{"line":537,"column":7}},"222":{"start":{"line":536,"column":6},"end":{"line":536,"column":25}},"223":{"start":{"line":539,"column":4},"end":{"line":547,"column":9}},"224":{"start":{"line":540,"column":19},"end":{"line":540,"column":40}},"225":{"start":{"line":541,"column":27},"end":{"line":541,"column":54}},"226":{"start":{"line":542,"column":20},"end":{"line":544,"column":8}},"227":{"start":{"line":543,"column":10},"end":{"line":543,"column":104}},"228":{"start":{"line":546,"column":8},"end":{"line":546,"column":24}},"229":{"start":{"line":549,"column":2},"end":{"line":549,"column":13}},"230":{"start":{"line":553,"column":0},"end":{"line":586,"column":3}},"231":{"start":{"line":554,"column":15},"end":{"line":554,"column":31}},"232":{"start":{"line":556,"column":18},"end":{"line":566,"column":3}},"233":{"start":{"line":568,"column":15},"end":{"line":584,"column":6}},"234":{"start":{"line":569,"column":19},"end":{"line":569,"column":21}},"235":{"start":{"line":571,"column":4},"end":{"line":573,"column":7}},"236":{"start":{"line":572,"column":6},"end":{"line":572,"column":25}},"237":{"start":{"line":575,"column":4},"end":{"line":583,"column":9}},"238":{"start":{"line":576,"column":19},"end":{"line":576,"column":40}},"239":{"start":{"line":577,"column":27},"end":{"line":577,"column":54}},"240":{"start":{"line":578,"column":20},"end":{"line":580,"column":8}},"241":{"start":{"line":579,"column":10},"end":{"line":579,"column":104}},"242":{"start":{"line":582,"column":8},"end":{"line":582,"column":24}},"243":{"start":{"line":585,"column":2},"end":{"line":585,"column":13}},"244":{"start":{"line":589,"column":0},"end":{"line":622,"column":3}},"245":{"start":{"line":590,"column":15},"end":{"line":590,"column":31}},"246":{"start":{"line":592,"column":18},"end":{"line":602,"column":3}},"247":{"start":{"line":604,"column":15},"end":{"line":620,"column":6}},"248":{"start":{"line":605,"column":19},"end":{"line":605,"column":21}},"249":{"start":{"line":607,"column":4},"end":{"line":609,"column":7}},"250":{"start":{"line":608,"column":6},"end":{"line":608,"column":25}},"251":{"start":{"line":611,"column":4},"end":{"line":619,"column":9}},"252":{"start":{"line":612,"column":19},"end":{"line":612,"column":40}},"253":{"start":{"line":613,"column":27},"end":{"line":613,"column":54}},"254":{"start":{"line":614,"column":20},"end":{"line":616,"column":8}},"255":{"start":{"line":615,"column":10},"end":{"line":615,"column":104}},"256":{"start":{"line":618,"column":8},"end":{"line":618,"column":24}},"257":{"start":{"line":621,"column":2},"end":{"line":621,"column":13}},"258":{"start":{"line":624,"column":0},"end":{"line":657,"column":3}},"259":{"start":{"line":625,"column":15},"end":{"line":625,"column":31}},"260":{"start":{"line":627,"column":18},"end":{"line":637,"column":3}},"261":{"start":{"line":639,"column":15},"end":{"line":655,"column":6}},"262":{"start":{"line":640,"column":19},"end":{"line":640,"column":21}},"263":{"start":{"line":642,"column":4},"end":{"line":644,"column":7}},"264":{"start":{"line":643,"column":6},"end":{"line":643,"column":25}},"265":{"start":{"line":646,"column":4},"end":{"line":654,"column":9}},"266":{"start":{"line":647,"column":19},"end":{"line":647,"column":40}},"267":{"start":{"line":648,"column":27},"end":{"line":648,"column":54}},"268":{"start":{"line":649,"column":20},"end":{"line":651,"column":8}},"269":{"start":{"line":650,"column":10},"end":{"line":650,"column":104}},"270":{"start":{"line":653,"column":8},"end":{"line":653,"column":24}},"271":{"start":{"line":656,"column":2},"end":{"line":656,"column":13}},"272":{"start":{"line":660,"column":0},"end":{"line":694,"column":3}},"273":{"start":{"line":661,"column":15},"end":{"line":661,"column":31}},"274":{"start":{"line":663,"column":16},"end":{"line":673,"column":1}},"275":{"start":{"line":675,"column":13},"end":{"line":691,"column":4}},"276":{"start":{"line":676,"column":16},"end":{"line":676,"column":18}},"277":{"start":{"line":678,"column":1},"end":{"line":680,"column":4}},"278":{"start":{"line":679,"column":2},"end":{"line":679,"column":21}},"279":{"start":{"line":682,"column":1},"end":{"line":690,"column":7}},"280":{"start":{"line":683,"column":17},"end":{"line":683,"column":38}},"281":{"start":{"line":684,"column":25},"end":{"line":684,"column":52}},"282":{"start":{"line":685,"column":18},"end":{"line":687,"column":6}},"283":{"start":{"line":686,"column":6},"end":{"line":686,"column":174}},"284":{"start":{"line":689,"column":6},"end":{"line":689,"column":22}},"285":{"start":{"line":693,"column":0},"end":{"line":693,"column":11}},"286":{"start":{"line":696,"column":0},"end":{"line":730,"column":3}},"287":{"start":{"line":697,"column":15},"end":{"line":697,"column":31}},"288":{"start":{"line":699,"column":16},"end":{"line":709,"column":1}},"289":{"start":{"line":711,"column":13},"end":{"line":727,"column":4}},"290":{"start":{"line":712,"column":16},"end":{"line":712,"column":18}},"291":{"start":{"line":714,"column":1},"end":{"line":716,"column":4}},"292":{"start":{"line":715,"column":2},"end":{"line":715,"column":21}},"293":{"start":{"line":718,"column":1},"end":{"line":726,"column":7}},"294":{"start":{"line":719,"column":17},"end":{"line":719,"column":38}},"295":{"start":{"line":720,"column":25},"end":{"line":720,"column":52}},"296":{"start":{"line":721,"column":18},"end":{"line":723,"column":6}},"297":{"start":{"line":722,"column":6},"end":{"line":722,"column":174}},"298":{"start":{"line":725,"column":6},"end":{"line":725,"column":22}},"299":{"start":{"line":729,"column":0},"end":{"line":729,"column":11}},"300":{"start":{"line":732,"column":0},"end":{"line":766,"column":3}},"301":{"start":{"line":733,"column":15},"end":{"line":733,"column":31}},"302":{"start":{"line":735,"column":16},"end":{"line":745,"column":1}},"303":{"start":{"line":747,"column":13},"end":{"line":763,"column":4}},"304":{"start":{"line":748,"column":16},"end":{"line":748,"column":18}},"305":{"start":{"line":750,"column":1},"end":{"line":752,"column":4}},"306":{"start":{"line":751,"column":2},"end":{"line":751,"column":21}},"307":{"start":{"line":754,"column":1},"end":{"line":762,"column":7}},"308":{"start":{"line":755,"column":17},"end":{"line":755,"column":38}},"309":{"start":{"line":756,"column":25},"end":{"line":756,"column":52}},"310":{"start":{"line":757,"column":18},"end":{"line":759,"column":6}},"311":{"start":{"line":758,"column":6},"end":{"line":758,"column":174}},"312":{"start":{"line":761,"column":6},"end":{"line":761,"column":22}},"313":{"start":{"line":765,"column":0},"end":{"line":765,"column":11}},"314":{"start":{"line":768,"column":0},"end":{"line":802,"column":3}},"315":{"start":{"line":769,"column":15},"end":{"line":769,"column":31}},"316":{"start":{"line":771,"column":16},"end":{"line":781,"column":1}},"317":{"start":{"line":783,"column":13},"end":{"line":799,"column":4}},"318":{"start":{"line":784,"column":16},"end":{"line":784,"column":18}},"319":{"start":{"line":786,"column":1},"end":{"line":788,"column":4}},"320":{"start":{"line":787,"column":2},"end":{"line":787,"column":21}},"321":{"start":{"line":790,"column":1},"end":{"line":798,"column":7}},"322":{"start":{"line":791,"column":17},"end":{"line":791,"column":38}},"323":{"start":{"line":792,"column":25},"end":{"line":792,"column":52}},"324":{"start":{"line":793,"column":18},"end":{"line":795,"column":6}},"325":{"start":{"line":794,"column":6},"end":{"line":794,"column":174}},"326":{"start":{"line":797,"column":6},"end":{"line":797,"column":22}},"327":{"start":{"line":801,"column":0},"end":{"line":801,"column":11}},"328":{"start":{"line":804,"column":0},"end":{"line":838,"column":3}},"329":{"start":{"line":805,"column":15},"end":{"line":805,"column":31}},"330":{"start":{"line":807,"column":16},"end":{"line":817,"column":1}},"331":{"start":{"line":819,"column":13},"end":{"line":835,"column":4}},"332":{"start":{"line":820,"column":16},"end":{"line":820,"column":18}},"333":{"start":{"line":822,"column":1},"end":{"line":824,"column":4}},"334":{"start":{"line":823,"column":2},"end":{"line":823,"column":21}},"335":{"start":{"line":826,"column":1},"end":{"line":834,"column":7}},"336":{"start":{"line":827,"column":17},"end":{"line":827,"column":38}},"337":{"start":{"line":828,"column":25},"end":{"line":828,"column":52}},"338":{"start":{"line":829,"column":18},"end":{"line":831,"column":6}},"339":{"start":{"line":830,"column":6},"end":{"line":830,"column":174}},"340":{"start":{"line":833,"column":6},"end":{"line":833,"column":22}},"341":{"start":{"line":837,"column":0},"end":{"line":837,"column":11}},"342":{"start":{"line":840,"column":0},"end":{"line":840,"column":24}}},"fnMap":{"0":{"name":"(anonymous_0)","decl":{"start":{"line":8,"column":22},"end":{"line":8,"column":23}},"loc":{"start":{"line":8,"column":36},"end":{"line":44,"column":3}},"line":8},"1":{"name":"(anonymous_1)","decl":{"start":{"line":23,"column":37},"end":{"line":23,"column":38}},"loc":{"start":{"line":23,"column":57},"end":{"line":42,"column":5}},"line":23},"2":{"name":"(anonymous_2)","decl":{"start":{"line":26,"column":24},"end":{"line":26,"column":25}},"loc":{"start":{"line":26,"column":41},"end":{"line":28,"column":5}},"line":26},"3":{"name":"(anonymous_3)","decl":{"start":{"line":30,"column":23},"end":{"line":30,"column":24}},"loc":{"start":{"line":30,"column":35},"end":{"line":41,"column":7}},"line":30},"4":{"name":"(anonymous_4)","decl":{"start":{"line":33,"column":49},"end":{"line":33,"column":50}},"loc":{"start":{"line":33,"column":61},"end":{"line":37,"column":7}},"line":33},"5":{"name":"(anonymous_5)","decl":{"start":{"line":37,"column":13},"end":{"line":37,"column":14}},"loc":{"start":{"line":37,"column":25},"end":{"line":39,"column":7}},"line":37},"6":{"name":"(anonymous_6)","decl":{"start":{"line":48,"column":26},"end":{"line":48,"column":27}},"loc":{"start":{"line":48,"column":40},"end":{"line":84,"column":1}},"line":48},"7":{"name":"(anonymous_7)","decl":{"start":{"line":62,"column":37},"end":{"line":62,"column":38}},"loc":{"start":{"line":62,"column":57},"end":{"line":82,"column":3}},"line":62},"8":{"name":"(anonymous_8)","decl":{"start":{"line":65,"column":24},"end":{"line":65,"column":25}},"loc":{"start":{"line":65,"column":41},"end":{"line":67,"column":5}},"line":65},"9":{"name":"(anonymous_9)","decl":{"start":{"line":69,"column":23},"end":{"line":69,"column":24}},"loc":{"start":{"line":69,"column":35},"end":{"line":80,"column":5}},"line":69},"10":{"name":"(anonymous_10)","decl":{"start":{"line":75,"column":49},"end":{"line":75,"column":50}},"loc":{"start":{"line":75,"column":59},"end":{"line":77,"column":9}},"line":75},"11":{"name":"(anonymous_11)","decl":{"start":{"line":87,"column":26},"end":{"line":87,"column":27}},"loc":{"start":{"line":87,"column":40},"end":{"line":122,"column":1}},"line":87},"12":{"name":"(anonymous_12)","decl":{"start":{"line":100,"column":37},"end":{"line":100,"column":38}},"loc":{"start":{"line":100,"column":57},"end":{"line":120,"column":3}},"line":100},"13":{"name":"(anonymous_13)","decl":{"start":{"line":103,"column":24},"end":{"line":103,"column":25}},"loc":{"start":{"line":103,"column":41},"end":{"line":105,"column":5}},"line":103},"14":{"name":"(anonymous_14)","decl":{"start":{"line":107,"column":23},"end":{"line":107,"column":24}},"loc":{"start":{"line":107,"column":35},"end":{"line":118,"column":5}},"line":107},"15":{"name":"(anonymous_15)","decl":{"start":{"line":113,"column":49},"end":{"line":113,"column":50}},"loc":{"start":{"line":113,"column":59},"end":{"line":115,"column":9}},"line":113},"16":{"name":"(anonymous_16)","decl":{"start":{"line":125,"column":33},"end":{"line":125,"column":34}},"loc":{"start":{"line":125,"column":47},"end":{"line":160,"column":1}},"line":125},"17":{"name":"(anonymous_17)","decl":{"start":{"line":138,"column":37},"end":{"line":138,"column":38}},"loc":{"start":{"line":138,"column":57},"end":{"line":158,"column":3}},"line":138},"18":{"name":"(anonymous_18)","decl":{"start":{"line":141,"column":24},"end":{"line":141,"column":25}},"loc":{"start":{"line":141,"column":41},"end":{"line":143,"column":5}},"line":141},"19":{"name":"(anonymous_19)","decl":{"start":{"line":145,"column":23},"end":{"line":145,"column":24}},"loc":{"start":{"line":145,"column":35},"end":{"line":156,"column":5}},"line":145},"20":{"name":"(anonymous_20)","decl":{"start":{"line":151,"column":49},"end":{"line":151,"column":50}},"loc":{"start":{"line":151,"column":59},"end":{"line":153,"column":9}},"line":151},"21":{"name":"(anonymous_21)","decl":{"start":{"line":162,"column":28},"end":{"line":162,"column":29}},"loc":{"start":{"line":162,"column":42},"end":{"line":198,"column":1}},"line":162},"22":{"name":"(anonymous_22)","decl":{"start":{"line":176,"column":37},"end":{"line":176,"column":38}},"loc":{"start":{"line":176,"column":57},"end":{"line":196,"column":3}},"line":176},"23":{"name":"(anonymous_23)","decl":{"start":{"line":179,"column":24},"end":{"line":179,"column":25}},"loc":{"start":{"line":179,"column":41},"end":{"line":181,"column":5}},"line":179},"24":{"name":"(anonymous_24)","decl":{"start":{"line":183,"column":23},"end":{"line":183,"column":24}},"loc":{"start":{"line":183,"column":35},"end":{"line":194,"column":5}},"line":183},"25":{"name":"(anonymous_25)","decl":{"start":{"line":189,"column":49},"end":{"line":189,"column":50}},"loc":{"start":{"line":189,"column":59},"end":{"line":191,"column":9}},"line":189},"26":{"name":"(anonymous_26)","decl":{"start":{"line":200,"column":32},"end":{"line":200,"column":33}},"loc":{"start":{"line":200,"column":46},"end":{"line":236,"column":1}},"line":200},"27":{"name":"(anonymous_27)","decl":{"start":{"line":214,"column":37},"end":{"line":214,"column":38}},"loc":{"start":{"line":214,"column":57},"end":{"line":234,"column":3}},"line":214},"28":{"name":"(anonymous_28)","decl":{"start":{"line":217,"column":24},"end":{"line":217,"column":25}},"loc":{"start":{"line":217,"column":41},"end":{"line":219,"column":5}},"line":217},"29":{"name":"(anonymous_29)","decl":{"start":{"line":221,"column":23},"end":{"line":221,"column":24}},"loc":{"start":{"line":221,"column":35},"end":{"line":232,"column":5}},"line":221},"30":{"name":"(anonymous_30)","decl":{"start":{"line":227,"column":49},"end":{"line":227,"column":50}},"loc":{"start":{"line":227,"column":59},"end":{"line":229,"column":9}},"line":227},"31":{"name":"(anonymous_31)","decl":{"start":{"line":239,"column":32},"end":{"line":239,"column":33}},"loc":{"start":{"line":239,"column":46},"end":{"line":277,"column":1}},"line":239},"32":{"name":"(anonymous_32)","decl":{"start":{"line":253,"column":37},"end":{"line":253,"column":38}},"loc":{"start":{"line":253,"column":57},"end":{"line":275,"column":3}},"line":253},"33":{"name":"(anonymous_33)","decl":{"start":{"line":256,"column":24},"end":{"line":256,"column":25}},"loc":{"start":{"line":256,"column":41},"end":{"line":258,"column":5}},"line":256},"34":{"name":"(anonymous_34)","decl":{"start":{"line":260,"column":23},"end":{"line":260,"column":24}},"loc":{"start":{"line":260,"column":35},"end":{"line":274,"column":5}},"line":260},"35":{"name":"(anonymous_35)","decl":{"start":{"line":263,"column":47},"end":{"line":263,"column":48}},"loc":{"start":{"line":263,"column":57},"end":{"line":270,"column":7}},"line":263},"36":{"name":"(anonymous_36)","decl":{"start":{"line":270,"column":13},"end":{"line":270,"column":14}},"loc":{"start":{"line":270,"column":23},"end":{"line":272,"column":7}},"line":270},"37":{"name":"(anonymous_37)","decl":{"start":{"line":279,"column":32},"end":{"line":279,"column":33}},"loc":{"start":{"line":279,"column":46},"end":{"line":314,"column":1}},"line":279},"38":{"name":"(anonymous_38)","decl":{"start":{"line":293,"column":37},"end":{"line":293,"column":38}},"loc":{"start":{"line":293,"column":57},"end":{"line":312,"column":3}},"line":293},"39":{"name":"(anonymous_39)","decl":{"start":{"line":296,"column":24},"end":{"line":296,"column":25}},"loc":{"start":{"line":296,"column":41},"end":{"line":298,"column":5}},"line":296},"40":{"name":"(anonymous_40)","decl":{"start":{"line":300,"column":23},"end":{"line":300,"column":24}},"loc":{"start":{"line":300,"column":35},"end":{"line":311,"column":5}},"line":300},"41":{"name":"(anonymous_41)","decl":{"start":{"line":303,"column":47},"end":{"line":303,"column":48}},"loc":{"start":{"line":303,"column":57},"end":{"line":307,"column":7}},"line":303},"42":{"name":"(anonymous_42)","decl":{"start":{"line":307,"column":13},"end":{"line":307,"column":14}},"loc":{"start":{"line":307,"column":23},"end":{"line":309,"column":7}},"line":307},"43":{"name":"(anonymous_43)","decl":{"start":{"line":316,"column":39},"end":{"line":316,"column":40}},"loc":{"start":{"line":316,"column":53},"end":{"line":354,"column":1}},"line":316},"44":{"name":"(anonymous_44)","decl":{"start":{"line":330,"column":37},"end":{"line":330,"column":38}},"loc":{"start":{"line":330,"column":57},"end":{"line":352,"column":3}},"line":330},"45":{"name":"(anonymous_45)","decl":{"start":{"line":333,"column":24},"end":{"line":333,"column":25}},"loc":{"start":{"line":333,"column":41},"end":{"line":335,"column":5}},"line":333},"46":{"name":"(anonymous_46)","decl":{"start":{"line":337,"column":23},"end":{"line":337,"column":24}},"loc":{"start":{"line":337,"column":35},"end":{"line":351,"column":5}},"line":337},"47":{"name":"(anonymous_47)","decl":{"start":{"line":340,"column":47},"end":{"line":340,"column":48}},"loc":{"start":{"line":340,"column":57},"end":{"line":347,"column":7}},"line":340},"48":{"name":"(anonymous_48)","decl":{"start":{"line":347,"column":13},"end":{"line":347,"column":14}},"loc":{"start":{"line":347,"column":23},"end":{"line":349,"column":7}},"line":347},"49":{"name":"(anonymous_49)","decl":{"start":{"line":356,"column":34},"end":{"line":356,"column":35}},"loc":{"start":{"line":356,"column":48},"end":{"line":394,"column":1}},"line":356},"50":{"name":"(anonymous_50)","decl":{"start":{"line":370,"column":37},"end":{"line":370,"column":38}},"loc":{"start":{"line":370,"column":57},"end":{"line":392,"column":3}},"line":370},"51":{"name":"(anonymous_51)","decl":{"start":{"line":373,"column":24},"end":{"line":373,"column":25}},"loc":{"start":{"line":373,"column":41},"end":{"line":375,"column":5}},"line":373},"52":{"name":"(anonymous_52)","decl":{"start":{"line":377,"column":23},"end":{"line":377,"column":24}},"loc":{"start":{"line":377,"column":35},"end":{"line":391,"column":5}},"line":377},"53":{"name":"(anonymous_53)","decl":{"start":{"line":380,"column":47},"end":{"line":380,"column":48}},"loc":{"start":{"line":380,"column":57},"end":{"line":387,"column":7}},"line":380},"54":{"name":"(anonymous_54)","decl":{"start":{"line":387,"column":13},"end":{"line":387,"column":14}},"loc":{"start":{"line":387,"column":23},"end":{"line":389,"column":7}},"line":387},"55":{"name":"(anonymous_55)","decl":{"start":{"line":396,"column":38},"end":{"line":396,"column":39}},"loc":{"start":{"line":396,"column":52},"end":{"line":434,"column":1}},"line":396},"56":{"name":"(anonymous_56)","decl":{"start":{"line":410,"column":37},"end":{"line":410,"column":38}},"loc":{"start":{"line":410,"column":57},"end":{"line":432,"column":3}},"line":410},"57":{"name":"(anonymous_57)","decl":{"start":{"line":413,"column":24},"end":{"line":413,"column":25}},"loc":{"start":{"line":413,"column":41},"end":{"line":415,"column":5}},"line":413},"58":{"name":"(anonymous_58)","decl":{"start":{"line":417,"column":23},"end":{"line":417,"column":24}},"loc":{"start":{"line":417,"column":35},"end":{"line":431,"column":5}},"line":417},"59":{"name":"(anonymous_59)","decl":{"start":{"line":420,"column":47},"end":{"line":420,"column":48}},"loc":{"start":{"line":420,"column":57},"end":{"line":427,"column":7}},"line":420},"60":{"name":"(anonymous_60)","decl":{"start":{"line":427,"column":13},"end":{"line":427,"column":14}},"loc":{"start":{"line":427,"column":23},"end":{"line":429,"column":7}},"line":427},"61":{"name":"(anonymous_61)","decl":{"start":{"line":440,"column":24},"end":{"line":440,"column":25}},"loc":{"start":{"line":440,"column":38},"end":{"line":476,"column":1}},"line":440},"62":{"name":"(anonymous_62)","decl":{"start":{"line":455,"column":35},"end":{"line":455,"column":36}},"loc":{"start":{"line":455,"column":55},"end":{"line":474,"column":3}},"line":455},"63":{"name":"(anonymous_63)","decl":{"start":{"line":458,"column":22},"end":{"line":458,"column":23}},"loc":{"start":{"line":458,"column":39},"end":{"line":460,"column":3}},"line":458},"64":{"name":"(anonymous_64)","decl":{"start":{"line":462,"column":21},"end":{"line":462,"column":22}},"loc":{"start":{"line":462,"column":33},"end":{"line":473,"column":5}},"line":462},"65":{"name":"(anonymous_65)","decl":{"start":{"line":465,"column":49},"end":{"line":465,"column":50}},"loc":{"start":{"line":465,"column":61},"end":{"line":469,"column":5}},"line":465},"66":{"name":"(anonymous_66)","decl":{"start":{"line":469,"column":11},"end":{"line":469,"column":12}},"loc":{"start":{"line":469,"column":23},"end":{"line":471,"column":5}},"line":469},"67":{"name":"(anonymous_67)","decl":{"start":{"line":481,"column":31},"end":{"line":481,"column":32}},"loc":{"start":{"line":481,"column":45},"end":{"line":514,"column":1}},"line":481},"68":{"name":"(anonymous_68)","decl":{"start":{"line":496,"column":35},"end":{"line":496,"column":36}},"loc":{"start":{"line":496,"column":55},"end":{"line":512,"column":3}},"line":496},"69":{"name":"(anonymous_69)","decl":{"start":{"line":499,"column":22},"end":{"line":499,"column":23}},"loc":{"start":{"line":499,"column":39},"end":{"line":501,"column":3}},"line":499},"70":{"name":"(anonymous_70)","decl":{"start":{"line":503,"column":21},"end":{"line":503,"column":22}},"loc":{"start":{"line":503,"column":33},"end":{"line":511,"column":5}},"line":503},"71":{"name":"(anonymous_71)","decl":{"start":{"line":506,"column":67},"end":{"line":506,"column":68}},"loc":{"start":{"line":506,"column":77},"end":{"line":508,"column":5}},"line":506},"72":{"name":"(anonymous_72)","decl":{"start":{"line":517,"column":32},"end":{"line":517,"column":33}},"loc":{"start":{"line":517,"column":46},"end":{"line":550,"column":1}},"line":517},"73":{"name":"(anonymous_73)","decl":{"start":{"line":532,"column":37},"end":{"line":532,"column":38}},"loc":{"start":{"line":532,"column":57},"end":{"line":548,"column":5}},"line":532},"74":{"name":"(anonymous_74)","decl":{"start":{"line":535,"column":24},"end":{"line":535,"column":25}},"loc":{"start":{"line":535,"column":41},"end":{"line":537,"column":5}},"line":535},"75":{"name":"(anonymous_75)","decl":{"start":{"line":539,"column":23},"end":{"line":539,"column":24}},"loc":{"start":{"line":539,"column":35},"end":{"line":547,"column":7}},"line":539},"76":{"name":"(anonymous_76)","decl":{"start":{"line":542,"column":69},"end":{"line":542,"column":70}},"loc":{"start":{"line":542,"column":79},"end":{"line":544,"column":7}},"line":542},"77":{"name":"(anonymous_77)","decl":{"start":{"line":553,"column":34},"end":{"line":553,"column":35}},"loc":{"start":{"line":553,"column":48},"end":{"line":586,"column":1}},"line":553},"78":{"name":"(anonymous_78)","decl":{"start":{"line":568,"column":37},"end":{"line":568,"column":38}},"loc":{"start":{"line":568,"column":57},"end":{"line":584,"column":5}},"line":568},"79":{"name":"(anonymous_79)","decl":{"start":{"line":571,"column":24},"end":{"line":571,"column":25}},"loc":{"start":{"line":571,"column":41},"end":{"line":573,"column":5}},"line":571},"80":{"name":"(anonymous_80)","decl":{"start":{"line":575,"column":23},"end":{"line":575,"column":24}},"loc":{"start":{"line":575,"column":35},"end":{"line":583,"column":7}},"line":575},"81":{"name":"(anonymous_81)","decl":{"start":{"line":578,"column":69},"end":{"line":578,"column":70}},"loc":{"start":{"line":578,"column":79},"end":{"line":580,"column":7}},"line":578},"82":{"name":"(anonymous_82)","decl":{"start":{"line":589,"column":37},"end":{"line":589,"column":38}},"loc":{"start":{"line":589,"column":51},"end":{"line":622,"column":1}},"line":589},"83":{"name":"(anonymous_83)","decl":{"start":{"line":604,"column":37},"end":{"line":604,"column":38}},"loc":{"start":{"line":604,"column":57},"end":{"line":620,"column":5}},"line":604},"84":{"name":"(anonymous_84)","decl":{"start":{"line":607,"column":24},"end":{"line":607,"column":25}},"loc":{"start":{"line":607,"column":41},"end":{"line":609,"column":5}},"line":607},"85":{"name":"(anonymous_85)","decl":{"start":{"line":611,"column":23},"end":{"line":611,"column":24}},"loc":{"start":{"line":611,"column":35},"end":{"line":619,"column":7}},"line":611},"86":{"name":"(anonymous_86)","decl":{"start":{"line":614,"column":69},"end":{"line":614,"column":70}},"loc":{"start":{"line":614,"column":79},"end":{"line":616,"column":7}},"line":614},"87":{"name":"(anonymous_87)","decl":{"start":{"line":624,"column":35},"end":{"line":624,"column":36}},"loc":{"start":{"line":624,"column":49},"end":{"line":657,"column":1}},"line":624},"88":{"name":"(anonymous_88)","decl":{"start":{"line":639,"column":37},"end":{"line":639,"column":38}},"loc":{"start":{"line":639,"column":57},"end":{"line":655,"column":5}},"line":639},"89":{"name":"(anonymous_89)","decl":{"start":{"line":642,"column":24},"end":{"line":642,"column":25}},"loc":{"start":{"line":642,"column":41},"end":{"line":644,"column":5}},"line":642},"90":{"name":"(anonymous_90)","decl":{"start":{"line":646,"column":23},"end":{"line":646,"column":24}},"loc":{"start":{"line":646,"column":35},"end":{"line":654,"column":7}},"line":646},"91":{"name":"(anonymous_91)","decl":{"start":{"line":649,"column":69},"end":{"line":649,"column":70}},"loc":{"start":{"line":649,"column":79},"end":{"line":651,"column":7}},"line":649},"92":{"name":"(anonymous_92)","decl":{"start":{"line":660,"column":39},"end":{"line":660,"column":40}},"loc":{"start":{"line":660,"column":53},"end":{"line":694,"column":1}},"line":660},"93":{"name":"(anonymous_93)","decl":{"start":{"line":675,"column":35},"end":{"line":675,"column":36}},"loc":{"start":{"line":675,"column":55},"end":{"line":691,"column":3}},"line":675},"94":{"name":"(anonymous_94)","decl":{"start":{"line":678,"column":21},"end":{"line":678,"column":22}},"loc":{"start":{"line":678,"column":38},"end":{"line":680,"column":2}},"line":678},"95":{"name":"(anonymous_95)","decl":{"start":{"line":682,"column":20},"end":{"line":682,"column":21}},"loc":{"start":{"line":682,"column":32},"end":{"line":690,"column":5}},"line":682},"96":{"name":"(anonymous_96)","decl":{"start":{"line":685,"column":44},"end":{"line":685,"column":45}},"loc":{"start":{"line":685,"column":54},"end":{"line":687,"column":5}},"line":685},"97":{"name":"(anonymous_97)","decl":{"start":{"line":696,"column":40},"end":{"line":696,"column":41}},"loc":{"start":{"line":696,"column":54},"end":{"line":730,"column":1}},"line":696},"98":{"name":"(anonymous_98)","decl":{"start":{"line":711,"column":35},"end":{"line":711,"column":36}},"loc":{"start":{"line":711,"column":55},"end":{"line":727,"column":3}},"line":711},"99":{"name":"(anonymous_99)","decl":{"start":{"line":714,"column":21},"end":{"line":714,"column":22}},"loc":{"start":{"line":714,"column":38},"end":{"line":716,"column":2}},"line":714},"100":{"name":"(anonymous_100)","decl":{"start":{"line":718,"column":20},"end":{"line":718,"column":21}},"loc":{"start":{"line":718,"column":32},"end":{"line":726,"column":5}},"line":718},"101":{"name":"(anonymous_101)","decl":{"start":{"line":721,"column":44},"end":{"line":721,"column":45}},"loc":{"start":{"line":721,"column":54},"end":{"line":723,"column":5}},"line":721},"102":{"name":"(anonymous_102)","decl":{"start":{"line":732,"column":42},"end":{"line":732,"column":43}},"loc":{"start":{"line":732,"column":56},"end":{"line":766,"column":1}},"line":732},"103":{"name":"(anonymous_103)","decl":{"start":{"line":747,"column":35},"end":{"line":747,"column":36}},"loc":{"start":{"line":747,"column":55},"end":{"line":763,"column":3}},"line":747},"104":{"name":"(anonymous_104)","decl":{"start":{"line":750,"column":21},"end":{"line":750,"column":22}},"loc":{"start":{"line":750,"column":38},"end":{"line":752,"column":2}},"line":750},"105":{"name":"(anonymous_105)","decl":{"start":{"line":754,"column":20},"end":{"line":754,"column":21}},"loc":{"start":{"line":754,"column":32},"end":{"line":762,"column":5}},"line":754},"106":{"name":"(anonymous_106)","decl":{"start":{"line":757,"column":44},"end":{"line":757,"column":45}},"loc":{"start":{"line":757,"column":54},"end":{"line":759,"column":5}},"line":757},"107":{"name":"(anonymous_107)","decl":{"start":{"line":768,"column":45},"end":{"line":768,"column":46}},"loc":{"start":{"line":768,"column":59},"end":{"line":802,"column":1}},"line":768},"108":{"name":"(anonymous_108)","decl":{"start":{"line":783,"column":35},"end":{"line":783,"column":36}},"loc":{"start":{"line":783,"column":55},"end":{"line":799,"column":3}},"line":783},"109":{"name":"(anonymous_109)","decl":{"start":{"line":786,"column":21},"end":{"line":786,"column":22}},"loc":{"start":{"line":786,"column":38},"end":{"line":788,"column":2}},"line":786},"110":{"name":"(anonymous_110)","decl":{"start":{"line":790,"column":20},"end":{"line":790,"column":21}},"loc":{"start":{"line":790,"column":32},"end":{"line":798,"column":5}},"line":790},"111":{"name":"(anonymous_111)","decl":{"start":{"line":793,"column":44},"end":{"line":793,"column":45}},"loc":{"start":{"line":793,"column":54},"end":{"line":795,"column":5}},"line":793},"112":{"name":"(anonymous_112)","decl":{"start":{"line":804,"column":43},"end":{"line":804,"column":44}},"loc":{"start":{"line":804,"column":57},"end":{"line":838,"column":1}},"line":804},"113":{"name":"(anonymous_113)","decl":{"start":{"line":819,"column":35},"end":{"line":819,"column":36}},"loc":{"start":{"line":819,"column":55},"end":{"line":835,"column":3}},"line":819},"114":{"name":"(anonymous_114)","decl":{"start":{"line":822,"column":21},"end":{"line":822,"column":22}},"loc":{"start":{"line":822,"column":38},"end":{"line":824,"column":2}},"line":822},"115":{"name":"(anonymous_115)","decl":{"start":{"line":826,"column":20},"end":{"line":826,"column":21}},"loc":{"start":{"line":826,"column":32},"end":{"line":834,"column":5}},"line":826},"116":{"name":"(anonymous_116)","decl":{"start":{"line":829,"column":44},"end":{"line":829,"column":45}},"loc":{"start":{"line":829,"column":54},"end":{"line":831,"column":5}},"line":829}},"branchMap":{"0":{"loc":{"start":{"line":34,"column":8},"end":{"line":36,"column":9}},"type":"if","locations":[{"start":{"line":34,"column":8},"end":{"line":36,"column":9}},{"start":{},"end":{}}],"line":34},"1":{"loc":{"start":{"line":34,"column":11},"end":{"line":34,"column":104}},"type":"binary-expr","locations":[{"start":{"line":34,"column":11},"end":{"line":34,"column":27}},{"start":{"line":34,"column":31},"end":{"line":34,"column":46}},{"start":{"line":34,"column":50},"end":{"line":34,"column":66}},{"start":{"line":34,"column":70},"end":{"line":34,"column":85}},{"start":{"line":34,"column":88},"end":{"line":34,"column":104}}],"line":34},"2":{"loc":{"start":{"line":72,"column":6},"end":{"line":79,"column":7}},"type":"if","locations":[{"start":{"line":72,"column":6},"end":{"line":79,"column":7}},{"start":{"line":74,"column":13},"end":{"line":79,"column":7}}],"line":72},"3":{"loc":{"start":{"line":110,"column":6},"end":{"line":117,"column":7}},"type":"if","locations":[{"start":{"line":110,"column":6},"end":{"line":117,"column":7}},{"start":{"line":112,"column":13},"end":{"line":117,"column":7}}],"line":110},"4":{"loc":{"start":{"line":148,"column":6},"end":{"line":155,"column":7}},"type":"if","locations":[{"start":{"line":148,"column":6},"end":{"line":155,"column":7}},{"start":{"line":150,"column":13},"end":{"line":155,"column":7}}],"line":148},"5":{"loc":{"start":{"line":186,"column":6},"end":{"line":193,"column":7}},"type":"if","locations":[{"start":{"line":186,"column":6},"end":{"line":193,"column":7}},{"start":{"line":188,"column":13},"end":{"line":193,"column":7}}],"line":186},"6":{"loc":{"start":{"line":224,"column":6},"end":{"line":231,"column":7}},"type":"if","locations":[{"start":{"line":224,"column":6},"end":{"line":231,"column":7}},{"start":{"line":226,"column":13},"end":{"line":231,"column":7}}],"line":224},"7":{"loc":{"start":{"line":264,"column":8},"end":{"line":266,"column":9}},"type":"if","locations":[{"start":{"line":264,"column":8},"end":{"line":266,"column":9}},{"start":{},"end":{}}],"line":264},"8":{"loc":{"start":{"line":267,"column":8},"end":{"line":269,"column":9}},"type":"if","locations":[{"start":{"line":267,"column":8},"end":{"line":269,"column":9}},{"start":{},"end":{}}],"line":267},"9":{"loc":{"start":{"line":267,"column":12},"end":{"line":267,"column":70}},"type":"binary-expr","locations":[{"start":{"line":267,"column":12},"end":{"line":267,"column":43}},{"start":{"line":267,"column":47},"end":{"line":267,"column":70}}],"line":267},"10":{"loc":{"start":{"line":304,"column":8},"end":{"line":306,"column":9}},"type":"if","locations":[{"start":{"line":304,"column":8},"end":{"line":306,"column":9}},{"start":{},"end":{}}],"line":304},"11":{"loc":{"start":{"line":304,"column":12},"end":{"line":304,"column":70}},"type":"binary-expr","locations":[{"start":{"line":304,"column":12},"end":{"line":304,"column":43}},{"start":{"line":304,"column":47},"end":{"line":304,"column":70}}],"line":304},"12":{"loc":{"start":{"line":341,"column":8},"end":{"line":343,"column":9}},"type":"if","locations":[{"start":{"line":341,"column":8},"end":{"line":343,"column":9}},{"start":{},"end":{}}],"line":341},"13":{"loc":{"start":{"line":344,"column":8},"end":{"line":346,"column":9}},"type":"if","locations":[{"start":{"line":344,"column":8},"end":{"line":346,"column":9}},{"start":{},"end":{}}],"line":344},"14":{"loc":{"start":{"line":344,"column":12},"end":{"line":344,"column":70}},"type":"binary-expr","locations":[{"start":{"line":344,"column":12},"end":{"line":344,"column":43}},{"start":{"line":344,"column":47},"end":{"line":344,"column":70}}],"line":344},"15":{"loc":{"start":{"line":381,"column":8},"end":{"line":383,"column":9}},"type":"if","locations":[{"start":{"line":381,"column":8},"end":{"line":383,"column":9}},{"start":{},"end":{}}],"line":381},"16":{"loc":{"start":{"line":384,"column":8},"end":{"line":386,"column":9}},"type":"if","locations":[{"start":{"line":384,"column":8},"end":{"line":386,"column":9}},{"start":{},"end":{}}],"line":384},"17":{"loc":{"start":{"line":384,"column":12},"end":{"line":384,"column":70}},"type":"binary-expr","locations":[{"start":{"line":384,"column":12},"end":{"line":384,"column":43}},{"start":{"line":384,"column":47},"end":{"line":384,"column":70}}],"line":384},"18":{"loc":{"start":{"line":421,"column":8},"end":{"line":423,"column":9}},"type":"if","locations":[{"start":{"line":421,"column":8},"end":{"line":423,"column":9}},{"start":{},"end":{}}],"line":421},"19":{"loc":{"start":{"line":424,"column":8},"end":{"line":426,"column":9}},"type":"if","locations":[{"start":{"line":424,"column":8},"end":{"line":426,"column":9}},{"start":{},"end":{}}],"line":424},"20":{"loc":{"start":{"line":424,"column":12},"end":{"line":424,"column":70}},"type":"binary-expr","locations":[{"start":{"line":424,"column":12},"end":{"line":424,"column":43}},{"start":{"line":424,"column":47},"end":{"line":424,"column":70}}],"line":424},"21":{"loc":{"start":{"line":466,"column":6},"end":{"line":468,"column":7}},"type":"if","locations":[{"start":{"line":466,"column":6},"end":{"line":468,"column":7}},{"start":{},"end":{}}],"line":466},"22":{"loc":{"start":{"line":466,"column":9},"end":{"line":466,"column":133}},"type":"binary-expr","locations":[{"start":{"line":466,"column":9},"end":{"line":466,"column":32}},{"start":{"line":466,"column":36},"end":{"line":466,"column":57}},{"start":{"line":466,"column":61},"end":{"line":466,"column":83}},{"start":{"line":466,"column":87},"end":{"line":466,"column":108}},{"start":{"line":466,"column":111},"end":{"line":466,"column":133}}],"line":466}},"s":{"0":1,"1":1,"2":1,"3":0,"4":0,"5":0,"6":0,"7":0,"8":0,"9":0,"10":0,"11":0,"12":0,"13":0,"14":0,"15":0,"16":0,"17":0,"18":1,"19":0,"20":0,"21":0,"22":0,"23":0,"24":0,"25":0,"26":0,"27":0,"28":0,"29":0,"30":0,"31":0,"32":0,"33":0,"34":1,"35":0,"36":0,"37":0,"38":0,"39":0,"40":0,"41":0,"42":0,"43":0,"44":0,"45":0,"46":0,"47":0,"48":0,"49":0,"50":1,"51":0,"52":0,"53":0,"54":0,"55":0,"56":0,"57":0,"58":0,"59":0,"60":0,"61":0,"62":0,"63":0,"64":0,"65":0,"66":1,"67":0,"68":0,"69":0,"70":0,"71":0,"72":0,"73":0,"74":0,"75":0,"76":0,"77":0,"78":0,"79":0,"80":0,"81":0,"82":1,"83":0,"84":0,"85":0,"86":0,"87":0,"88":0,"89":0,"90":0,"91":0,"92":0,"93":0,"94":0,"95":0,"96":0,"97":0,"98":1,"99":0,"100":0,"101":0,"102":0,"103":0,"104":0,"105":0,"106":0,"107":0,"108":0,"109":0,"110":0,"111":0,"112":0,"113":0,"114":0,"115":0,"116":1,"117":0,"118":0,"119":0,"120":0,"121":0,"122":0,"123":0,"124":0,"125":0,"126":0,"127":0,"128":0,"129":0,"130":0,"131":0,"132":1,"133":0,"134":0,"135":0,"136":0,"137":0,"138":0,"139":0,"140":0,"141":0,"142":0,"143":0,"144":0,"145":0,"146":0,"147":0,"148":0,"149":0,"150":1,"151":0,"152":0,"153":0,"154":0,"155":0,"156":0,"157":0,"158":0,"159":0,"160":0,"161":0,"162":0,"163":0,"164":0,"165":0,"166":0,"167":0,"168":1,"169":0,"170":0,"171":0,"172":0,"173":0,"174":0,"175":0,"176":0,"177":0,"178":0,"179":0,"180":0,"181":0,"182":0,"183":0,"184":0,"185":0,"186":1,"187":0,"188":0,"189":0,"190":0,"191":0,"192":0,"193":0,"194":0,"195":0,"196":0,"197":0,"198":0,"199":0,"200":0,"201":0,"202":1,"203":0,"204":0,"205":0,"206":0,"207":0,"208":0,"209":0,"210":0,"211":0,"212":0,"213":0,"214":0,"215":0,"216":1,"217":0,"218":0,"219":0,"220":0,"221":0,"222":0,"223":0,"224":0,"225":0,"226":0,"227":0,"228":0,"229":0,"230":1,"231":0,"232":0,"233":0,"234":0,"235":0,"236":0,"237":0,"238":0,"239":0,"240":0,"241":0,"242":0,"243":0,"244":1,"245":0,"246":0,"247":0,"248":0,"249":0,"250":0,"251":0,"252":0,"253":0,"254":0,"255":0,"256":0,"257":0,"258":1,"259":0,"260":0,"261":0,"262":0,"263":0,"264":0,"265":0,"266":0,"267":0,"268":0,"269":0,"270":0,"271":0,"272":1,"273":0,"274":0,"275":0,"276":0,"277":0,"278":0,"279":0,"280":0,"281":0,"282":0,"283":0,"284":0,"285":0,"286":1,"287":0,"288":0,"289":0,"290":0,"291":0,"292":0,"293":0,"294":0,"295":0,"296":0,"297":0,"298":0,"299":0,"300":1,"301":0,"302":0,"303":0,"304":0,"305":0,"306":0,"307":0,"308":0,"309":0,"310":0,"311":0,"312":0,"313":0,"314":1,"315":0,"316":0,"317":0,"318":0,"319":0,"320":0,"321":0,"322":0,"323":0,"324":0,"325":0,"326":0,"327":0,"328":1,"329":0,"330":0,"331":0,"332":0,"333":0,"334":0,"335":0,"336":0,"337":0,"338":0,"339":0,"340":0,"341":0,"342":1},"f":{"0":0,"1":0,"2":0,"3":0,"4":0,"5":0,"6":0,"7":0,"8":0,"9":0,"10":0,"11":0,"12":0,"13":0,"14":0,"15":0,"16":0,"17":0,"18":0,"19":0,"20":0,"21":0,"22":0,"23":0,"24":0,"25":0,"26":0,"27":0,"28":0,"29":0,"30":0,"31":0,"32":0,"33":0,"34":0,"35":0,"36":0,"37":0,"38":0,"39":0,"40":0,"41":0,"42":0,"43":0,"44":0,"45":0,"46":0,"47":0,"48":0,"49":0,"50":0,"51":0,"52":0,"53":0,"54":0,"55":0,"56":0,"57":0,"58":0,"59":0,"60":0,"61":0,"62":0,"63":0,"64":0,"65":0,"66":0,"67":0,"68":0,"69":0,"70":0,"71":0,"72":0,"73":0,"74":0,"75":0,"76":0,"77":0,"78":0,"79":0,"80":0,"81":0,"82":0,"83":0,"84":0,"85":0,"86":0,"87":0,"88":0,"89":0,"90":0,"91":0,"92":0,"93":0,"94":0,"95":0,"96":0,"97":0,"98":0,"99":0,"100":0,"101":0,"102":0,"103":0,"104":0,"105":0,"106":0,"107":0,"108":0,"109":0,"110":0,"111":0,"112":0,"113":0,"114":0,"115":0,"116":0},"b":{"0":[0,0],"1":[0,0,0,0,0],"2":[0,0],"3":[0,0],"4":[0,0],"5":[0,0],"6":[0,0],"7":[0,0],"8":[0,0],"9":[0,0],"10":[0,0],"11":[0,0],"12":[0,0],"13":[0,0],"14":[0,0],"15":[0,0],"16":[0,0],"17":[0,0],"18":[0,0],"19":[0,0],"20":[0,0],"21":[0,0],"22":[0,0,0,0,0]},"_coverageSchema":"1a1c01bbd47fc00a2c39e90264f33305004495a9","hash":"f84370a4a8637cc748646dea55bd06dba2a404ac"}
,"/home/usuario/InfoSport/api/routes/users.js": {"path":"/home/usuario/InfoSport/api/routes/users.js","statementMap":{"0":{"start":{"line":1,"column":16},"end":{"line":1,"column":34}},"1":{"start":{"line":2,"column":15},"end":{"line":2,"column":31}},"2":{"start":{"line":3,"column":13},"end":{"line":3,"column":38}},"3":{"start":{"line":4,"column":17},"end":{"line":4,"column":36}},"4":{"start":{"line":5,"column":12},"end":{"line":5,"column":35}},"5":{"start":{"line":6,"column":15},"end":{"line":6,"column":46}},"6":{"start":{"line":7,"column":13},"end":{"line":7,"column":29}},"7":{"start":{"line":8,"column":17},"end":{"line":8,"column":39}},"8":{"start":{"line":11,"column":0},"end":{"line":38,"column":3}},"9":{"start":{"line":14,"column":18},"end":{"line":14,"column":109}},"10":{"start":{"line":15,"column":2},"end":{"line":15,"column":104}},"11":{"start":{"line":15,"column":17},"end":{"line":15,"column":104}},"12":{"start":{"line":17,"column":19},"end":{"line":17,"column":57}},"13":{"start":{"line":18,"column":2},"end":{"line":18,"column":104}},"14":{"start":{"line":18,"column":18},"end":{"line":18,"column":104}},"15":{"start":{"line":20,"column":18},"end":{"line":20,"column":62}},"16":{"start":{"line":21,"column":2},"end":{"line":21,"column":110}},"17":{"start":{"line":21,"column":17},"end":{"line":21,"column":110}},"18":{"start":{"line":23,"column":16},"end":{"line":28,"column":4}},"19":{"start":{"line":30,"column":2},"end":{"line":37,"column":4}},"20":{"start":{"line":31,"column":4},"end":{"line":36,"column":5}},"21":{"start":{"line":32,"column":6},"end":{"line":32,"column":83}},"22":{"start":{"line":35,"column":6},"end":{"line":35,"column":71}},"23":{"start":{"line":42,"column":0},"end":{"line":75,"column":3}},"24":{"start":{"line":44,"column":19},"end":{"line":44,"column":36}},"25":{"start":{"line":45,"column":19},"end":{"line":45,"column":36}},"26":{"start":{"line":47,"column":2},"end":{"line":74,"column":5}},"27":{"start":{"line":48,"column":4},"end":{"line":48,"column":23}},"28":{"start":{"line":48,"column":13},"end":{"line":48,"column":23}},"29":{"start":{"line":49,"column":4},"end":{"line":51,"column":5}},"30":{"start":{"line":50,"column":6},"end":{"line":50,"column":82}},"31":{"start":{"line":52,"column":6},"end":{"line":73,"column":5}},"32":{"start":{"line":53,"column":8},"end":{"line":53,"column":27}},"33":{"start":{"line":53,"column":17},"end":{"line":53,"column":27}},"34":{"start":{"line":54,"column":8},"end":{"line":72,"column":9}},"35":{"start":{"line":55,"column":24},"end":{"line":57,"column":12}},"36":{"start":{"line":59,"column":10},"end":{"line":69,"column":13}},"37":{"start":{"line":71,"column":10},"end":{"line":71,"column":88}},"38":{"start":{"line":78,"column":0},"end":{"line":80,"column":3}},"39":{"start":{"line":79,"column":2},"end":{"line":79,"column":41}},"40":{"start":{"line":82,"column":0},"end":{"line":82,"column":24}}},"fnMap":{"0":{"name":"(anonymous_0)","decl":{"start":{"line":11,"column":25},"end":{"line":11,"column":26}},"loc":{"start":{"line":11,"column":51},"end":{"line":38,"column":1}},"line":11},"1":{"name":"(anonymous_1)","decl":{"start":{"line":30,"column":24},"end":{"line":30,"column":25}},"loc":{"start":{"line":30,"column":39},"end":{"line":37,"column":3}},"line":30},"2":{"name":"(anonymous_2)","decl":{"start":{"line":42,"column":29},"end":{"line":42,"column":30}},"loc":{"start":{"line":42,"column":49},"end":{"line":75,"column":1}},"line":42},"3":{"name":"(anonymous_3)","decl":{"start":{"line":47,"column":27},"end":{"line":47,"column":28}},"loc":{"start":{"line":47,"column":42},"end":{"line":74,"column":3}},"line":47},"4":{"name":"(anonymous_4)","decl":{"start":{"line":52,"column":52},"end":{"line":52,"column":53}},"loc":{"start":{"line":52,"column":70},"end":{"line":73,"column":3}},"line":52},"5":{"name":"(anonymous_5)","decl":{"start":{"line":78,"column":70},"end":{"line":78,"column":71}},"loc":{"start":{"line":78,"column":90},"end":{"line":80,"column":1}},"line":78}},"branchMap":{"0":{"loc":{"start":{"line":15,"column":2},"end":{"line":15,"column":104}},"type":"if","locations":[{"start":{"line":15,"column":2},"end":{"line":15,"column":104}},{"start":{},"end":{}}],"line":15},"1":{"loc":{"start":{"line":18,"column":2},"end":{"line":18,"column":104}},"type":"if","locations":[{"start":{"line":18,"column":2},"end":{"line":18,"column":104}},{"start":{},"end":{}}],"line":18},"2":{"loc":{"start":{"line":21,"column":2},"end":{"line":21,"column":110}},"type":"if","locations":[{"start":{"line":21,"column":2},"end":{"line":21,"column":110}},{"start":{},"end":{}}],"line":21},"3":{"loc":{"start":{"line":31,"column":4},"end":{"line":36,"column":5}},"type":"if","locations":[{"start":{"line":31,"column":4},"end":{"line":36,"column":5}},{"start":{"line":34,"column":9},"end":{"line":36,"column":5}}],"line":31},"4":{"loc":{"start":{"line":48,"column":4},"end":{"line":48,"column":23}},"type":"if","locations":[{"start":{"line":48,"column":4},"end":{"line":48,"column":23}},{"start":{},"end":{}}],"line":48},"5":{"loc":{"start":{"line":49,"column":4},"end":{"line":51,"column":5}},"type":"if","locations":[{"start":{"line":49,"column":4},"end":{"line":51,"column":5}},{"start":{},"end":{}}],"line":49},"6":{"loc":{"start":{"line":53,"column":8},"end":{"line":53,"column":27}},"type":"if","locations":[{"start":{"line":53,"column":8},"end":{"line":53,"column":27}},{"start":{},"end":{}}],"line":53},"7":{"loc":{"start":{"line":54,"column":8},"end":{"line":72,"column":9}},"type":"if","locations":[{"start":{"line":54,"column":8},"end":{"line":72,"column":9}},{"start":{"line":70,"column":15},"end":{"line":72,"column":9}}],"line":54}},"s":{"0":1,"1":1,"2":1,"3":1,"4":1,"5":1,"6":1,"7":1,"8":1,"9":0,"10":0,"11":0,"12":0,"13":0,"14":0,"15":0,"16":0,"17":0,"18":0,"19":0,"20":0,"21":0,"22":0,"23":1,"24":1,"25":1,"26":1,"27":1,"28":0,"29":1,"30":0,"31":1,"32":1,"33":0,"34":1,"35":1,"36":1,"37":0,"38":1,"39":0,"40":1},"f":{"0":0,"1":0,"2":1,"3":1,"4":1,"5":0},"b":{"0":[0,0],"1":[0,0],"2":[0,0],"3":[0,0],"4":[0,1],"5":[0,1],"6":[0,1],"7":[1,0]},"_coverageSchema":"1a1c01bbd47fc00a2c39e90264f33305004495a9","hash":"34ce2103f10817c09bca7734047e26f3806dd4e6"}
}
