{"/home/usuario/InfoSport/api/app.js": {"path":"/home/usuario/InfoSport/api/app.js","statementMap":{"0":{"start":{"line":1,"column":16},"end":{"line":1,"column":34}},"1":{"start":{"line":2,"column":13},"end":{"line":2,"column":28}},"2":{"start":{"line":3,"column":19},"end":{"line":3,"column":41}},"3":{"start":{"line":4,"column":13},"end":{"line":4,"column":28}},"4":{"start":{"line":5,"column":17},"end":{"line":5,"column":36}},"5":{"start":{"line":6,"column":17},"end":{"line":6,"column":36}},"6":{"start":{"line":7,"column":15},"end":{"line":7,"column":45}},"7":{"start":{"line":8,"column":14},"end":{"line":8,"column":40}},"8":{"start":{"line":9,"column":9},"end":{"line":9,"column":22}},"9":{"start":{"line":12,"column":0},"end":{"line":15,"column":2}},"10":{"start":{"line":18,"column":12},"end":{"line":18,"column":21}},"11":{"start":{"line":19,"column":13},"end":{"line":19,"column":17}},"12":{"start":{"line":21,"column":14},"end":{"line":21,"column":39}},"13":{"start":{"line":22,"column":15},"end":{"line":22,"column":41}},"14":{"start":{"line":25,"column":0},"end":{"line":25,"column":16}},"15":{"start":{"line":28,"column":0},"end":{"line":28,"column":56}},"16":{"start":{"line":31,"column":0},"end":{"line":31,"column":27}},"17":{"start":{"line":34,"column":0},"end":{"line":39,"column":4}},"18":{"start":{"line":42,"column":0},"end":{"line":42,"column":31}},"19":{"start":{"line":43,"column":0},"end":{"line":43,"column":28}},"20":{"start":{"line":45,"column":0},"end":{"line":45,"column":41}},"21":{"start":{"line":47,"column":0},"end":{"line":47,"column":27}},"22":{"start":{"line":49,"column":0},"end":{"line":49,"column":25}},"23":{"start":{"line":53,"column":0},"end":{"line":55,"column":3}},"24":{"start":{"line":54,"column":2},"end":{"line":54,"column":33}},"25":{"start":{"line":58,"column":13},"end":{"line":65,"column":2}},"26":{"start":{"line":60,"column":13},"end":{"line":60,"column":37}},"27":{"start":{"line":61,"column":13},"end":{"line":61,"column":34}}},"fnMap":{"0":{"name":"(anonymous_0)","decl":{"start":{"line":53,"column":16},"end":{"line":53,"column":17}},"loc":{"start":{"line":53,"column":30},"end":{"line":55,"column":1}},"line":53},"1":{"name":"(anonymous_1)","decl":{"start":{"line":58,"column":44},"end":{"line":58,"column":45}},"loc":{"start":{"line":58,"column":56},"end":{"line":65,"column":1}},"line":58}},"branchMap":{},"s":{"0":1,"1":1,"2":1,"3":1,"4":1,"5":1,"6":1,"7":1,"8":1,"9":1,"10":1,"11":1,"12":1,"13":1,"14":1,"15":1,"16":1,"17":1,"18":1,"19":1,"20":1,"21":1,"22":1,"23":1,"24":0,"25":1,"26":0,"27":0},"f":{"0":0,"1":0},"b":{},"_coverageSchema":"1a1c01bbd47fc00a2c39e90264f33305004495a9","hash":"d7351d3e10c9bd9555edb853a231eb105b8ade58"}
,"/home/usuario/InfoSport/api/dbconfig/database.js": {"path":"/home/usuario/InfoSport/api/dbconfig/database.js","statementMap":{"0":{"start":{"line":1,"column":0},"end":{"line":4,"column":1}}},"fnMap":{},"branchMap":{},"s":{"0":1},"f":{},"b":{},"_coverageSchema":"1a1c01bbd47fc00a2c39e90264f33305004495a9","hash":"716f016f110fbc70d68636309dc4bf1804be31ca"}
,"/home/usuario/InfoSport/api/dbconfig/passport.js": {"path":"/home/usuario/InfoSport/api/dbconfig/passport.js","statementMap":{"0":{"start":{"line":1,"column":20},"end":{"line":1,"column":52}},"1":{"start":{"line":2,"column":19},"end":{"line":2,"column":53}},"2":{"start":{"line":3,"column":13},"end":{"line":3,"column":38}},"3":{"start":{"line":4,"column":15},"end":{"line":4,"column":46}},"4":{"start":{"line":6,"column":0},"end":{"line":23,"column":1}},"5":{"start":{"line":7,"column":13},"end":{"line":7,"column":15}},"6":{"start":{"line":8,"column":2},"end":{"line":8,"column":67}},"7":{"start":{"line":9,"column":2},"end":{"line":9,"column":35}},"8":{"start":{"line":10,"column":2},"end":{"line":22,"column":6}},"9":{"start":{"line":11,"column":4},"end":{"line":21,"column":7}},"10":{"start":{"line":12,"column":6},"end":{"line":14,"column":7}},"11":{"start":{"line":13,"column":8},"end":{"line":13,"column":32}},"12":{"start":{"line":16,"column":6},"end":{"line":20,"column":7}},"13":{"start":{"line":17,"column":8},"end":{"line":17,"column":32}},"14":{"start":{"line":19,"column":8},"end":{"line":19,"column":33}}},"fnMap":{"0":{"name":"(anonymous_0)","decl":{"start":{"line":6,"column":17},"end":{"line":6,"column":18}},"loc":{"start":{"line":6,"column":35},"end":{"line":23,"column":1}},"line":6},"1":{"name":"(anonymous_1)","decl":{"start":{"line":10,"column":37},"end":{"line":10,"column":38}},"loc":{"start":{"line":10,"column":60},"end":{"line":22,"column":3}},"line":10},"2":{"name":"(anonymous_2)","decl":{"start":{"line":11,"column":43},"end":{"line":11,"column":44}},"loc":{"start":{"line":11,"column":57},"end":{"line":21,"column":5}},"line":11}},"branchMap":{"0":{"loc":{"start":{"line":12,"column":6},"end":{"line":14,"column":7}},"type":"if","locations":[{"start":{"line":12,"column":6},"end":{"line":14,"column":7}},{"start":{},"end":{}}],"line":12},"1":{"loc":{"start":{"line":16,"column":6},"end":{"line":20,"column":7}},"type":"if","locations":[{"start":{"line":16,"column":6},"end":{"line":20,"column":7}},{"start":{"line":18,"column":13},"end":{"line":20,"column":7}}],"line":16}},"s":{"0":1,"1":1,"2":1,"3":1,"4":1,"5":1,"6":1,"7":1,"8":1,"9":0,"10":0,"11":0,"12":0,"13":0,"14":0},"f":{"0":1,"1":0,"2":0},"b":{"0":[0,0],"1":[0,0]},"_coverageSchema":"1a1c01bbd47fc00a2c39e90264f33305004495a9","hash":"ab2b06dc89d2b977bd559e9555e162f125c7ebaf"}
,"/home/usuario/InfoSport/api/models/user.js": {"path":"/home/usuario/InfoSport/api/models/user.js","statementMap":{"0":{"start":{"line":1,"column":17},"end":{"line":1,"column":36}},"1":{"start":{"line":2,"column":15},"end":{"line":2,"column":34}},"2":{"start":{"line":3,"column":15},"end":{"line":3,"column":46}},"3":{"start":{"line":6,"column":19},"end":{"line":22,"column":2}},"4":{"start":{"line":24,"column":0},"end":{"line":35,"column":1}},"5":{"start":{"line":25,"column":2},"end":{"line":25,"column":60}},"6":{"start":{"line":25,"column":16},"end":{"line":25,"column":60}},"7":{"start":{"line":26,"column":2},"end":{"line":34,"column":3}},"8":{"start":{"line":27,"column":17},"end":{"line":27,"column":47}},"9":{"start":{"line":28,"column":4},"end":{"line":28,"column":25}},"10":{"start":{"line":28,"column":13},"end":{"line":28,"column":25}},"11":{"start":{"line":30,"column":4},"end":{"line":30,"column":16}},"12":{"start":{"line":32,"column":4},"end":{"line":32,"column":73}},"13":{"start":{"line":33,"column":4},"end":{"line":33,"column":16}},"14":{"start":{"line":37,"column":0},"end":{"line":48,"column":1}},"15":{"start":{"line":38,"column":2},"end":{"line":38,"column":55}},"16":{"start":{"line":38,"column":13},"end":{"line":38,"column":55}},"17":{"start":{"line":39,"column":2},"end":{"line":47,"column":3}},"18":{"start":{"line":40,"column":19},"end":{"line":40,"column":46}},"19":{"start":{"line":41,"column":4},"end":{"line":41,"column":27}},"20":{"start":{"line":41,"column":15},"end":{"line":41,"column":27}},"21":{"start":{"line":43,"column":4},"end":{"line":43,"column":16}},"22":{"start":{"line":45,"column":4},"end":{"line":45,"column":61}},"23":{"start":{"line":46,"column":4},"end":{"line":46,"column":16}},"24":{"start":{"line":50,"column":0},"end":{"line":57,"column":1}},"25":{"start":{"line":51,"column":2},"end":{"line":55,"column":3}},"26":{"start":{"line":52,"column":4},"end":{"line":52,"column":54}},"27":{"start":{"line":54,"column":4},"end":{"line":54,"column":16}},"28":{"start":{"line":56,"column":2},"end":{"line":56,"column":13}},"29":{"start":{"line":60,"column":13},"end":{"line":60,"column":64}},"30":{"start":{"line":62,"column":0},"end":{"line":64,"column":1}},"31":{"start":{"line":63,"column":2},"end":{"line":63,"column":30}},"32":{"start":{"line":66,"column":0},"end":{"line":69,"column":1}},"33":{"start":{"line":67,"column":16},"end":{"line":67,"column":36}},"34":{"start":{"line":68,"column":2},"end":{"line":68,"column":33}},"35":{"start":{"line":71,"column":0},"end":{"line":79,"column":1}},"36":{"start":{"line":72,"column":2},"end":{"line":78,"column":5}},"37":{"start":{"line":73,"column":4},"end":{"line":77,"column":7}},"38":{"start":{"line":74,"column":6},"end":{"line":74,"column":24}},"39":{"start":{"line":74,"column":14},"end":{"line":74,"column":24}},"40":{"start":{"line":75,"column":6},"end":{"line":75,"column":30}},"41":{"start":{"line":76,"column":6},"end":{"line":76,"column":29}},"42":{"start":{"line":81,"column":0},"end":{"line":86,"column":1}},"43":{"start":{"line":82,"column":2},"end":{"line":85,"column":5}},"44":{"start":{"line":83,"column":4},"end":{"line":83,"column":22}},"45":{"start":{"line":83,"column":12},"end":{"line":83,"column":22}},"46":{"start":{"line":84,"column":4},"end":{"line":84,"column":28}}},"fnMap":{"0":{"name":"(anonymous_0)","decl":{"start":{"line":24,"column":36},"end":{"line":24,"column":37}},"loc":{"start":{"line":24,"column":61},"end":{"line":35,"column":1}},"line":24},"1":{"name":"(anonymous_1)","decl":{"start":{"line":37,"column":33},"end":{"line":37,"column":34}},"loc":{"start":{"line":37,"column":55},"end":{"line":48,"column":1}},"line":37},"2":{"name":"(anonymous_2)","decl":{"start":{"line":50,"column":33},"end":{"line":50,"column":34}},"loc":{"start":{"line":50,"column":81},"end":{"line":57,"column":1}},"line":50},"3":{"name":"(anonymous_3)","decl":{"start":{"line":62,"column":29},"end":{"line":62,"column":30}},"loc":{"start":{"line":62,"column":52},"end":{"line":64,"column":1}},"line":62},"4":{"name":"(anonymous_4)","decl":{"start":{"line":66,"column":35},"end":{"line":66,"column":36}},"loc":{"start":{"line":66,"column":64},"end":{"line":69,"column":1}},"line":66},"5":{"name":"(anonymous_5)","decl":{"start":{"line":71,"column":25},"end":{"line":71,"column":26}},"loc":{"start":{"line":71,"column":53},"end":{"line":79,"column":1}},"line":71},"6":{"name":"(anonymous_6)","decl":{"start":{"line":72,"column":21},"end":{"line":72,"column":22}},"loc":{"start":{"line":72,"column":36},"end":{"line":78,"column":3}},"line":72},"7":{"name":"(anonymous_7)","decl":{"start":{"line":73,"column":48},"end":{"line":73,"column":49}},"loc":{"start":{"line":73,"column":63},"end":{"line":77,"column":5}},"line":73},"8":{"name":"(anonymous_8)","decl":{"start":{"line":81,"column":33},"end":{"line":81,"column":34}},"loc":{"start":{"line":81,"column":77},"end":{"line":86,"column":1}},"line":81},"9":{"name":"(anonymous_9)","decl":{"start":{"line":82,"column":42},"end":{"line":82,"column":43}},"loc":{"start":{"line":82,"column":60},"end":{"line":85,"column":3}},"line":82}},"branchMap":{"0":{"loc":{"start":{"line":25,"column":2},"end":{"line":25,"column":60}},"type":"if","locations":[{"start":{"line":25,"column":2},"end":{"line":25,"column":60}},{"start":{},"end":{}}],"line":25},"1":{"loc":{"start":{"line":28,"column":4},"end":{"line":28,"column":25}},"type":"if","locations":[{"start":{"line":28,"column":4},"end":{"line":28,"column":25}},{"start":{},"end":{}}],"line":28},"2":{"loc":{"start":{"line":38,"column":2},"end":{"line":38,"column":55}},"type":"if","locations":[{"start":{"line":38,"column":2},"end":{"line":38,"column":55}},{"start":{},"end":{}}],"line":38},"3":{"loc":{"start":{"line":41,"column":4},"end":{"line":41,"column":27}},"type":"if","locations":[{"start":{"line":41,"column":4},"end":{"line":41,"column":27}},{"start":{},"end":{}}],"line":41},"4":{"loc":{"start":{"line":51,"column":2},"end":{"line":55,"column":3}},"type":"if","locations":[{"start":{"line":51,"column":2},"end":{"line":55,"column":3}},{"start":{},"end":{}}],"line":51},"5":{"loc":{"start":{"line":51,"column":6},"end":{"line":51,"column":47}},"type":"binary-expr","locations":[{"start":{"line":51,"column":6},"end":{"line":51,"column":11}},{"start":{"line":51,"column":15},"end":{"line":51,"column":21}},{"start":{"line":51,"column":25},"end":{"line":51,"column":34}},{"start":{"line":51,"column":38},"end":{"line":51,"column":47}}],"line":51},"6":{"loc":{"start":{"line":74,"column":6},"end":{"line":74,"column":24}},"type":"if","locations":[{"start":{"line":74,"column":6},"end":{"line":74,"column":24}},{"start":{},"end":{}}],"line":74},"7":{"loc":{"start":{"line":83,"column":4},"end":{"line":83,"column":22}},"type":"if","locations":[{"start":{"line":83,"column":4},"end":{"line":83,"column":22}},{"start":{},"end":{}}],"line":83}},"s":{"0":1,"1":1,"2":1,"3":1,"4":1,"5":0,"6":0,"7":0,"8":0,"9":0,"10":0,"11":0,"12":0,"13":0,"14":1,"15":0,"16":0,"17":0,"18":0,"19":0,"20":0,"21":0,"22":0,"23":0,"24":1,"25":0,"26":0,"27":0,"28":0,"29":1,"30":1,"31":0,"32":1,"33":0,"34":0,"35":1,"36":0,"37":0,"38":0,"39":0,"40":0,"41":0,"42":1,"43":0,"44":0,"45":0,"46":0},"f":{"0":0,"1":0,"2":0,"3":0,"4":0,"5":0,"6":0,"7":0,"8":0,"9":0},"b":{"0":[0,0],"1":[0,0],"2":[0,0],"3":[0,0],"4":[0,0],"5":[0,0,0,0],"6":[0,0],"7":[0,0]},"_coverageSchema":"1a1c01bbd47fc00a2c39e90264f33305004495a9","hash":"2c6024f6f5010642c7ec9f98a42fc4bbc719fa39"}
,"/home/usuario/InfoSport/api/routes/sports.js": {"path":"/home/usuario/InfoSport/api/routes/sports.js","statementMap":{"0":{"start":{"line":4,"column":16},"end":{"line":4,"column":34}},"1":{"start":{"line":5,"column":15},"end":{"line":5,"column":31}},"2":{"start":{"line":8,"column":0},"end":{"line":44,"column":5}},"3":{"start":{"line":9,"column":15},"end":{"line":9,"column":31}},"4":{"start":{"line":11,"column":18},"end":{"line":21,"column":3}},"5":{"start":{"line":23,"column":15},"end":{"line":42,"column":6}},"6":{"start":{"line":24,"column":19},"end":{"line":24,"column":21}},"7":{"start":{"line":26,"column":4},"end":{"line":28,"column":7}},"8":{"start":{"line":27,"column":6},"end":{"line":27,"column":25}},"9":{"start":{"line":30,"column":4},"end":{"line":41,"column":9}},"10":{"start":{"line":31,"column":19},"end":{"line":31,"column":40}},"11":{"start":{"line":32,"column":27},"end":{"line":32,"column":54}},"12":{"start":{"line":33,"column":20},"end":{"line":39,"column":8}},"13":{"start":{"line":34,"column":8},"end":{"line":36,"column":9}},"14":{"start":{"line":35,"column":10},"end":{"line":35,"column":24}},"15":{"start":{"line":38,"column":10},"end":{"line":38,"column":115}},"16":{"start":{"line":40,"column":8},"end":{"line":40,"column":24}},"17":{"start":{"line":43,"column":2},"end":{"line":43,"column":13}},"18":{"start":{"line":48,"column":0},"end":{"line":83,"column":3}},"19":{"start":{"line":49,"column":18},"end":{"line":59,"column":3}},"20":{"start":{"line":61,"column":15},"end":{"line":81,"column":4}},"21":{"start":{"line":62,"column":19},"end":{"line":62,"column":21}},"22":{"start":{"line":64,"column":4},"end":{"line":66,"column":7}},"23":{"start":{"line":65,"column":6},"end":{"line":65,"column":25}},"24":{"start":{"line":68,"column":4},"end":{"line":79,"column":7}},"25":{"start":{"line":69,"column":19},"end":{"line":69,"column":40}},"26":{"start":{"line":70,"column":25},"end":{"line":70,"column":52}},"27":{"start":{"line":71,"column":6},"end":{"line":78,"column":7}},"28":{"start":{"line":72,"column":8},"end":{"line":72,"column":81}},"29":{"start":{"line":74,"column":22},"end":{"line":76,"column":10}},"30":{"start":{"line":75,"column":10},"end":{"line":75,"column":111}},"31":{"start":{"line":77,"column":8},"end":{"line":77,"column":24}},"32":{"start":{"line":82,"column":0},"end":{"line":82,"column":11}},"33":{"start":{"line":86,"column":0},"end":{"line":120,"column":3}},"34":{"start":{"line":87,"column":18},"end":{"line":97,"column":3}},"35":{"start":{"line":98,"column":15},"end":{"line":118,"column":4}},"36":{"start":{"line":99,"column":19},"end":{"line":99,"column":21}},"37":{"start":{"line":101,"column":4},"end":{"line":103,"column":7}},"38":{"start":{"line":102,"column":6},"end":{"line":102,"column":25}},"39":{"start":{"line":105,"column":4},"end":{"line":116,"column":7}},"40":{"start":{"line":106,"column":19},"end":{"line":106,"column":40}},"41":{"start":{"line":107,"column":25},"end":{"line":107,"column":52}},"42":{"start":{"line":108,"column":6},"end":{"line":115,"column":7}},"43":{"start":{"line":109,"column":8},"end":{"line":109,"column":81}},"44":{"start":{"line":111,"column":22},"end":{"line":113,"column":10}},"45":{"start":{"line":112,"column":10},"end":{"line":112,"column":111}},"46":{"start":{"line":114,"column":8},"end":{"line":114,"column":24}},"47":{"start":{"line":119,"column":0},"end":{"line":119,"column":11}},"48":{"start":{"line":123,"column":0},"end":{"line":157,"column":3}},"49":{"start":{"line":124,"column":18},"end":{"line":134,"column":3}},"50":{"start":{"line":135,"column":15},"end":{"line":155,"column":4}},"51":{"start":{"line":136,"column":19},"end":{"line":136,"column":21}},"52":{"start":{"line":138,"column":4},"end":{"line":140,"column":7}},"53":{"start":{"line":139,"column":6},"end":{"line":139,"column":25}},"54":{"start":{"line":142,"column":4},"end":{"line":153,"column":7}},"55":{"start":{"line":143,"column":19},"end":{"line":143,"column":40}},"56":{"start":{"line":144,"column":25},"end":{"line":144,"column":52}},"57":{"start":{"line":145,"column":6},"end":{"line":152,"column":7}},"58":{"start":{"line":146,"column":8},"end":{"line":146,"column":81}},"59":{"start":{"line":148,"column":22},"end":{"line":150,"column":10}},"60":{"start":{"line":149,"column":10},"end":{"line":149,"column":111}},"61":{"start":{"line":151,"column":8},"end":{"line":151,"column":24}},"62":{"start":{"line":156,"column":0},"end":{"line":156,"column":11}},"63":{"start":{"line":159,"column":0},"end":{"line":194,"column":3}},"64":{"start":{"line":160,"column":18},"end":{"line":170,"column":3}},"65":{"start":{"line":172,"column":15},"end":{"line":192,"column":4}},"66":{"start":{"line":173,"column":19},"end":{"line":173,"column":21}},"67":{"start":{"line":175,"column":4},"end":{"line":177,"column":7}},"68":{"start":{"line":176,"column":6},"end":{"line":176,"column":25}},"69":{"start":{"line":179,"column":4},"end":{"line":190,"column":7}},"70":{"start":{"line":180,"column":19},"end":{"line":180,"column":40}},"71":{"start":{"line":181,"column":25},"end":{"line":181,"column":52}},"72":{"start":{"line":182,"column":6},"end":{"line":189,"column":7}},"73":{"start":{"line":183,"column":8},"end":{"line":183,"column":81}},"74":{"start":{"line":185,"column":22},"end":{"line":187,"column":10}},"75":{"start":{"line":186,"column":10},"end":{"line":186,"column":111}},"76":{"start":{"line":188,"column":8},"end":{"line":188,"column":24}},"77":{"start":{"line":193,"column":0},"end":{"line":193,"column":11}},"78":{"start":{"line":196,"column":0},"end":{"line":231,"column":3}},"79":{"start":{"line":197,"column":18},"end":{"line":207,"column":3}},"80":{"start":{"line":209,"column":15},"end":{"line":229,"column":4}},"81":{"start":{"line":210,"column":19},"end":{"line":210,"column":21}},"82":{"start":{"line":212,"column":4},"end":{"line":214,"column":7}},"83":{"start":{"line":213,"column":6},"end":{"line":213,"column":25}},"84":{"start":{"line":216,"column":4},"end":{"line":227,"column":7}},"85":{"start":{"line":217,"column":19},"end":{"line":217,"column":40}},"86":{"start":{"line":218,"column":25},"end":{"line":218,"column":52}},"87":{"start":{"line":219,"column":6},"end":{"line":226,"column":7}},"88":{"start":{"line":220,"column":8},"end":{"line":220,"column":81}},"89":{"start":{"line":222,"column":22},"end":{"line":224,"column":10}},"90":{"start":{"line":223,"column":10},"end":{"line":223,"column":111}},"91":{"start":{"line":225,"column":8},"end":{"line":225,"column":24}},"92":{"start":{"line":230,"column":0},"end":{"line":230,"column":11}},"93":{"start":{"line":234,"column":0},"end":{"line":272,"column":3}},"94":{"start":{"line":235,"column":15},"end":{"line":235,"column":31}},"95":{"start":{"line":237,"column":18},"end":{"line":247,"column":3}},"96":{"start":{"line":248,"column":15},"end":{"line":270,"column":4}},"97":{"start":{"line":249,"column":19},"end":{"line":249,"column":21}},"98":{"start":{"line":251,"column":4},"end":{"line":253,"column":7}},"99":{"start":{"line":252,"column":6},"end":{"line":252,"column":25}},"100":{"start":{"line":255,"column":4},"end":{"line":269,"column":7}},"101":{"start":{"line":256,"column":19},"end":{"line":256,"column":40}},"102":{"start":{"line":257,"column":25},"end":{"line":257,"column":52}},"103":{"start":{"line":258,"column":20},"end":{"line":267,"column":8}},"104":{"start":{"line":259,"column":8},"end":{"line":261,"column":9}},"105":{"start":{"line":260,"column":10},"end":{"line":260,"column":83}},"106":{"start":{"line":262,"column":8},"end":{"line":264,"column":9}},"107":{"start":{"line":263,"column":10},"end":{"line":263,"column":22}},"108":{"start":{"line":266,"column":8},"end":{"line":266,"column":168}},"109":{"start":{"line":268,"column":4},"end":{"line":268,"column":20}},"110":{"start":{"line":271,"column":2},"end":{"line":271,"column":13}},"111":{"start":{"line":274,"column":0},"end":{"line":309,"column":3}},"112":{"start":{"line":275,"column":15},"end":{"line":275,"column":31}},"113":{"start":{"line":277,"column":18},"end":{"line":287,"column":3}},"114":{"start":{"line":288,"column":15},"end":{"line":307,"column":4}},"115":{"start":{"line":289,"column":19},"end":{"line":289,"column":21}},"116":{"start":{"line":291,"column":4},"end":{"line":293,"column":7}},"117":{"start":{"line":292,"column":6},"end":{"line":292,"column":25}},"118":{"start":{"line":295,"column":4},"end":{"line":306,"column":7}},"119":{"start":{"line":296,"column":19},"end":{"line":296,"column":40}},"120":{"start":{"line":297,"column":25},"end":{"line":297,"column":52}},"121":{"start":{"line":298,"column":20},"end":{"line":304,"column":8}},"122":{"start":{"line":299,"column":8},"end":{"line":301,"column":9}},"123":{"start":{"line":300,"column":10},"end":{"line":300,"column":22}},"124":{"start":{"line":303,"column":8},"end":{"line":303,"column":168}},"125":{"start":{"line":305,"column":6},"end":{"line":305,"column":22}},"126":{"start":{"line":308,"column":2},"end":{"line":308,"column":13}},"127":{"start":{"line":311,"column":0},"end":{"line":349,"column":3}},"128":{"start":{"line":312,"column":15},"end":{"line":312,"column":31}},"129":{"start":{"line":314,"column":18},"end":{"line":324,"column":3}},"130":{"start":{"line":325,"column":15},"end":{"line":347,"column":4}},"131":{"start":{"line":326,"column":19},"end":{"line":326,"column":21}},"132":{"start":{"line":328,"column":4},"end":{"line":330,"column":7}},"133":{"start":{"line":329,"column":6},"end":{"line":329,"column":25}},"134":{"start":{"line":332,"column":4},"end":{"line":346,"column":7}},"135":{"start":{"line":333,"column":19},"end":{"line":333,"column":40}},"136":{"start":{"line":334,"column":25},"end":{"line":334,"column":52}},"137":{"start":{"line":335,"column":20},"end":{"line":344,"column":8}},"138":{"start":{"line":336,"column":8},"end":{"line":338,"column":9}},"139":{"start":{"line":337,"column":10},"end":{"line":337,"column":83}},"140":{"start":{"line":339,"column":8},"end":{"line":341,"column":9}},"141":{"start":{"line":340,"column":10},"end":{"line":340,"column":22}},"142":{"start":{"line":343,"column":8},"end":{"line":343,"column":168}},"143":{"start":{"line":345,"column":4},"end":{"line":345,"column":20}},"144":{"start":{"line":348,"column":2},"end":{"line":348,"column":13}},"145":{"start":{"line":351,"column":0},"end":{"line":389,"column":3}},"146":{"start":{"line":352,"column":15},"end":{"line":352,"column":31}},"147":{"start":{"line":354,"column":18},"end":{"line":364,"column":3}},"148":{"start":{"line":365,"column":15},"end":{"line":387,"column":4}},"149":{"start":{"line":366,"column":19},"end":{"line":366,"column":21}},"150":{"start":{"line":368,"column":4},"end":{"line":370,"column":7}},"151":{"start":{"line":369,"column":6},"end":{"line":369,"column":25}},"152":{"start":{"line":372,"column":4},"end":{"line":386,"column":7}},"153":{"start":{"line":373,"column":19},"end":{"line":373,"column":40}},"154":{"start":{"line":374,"column":25},"end":{"line":374,"column":52}},"155":{"start":{"line":375,"column":20},"end":{"line":384,"column":8}},"156":{"start":{"line":376,"column":8},"end":{"line":378,"column":9}},"157":{"start":{"line":377,"column":10},"end":{"line":377,"column":83}},"158":{"start":{"line":379,"column":8},"end":{"line":381,"column":9}},"159":{"start":{"line":380,"column":10},"end":{"line":380,"column":22}},"160":{"start":{"line":383,"column":8},"end":{"line":383,"column":168}},"161":{"start":{"line":385,"column":4},"end":{"line":385,"column":20}},"162":{"start":{"line":388,"column":2},"end":{"line":388,"column":13}},"163":{"start":{"line":391,"column":0},"end":{"line":429,"column":3}},"164":{"start":{"line":392,"column":15},"end":{"line":392,"column":31}},"165":{"start":{"line":394,"column":18},"end":{"line":404,"column":3}},"166":{"start":{"line":405,"column":15},"end":{"line":427,"column":4}},"167":{"start":{"line":406,"column":19},"end":{"line":406,"column":21}},"168":{"start":{"line":408,"column":4},"end":{"line":410,"column":7}},"169":{"start":{"line":409,"column":6},"end":{"line":409,"column":25}},"170":{"start":{"line":412,"column":4},"end":{"line":426,"column":7}},"171":{"start":{"line":413,"column":19},"end":{"line":413,"column":40}},"172":{"start":{"line":414,"column":25},"end":{"line":414,"column":52}},"173":{"start":{"line":415,"column":20},"end":{"line":424,"column":8}},"174":{"start":{"line":416,"column":8},"end":{"line":418,"column":9}},"175":{"start":{"line":417,"column":10},"end":{"line":417,"column":83}},"176":{"start":{"line":419,"column":8},"end":{"line":421,"column":9}},"177":{"start":{"line":420,"column":10},"end":{"line":420,"column":22}},"178":{"start":{"line":423,"column":8},"end":{"line":423,"column":168}},"179":{"start":{"line":425,"column":4},"end":{"line":425,"column":20}},"180":{"start":{"line":428,"column":2},"end":{"line":428,"column":13}},"181":{"start":{"line":435,"column":0},"end":{"line":471,"column":3}},"182":{"start":{"line":436,"column":15},"end":{"line":436,"column":31}},"183":{"start":{"line":438,"column":18},"end":{"line":448,"column":1}},"184":{"start":{"line":450,"column":13},"end":{"line":469,"column":4}},"185":{"start":{"line":451,"column":17},"end":{"line":451,"column":19}},"186":{"start":{"line":453,"column":2},"end":{"line":455,"column":5}},"187":{"start":{"line":454,"column":4},"end":{"line":454,"column":23}},"188":{"start":{"line":457,"column":2},"end":{"line":468,"column":7}},"189":{"start":{"line":458,"column":17},"end":{"line":458,"column":38}},"190":{"start":{"line":459,"column":25},"end":{"line":459,"column":52}},"191":{"start":{"line":460,"column":20},"end":{"line":466,"column":6}},"192":{"start":{"line":461,"column":6},"end":{"line":463,"column":7}},"193":{"start":{"line":462,"column":8},"end":{"line":462,"column":22}},"194":{"start":{"line":465,"column":6},"end":{"line":465,"column":125}},"195":{"start":{"line":467,"column":6},"end":{"line":467,"column":24}},"196":{"start":{"line":470,"column":0},"end":{"line":470,"column":11}},"197":{"start":{"line":476,"column":0},"end":{"line":509,"column":3}},"198":{"start":{"line":477,"column":15},"end":{"line":477,"column":31}},"199":{"start":{"line":479,"column":16},"end":{"line":489,"column":1}},"200":{"start":{"line":491,"column":13},"end":{"line":507,"column":4}},"201":{"start":{"line":492,"column":17},"end":{"line":492,"column":19}},"202":{"start":{"line":494,"column":2},"end":{"line":496,"column":5}},"203":{"start":{"line":495,"column":4},"end":{"line":495,"column":23}},"204":{"start":{"line":498,"column":2},"end":{"line":506,"column":7}},"205":{"start":{"line":499,"column":17},"end":{"line":499,"column":38}},"206":{"start":{"line":500,"column":25},"end":{"line":500,"column":52}},"207":{"start":{"line":501,"column":18},"end":{"line":503,"column":6}},"208":{"start":{"line":502,"column":8},"end":{"line":502,"column":102}},"209":{"start":{"line":505,"column":6},"end":{"line":505,"column":22}},"210":{"start":{"line":508,"column":0},"end":{"line":508,"column":11}},"211":{"start":{"line":512,"column":0},"end":{"line":545,"column":3}},"212":{"start":{"line":513,"column":15},"end":{"line":513,"column":31}},"213":{"start":{"line":515,"column":18},"end":{"line":525,"column":3}},"214":{"start":{"line":527,"column":15},"end":{"line":543,"column":6}},"215":{"start":{"line":528,"column":19},"end":{"line":528,"column":21}},"216":{"start":{"line":530,"column":4},"end":{"line":532,"column":7}},"217":{"start":{"line":531,"column":6},"end":{"line":531,"column":25}},"218":{"start":{"line":534,"column":4},"end":{"line":542,"column":9}},"219":{"start":{"line":535,"column":19},"end":{"line":535,"column":40}},"220":{"start":{"line":536,"column":27},"end":{"line":536,"column":54}},"221":{"start":{"line":537,"column":20},"end":{"line":539,"column":8}},"222":{"start":{"line":538,"column":10},"end":{"line":538,"column":104}},"223":{"start":{"line":541,"column":8},"end":{"line":541,"column":24}},"224":{"start":{"line":544,"column":2},"end":{"line":544,"column":13}},"225":{"start":{"line":548,"column":0},"end":{"line":581,"column":3}},"226":{"start":{"line":549,"column":15},"end":{"line":549,"column":31}},"227":{"start":{"line":551,"column":18},"end":{"line":561,"column":3}},"228":{"start":{"line":563,"column":15},"end":{"line":579,"column":6}},"229":{"start":{"line":564,"column":19},"end":{"line":564,"column":21}},"230":{"start":{"line":566,"column":4},"end":{"line":568,"column":7}},"231":{"start":{"line":567,"column":6},"end":{"line":567,"column":25}},"232":{"start":{"line":570,"column":4},"end":{"line":578,"column":9}},"233":{"start":{"line":571,"column":19},"end":{"line":571,"column":40}},"234":{"start":{"line":572,"column":27},"end":{"line":572,"column":54}},"235":{"start":{"line":573,"column":20},"end":{"line":575,"column":8}},"236":{"start":{"line":574,"column":10},"end":{"line":574,"column":104}},"237":{"start":{"line":577,"column":8},"end":{"line":577,"column":24}},"238":{"start":{"line":580,"column":2},"end":{"line":580,"column":13}},"239":{"start":{"line":584,"column":0},"end":{"line":617,"column":3}},"240":{"start":{"line":585,"column":15},"end":{"line":585,"column":31}},"241":{"start":{"line":587,"column":18},"end":{"line":597,"column":3}},"242":{"start":{"line":599,"column":15},"end":{"line":615,"column":6}},"243":{"start":{"line":600,"column":19},"end":{"line":600,"column":21}},"244":{"start":{"line":602,"column":4},"end":{"line":604,"column":7}},"245":{"start":{"line":603,"column":6},"end":{"line":603,"column":25}},"246":{"start":{"line":606,"column":4},"end":{"line":614,"column":9}},"247":{"start":{"line":607,"column":19},"end":{"line":607,"column":40}},"248":{"start":{"line":608,"column":27},"end":{"line":608,"column":54}},"249":{"start":{"line":609,"column":20},"end":{"line":611,"column":8}},"250":{"start":{"line":610,"column":10},"end":{"line":610,"column":104}},"251":{"start":{"line":613,"column":8},"end":{"line":613,"column":24}},"252":{"start":{"line":616,"column":2},"end":{"line":616,"column":13}},"253":{"start":{"line":619,"column":0},"end":{"line":652,"column":3}},"254":{"start":{"line":620,"column":15},"end":{"line":620,"column":31}},"255":{"start":{"line":622,"column":18},"end":{"line":632,"column":3}},"256":{"start":{"line":634,"column":15},"end":{"line":650,"column":6}},"257":{"start":{"line":635,"column":19},"end":{"line":635,"column":21}},"258":{"start":{"line":637,"column":4},"end":{"line":639,"column":7}},"259":{"start":{"line":638,"column":6},"end":{"line":638,"column":25}},"260":{"start":{"line":641,"column":4},"end":{"line":649,"column":9}},"261":{"start":{"line":642,"column":19},"end":{"line":642,"column":40}},"262":{"start":{"line":643,"column":27},"end":{"line":643,"column":54}},"263":{"start":{"line":644,"column":20},"end":{"line":646,"column":8}},"264":{"start":{"line":645,"column":10},"end":{"line":645,"column":104}},"265":{"start":{"line":648,"column":8},"end":{"line":648,"column":24}},"266":{"start":{"line":651,"column":2},"end":{"line":651,"column":13}},"267":{"start":{"line":655,"column":0},"end":{"line":689,"column":3}},"268":{"start":{"line":656,"column":15},"end":{"line":656,"column":31}},"269":{"start":{"line":658,"column":16},"end":{"line":668,"column":1}},"270":{"start":{"line":670,"column":13},"end":{"line":686,"column":4}},"271":{"start":{"line":671,"column":16},"end":{"line":671,"column":18}},"272":{"start":{"line":673,"column":1},"end":{"line":675,"column":4}},"273":{"start":{"line":674,"column":2},"end":{"line":674,"column":21}},"274":{"start":{"line":677,"column":1},"end":{"line":685,"column":7}},"275":{"start":{"line":678,"column":17},"end":{"line":678,"column":38}},"276":{"start":{"line":679,"column":25},"end":{"line":679,"column":52}},"277":{"start":{"line":680,"column":18},"end":{"line":682,"column":6}},"278":{"start":{"line":681,"column":6},"end":{"line":681,"column":174}},"279":{"start":{"line":684,"column":6},"end":{"line":684,"column":22}},"280":{"start":{"line":688,"column":0},"end":{"line":688,"column":11}},"281":{"start":{"line":691,"column":0},"end":{"line":725,"column":3}},"282":{"start":{"line":692,"column":15},"end":{"line":692,"column":31}},"283":{"start":{"line":694,"column":16},"end":{"line":704,"column":1}},"284":{"start":{"line":706,"column":13},"end":{"line":722,"column":4}},"285":{"start":{"line":707,"column":16},"end":{"line":707,"column":18}},"286":{"start":{"line":709,"column":1},"end":{"line":711,"column":4}},"287":{"start":{"line":710,"column":2},"end":{"line":710,"column":21}},"288":{"start":{"line":713,"column":1},"end":{"line":721,"column":7}},"289":{"start":{"line":714,"column":17},"end":{"line":714,"column":38}},"290":{"start":{"line":715,"column":25},"end":{"line":715,"column":52}},"291":{"start":{"line":716,"column":18},"end":{"line":718,"column":6}},"292":{"start":{"line":717,"column":6},"end":{"line":717,"column":174}},"293":{"start":{"line":720,"column":6},"end":{"line":720,"column":22}},"294":{"start":{"line":724,"column":0},"end":{"line":724,"column":11}},"295":{"start":{"line":727,"column":0},"end":{"line":761,"column":3}},"296":{"start":{"line":728,"column":15},"end":{"line":728,"column":31}},"297":{"start":{"line":730,"column":16},"end":{"line":740,"column":1}},"298":{"start":{"line":742,"column":13},"end":{"line":758,"column":4}},"299":{"start":{"line":743,"column":16},"end":{"line":743,"column":18}},"300":{"start":{"line":745,"column":1},"end":{"line":747,"column":4}},"301":{"start":{"line":746,"column":2},"end":{"line":746,"column":21}},"302":{"start":{"line":749,"column":1},"end":{"line":757,"column":7}},"303":{"start":{"line":750,"column":17},"end":{"line":750,"column":38}},"304":{"start":{"line":751,"column":25},"end":{"line":751,"column":52}},"305":{"start":{"line":752,"column":18},"end":{"line":754,"column":6}},"306":{"start":{"line":753,"column":6},"end":{"line":753,"column":174}},"307":{"start":{"line":756,"column":6},"end":{"line":756,"column":22}},"308":{"start":{"line":760,"column":0},"end":{"line":760,"column":11}},"309":{"start":{"line":763,"column":0},"end":{"line":797,"column":3}},"310":{"start":{"line":764,"column":15},"end":{"line":764,"column":31}},"311":{"start":{"line":766,"column":16},"end":{"line":776,"column":1}},"312":{"start":{"line":778,"column":13},"end":{"line":794,"column":4}},"313":{"start":{"line":779,"column":16},"end":{"line":779,"column":18}},"314":{"start":{"line":781,"column":1},"end":{"line":783,"column":4}},"315":{"start":{"line":782,"column":2},"end":{"line":782,"column":21}},"316":{"start":{"line":785,"column":1},"end":{"line":793,"column":7}},"317":{"start":{"line":786,"column":17},"end":{"line":786,"column":38}},"318":{"start":{"line":787,"column":25},"end":{"line":787,"column":52}},"319":{"start":{"line":788,"column":18},"end":{"line":790,"column":6}},"320":{"start":{"line":789,"column":6},"end":{"line":789,"column":174}},"321":{"start":{"line":792,"column":6},"end":{"line":792,"column":22}},"322":{"start":{"line":796,"column":0},"end":{"line":796,"column":11}},"323":{"start":{"line":799,"column":0},"end":{"line":833,"column":3}},"324":{"start":{"line":800,"column":15},"end":{"line":800,"column":31}},"325":{"start":{"line":802,"column":16},"end":{"line":812,"column":1}},"326":{"start":{"line":814,"column":13},"end":{"line":830,"column":4}},"327":{"start":{"line":815,"column":16},"end":{"line":815,"column":18}},"328":{"start":{"line":817,"column":1},"end":{"line":819,"column":4}},"329":{"start":{"line":818,"column":2},"end":{"line":818,"column":21}},"330":{"start":{"line":821,"column":1},"end":{"line":829,"column":7}},"331":{"start":{"line":822,"column":17},"end":{"line":822,"column":38}},"332":{"start":{"line":823,"column":25},"end":{"line":823,"column":52}},"333":{"start":{"line":824,"column":18},"end":{"line":826,"column":6}},"334":{"start":{"line":825,"column":6},"end":{"line":825,"column":174}},"335":{"start":{"line":828,"column":6},"end":{"line":828,"column":22}},"336":{"start":{"line":832,"column":0},"end":{"line":832,"column":11}},"337":{"start":{"line":835,"column":0},"end":{"line":835,"column":24}}},"fnMap":{"0":{"name":"(anonymous_0)","decl":{"start":{"line":8,"column":22},"end":{"line":8,"column":23}},"loc":{"start":{"line":8,"column":36},"end":{"line":44,"column":3}},"line":8},"1":{"name":"(anonymous_1)","decl":{"start":{"line":23,"column":37},"end":{"line":23,"column":38}},"loc":{"start":{"line":23,"column":57},"end":{"line":42,"column":5}},"line":23},"2":{"name":"(anonymous_2)","decl":{"start":{"line":26,"column":24},"end":{"line":26,"column":25}},"loc":{"start":{"line":26,"column":41},"end":{"line":28,"column":5}},"line":26},"3":{"name":"(anonymous_3)","decl":{"start":{"line":30,"column":23},"end":{"line":30,"column":24}},"loc":{"start":{"line":30,"column":35},"end":{"line":41,"column":7}},"line":30},"4":{"name":"(anonymous_4)","decl":{"start":{"line":33,"column":49},"end":{"line":33,"column":50}},"loc":{"start":{"line":33,"column":61},"end":{"line":37,"column":7}},"line":33},"5":{"name":"(anonymous_5)","decl":{"start":{"line":37,"column":13},"end":{"line":37,"column":14}},"loc":{"start":{"line":37,"column":25},"end":{"line":39,"column":7}},"line":37},"6":{"name":"(anonymous_6)","decl":{"start":{"line":48,"column":26},"end":{"line":48,"column":27}},"loc":{"start":{"line":48,"column":40},"end":{"line":83,"column":1}},"line":48},"7":{"name":"(anonymous_7)","decl":{"start":{"line":61,"column":37},"end":{"line":61,"column":38}},"loc":{"start":{"line":61,"column":57},"end":{"line":81,"column":3}},"line":61},"8":{"name":"(anonymous_8)","decl":{"start":{"line":64,"column":24},"end":{"line":64,"column":25}},"loc":{"start":{"line":64,"column":41},"end":{"line":66,"column":5}},"line":64},"9":{"name":"(anonymous_9)","decl":{"start":{"line":68,"column":23},"end":{"line":68,"column":24}},"loc":{"start":{"line":68,"column":35},"end":{"line":79,"column":5}},"line":68},"10":{"name":"(anonymous_10)","decl":{"start":{"line":74,"column":49},"end":{"line":74,"column":50}},"loc":{"start":{"line":74,"column":59},"end":{"line":76,"column":9}},"line":74},"11":{"name":"(anonymous_11)","decl":{"start":{"line":86,"column":26},"end":{"line":86,"column":27}},"loc":{"start":{"line":86,"column":40},"end":{"line":120,"column":1}},"line":86},"12":{"name":"(anonymous_12)","decl":{"start":{"line":98,"column":37},"end":{"line":98,"column":38}},"loc":{"start":{"line":98,"column":57},"end":{"line":118,"column":3}},"line":98},"13":{"name":"(anonymous_13)","decl":{"start":{"line":101,"column":24},"end":{"line":101,"column":25}},"loc":{"start":{"line":101,"column":41},"end":{"line":103,"column":5}},"line":101},"14":{"name":"(anonymous_14)","decl":{"start":{"line":105,"column":23},"end":{"line":105,"column":24}},"loc":{"start":{"line":105,"column":35},"end":{"line":116,"column":5}},"line":105},"15":{"name":"(anonymous_15)","decl":{"start":{"line":111,"column":49},"end":{"line":111,"column":50}},"loc":{"start":{"line":111,"column":59},"end":{"line":113,"column":9}},"line":111},"16":{"name":"(anonymous_16)","decl":{"start":{"line":123,"column":33},"end":{"line":123,"column":34}},"loc":{"start":{"line":123,"column":47},"end":{"line":157,"column":1}},"line":123},"17":{"name":"(anonymous_17)","decl":{"start":{"line":135,"column":37},"end":{"line":135,"column":38}},"loc":{"start":{"line":135,"column":57},"end":{"line":155,"column":3}},"line":135},"18":{"name":"(anonymous_18)","decl":{"start":{"line":138,"column":24},"end":{"line":138,"column":25}},"loc":{"start":{"line":138,"column":41},"end":{"line":140,"column":5}},"line":138},"19":{"name":"(anonymous_19)","decl":{"start":{"line":142,"column":23},"end":{"line":142,"column":24}},"loc":{"start":{"line":142,"column":35},"end":{"line":153,"column":5}},"line":142},"20":{"name":"(anonymous_20)","decl":{"start":{"line":148,"column":49},"end":{"line":148,"column":50}},"loc":{"start":{"line":148,"column":59},"end":{"line":150,"column":9}},"line":148},"21":{"name":"(anonymous_21)","decl":{"start":{"line":159,"column":28},"end":{"line":159,"column":29}},"loc":{"start":{"line":159,"column":42},"end":{"line":194,"column":1}},"line":159},"22":{"name":"(anonymous_22)","decl":{"start":{"line":172,"column":37},"end":{"line":172,"column":38}},"loc":{"start":{"line":172,"column":57},"end":{"line":192,"column":3}},"line":172},"23":{"name":"(anonymous_23)","decl":{"start":{"line":175,"column":24},"end":{"line":175,"column":25}},"loc":{"start":{"line":175,"column":41},"end":{"line":177,"column":5}},"line":175},"24":{"name":"(anonymous_24)","decl":{"start":{"line":179,"column":23},"end":{"line":179,"column":24}},"loc":{"start":{"line":179,"column":35},"end":{"line":190,"column":5}},"line":179},"25":{"name":"(anonymous_25)","decl":{"start":{"line":185,"column":49},"end":{"line":185,"column":50}},"loc":{"start":{"line":185,"column":59},"end":{"line":187,"column":9}},"line":185},"26":{"name":"(anonymous_26)","decl":{"start":{"line":196,"column":32},"end":{"line":196,"column":33}},"loc":{"start":{"line":196,"column":46},"end":{"line":231,"column":1}},"line":196},"27":{"name":"(anonymous_27)","decl":{"start":{"line":209,"column":37},"end":{"line":209,"column":38}},"loc":{"start":{"line":209,"column":57},"end":{"line":229,"column":3}},"line":209},"28":{"name":"(anonymous_28)","decl":{"start":{"line":212,"column":24},"end":{"line":212,"column":25}},"loc":{"start":{"line":212,"column":41},"end":{"line":214,"column":5}},"line":212},"29":{"name":"(anonymous_29)","decl":{"start":{"line":216,"column":23},"end":{"line":216,"column":24}},"loc":{"start":{"line":216,"column":35},"end":{"line":227,"column":5}},"line":216},"30":{"name":"(anonymous_30)","decl":{"start":{"line":222,"column":49},"end":{"line":222,"column":50}},"loc":{"start":{"line":222,"column":59},"end":{"line":224,"column":9}},"line":222},"31":{"name":"(anonymous_31)","decl":{"start":{"line":234,"column":32},"end":{"line":234,"column":33}},"loc":{"start":{"line":234,"column":46},"end":{"line":272,"column":1}},"line":234},"32":{"name":"(anonymous_32)","decl":{"start":{"line":248,"column":37},"end":{"line":248,"column":38}},"loc":{"start":{"line":248,"column":57},"end":{"line":270,"column":3}},"line":248},"33":{"name":"(anonymous_33)","decl":{"start":{"line":251,"column":24},"end":{"line":251,"column":25}},"loc":{"start":{"line":251,"column":41},"end":{"line":253,"column":5}},"line":251},"34":{"name":"(anonymous_34)","decl":{"start":{"line":255,"column":23},"end":{"line":255,"column":24}},"loc":{"start":{"line":255,"column":35},"end":{"line":269,"column":5}},"line":255},"35":{"name":"(anonymous_35)","decl":{"start":{"line":258,"column":47},"end":{"line":258,"column":48}},"loc":{"start":{"line":258,"column":57},"end":{"line":265,"column":7}},"line":258},"36":{"name":"(anonymous_36)","decl":{"start":{"line":265,"column":13},"end":{"line":265,"column":14}},"loc":{"start":{"line":265,"column":23},"end":{"line":267,"column":7}},"line":265},"37":{"name":"(anonymous_37)","decl":{"start":{"line":274,"column":32},"end":{"line":274,"column":33}},"loc":{"start":{"line":274,"column":46},"end":{"line":309,"column":1}},"line":274},"38":{"name":"(anonymous_38)","decl":{"start":{"line":288,"column":37},"end":{"line":288,"column":38}},"loc":{"start":{"line":288,"column":57},"end":{"line":307,"column":3}},"line":288},"39":{"name":"(anonymous_39)","decl":{"start":{"line":291,"column":24},"end":{"line":291,"column":25}},"loc":{"start":{"line":291,"column":41},"end":{"line":293,"column":5}},"line":291},"40":{"name":"(anonymous_40)","decl":{"start":{"line":295,"column":23},"end":{"line":295,"column":24}},"loc":{"start":{"line":295,"column":35},"end":{"line":306,"column":5}},"line":295},"41":{"name":"(anonymous_41)","decl":{"start":{"line":298,"column":47},"end":{"line":298,"column":48}},"loc":{"start":{"line":298,"column":57},"end":{"line":302,"column":7}},"line":298},"42":{"name":"(anonymous_42)","decl":{"start":{"line":302,"column":13},"end":{"line":302,"column":14}},"loc":{"start":{"line":302,"column":23},"end":{"line":304,"column":7}},"line":302},"43":{"name":"(anonymous_43)","decl":{"start":{"line":311,"column":37},"end":{"line":311,"column":38}},"loc":{"start":{"line":311,"column":51},"end":{"line":349,"column":1}},"line":311},"44":{"name":"(anonymous_44)","decl":{"start":{"line":325,"column":37},"end":{"line":325,"column":38}},"loc":{"start":{"line":325,"column":57},"end":{"line":347,"column":3}},"line":325},"45":{"name":"(anonymous_45)","decl":{"start":{"line":328,"column":24},"end":{"line":328,"column":25}},"loc":{"start":{"line":328,"column":41},"end":{"line":330,"column":5}},"line":328},"46":{"name":"(anonymous_46)","decl":{"start":{"line":332,"column":23},"end":{"line":332,"column":24}},"loc":{"start":{"line":332,"column":35},"end":{"line":346,"column":5}},"line":332},"47":{"name":"(anonymous_47)","decl":{"start":{"line":335,"column":47},"end":{"line":335,"column":48}},"loc":{"start":{"line":335,"column":57},"end":{"line":342,"column":7}},"line":335},"48":{"name":"(anonymous_48)","decl":{"start":{"line":342,"column":13},"end":{"line":342,"column":14}},"loc":{"start":{"line":342,"column":23},"end":{"line":344,"column":7}},"line":342},"49":{"name":"(anonymous_49)","decl":{"start":{"line":351,"column":34},"end":{"line":351,"column":35}},"loc":{"start":{"line":351,"column":48},"end":{"line":389,"column":1}},"line":351},"50":{"name":"(anonymous_50)","decl":{"start":{"line":365,"column":37},"end":{"line":365,"column":38}},"loc":{"start":{"line":365,"column":57},"end":{"line":387,"column":3}},"line":365},"51":{"name":"(anonymous_51)","decl":{"start":{"line":368,"column":24},"end":{"line":368,"column":25}},"loc":{"start":{"line":368,"column":41},"end":{"line":370,"column":5}},"line":368},"52":{"name":"(anonymous_52)","decl":{"start":{"line":372,"column":23},"end":{"line":372,"column":24}},"loc":{"start":{"line":372,"column":35},"end":{"line":386,"column":5}},"line":372},"53":{"name":"(anonymous_53)","decl":{"start":{"line":375,"column":47},"end":{"line":375,"column":48}},"loc":{"start":{"line":375,"column":57},"end":{"line":382,"column":7}},"line":375},"54":{"name":"(anonymous_54)","decl":{"start":{"line":382,"column":13},"end":{"line":382,"column":14}},"loc":{"start":{"line":382,"column":23},"end":{"line":384,"column":7}},"line":382},"55":{"name":"(anonymous_55)","decl":{"start":{"line":391,"column":38},"end":{"line":391,"column":39}},"loc":{"start":{"line":391,"column":52},"end":{"line":429,"column":1}},"line":391},"56":{"name":"(anonymous_56)","decl":{"start":{"line":405,"column":37},"end":{"line":405,"column":38}},"loc":{"start":{"line":405,"column":57},"end":{"line":427,"column":3}},"line":405},"57":{"name":"(anonymous_57)","decl":{"start":{"line":408,"column":24},"end":{"line":408,"column":25}},"loc":{"start":{"line":408,"column":41},"end":{"line":410,"column":5}},"line":408},"58":{"name":"(anonymous_58)","decl":{"start":{"line":412,"column":23},"end":{"line":412,"column":24}},"loc":{"start":{"line":412,"column":35},"end":{"line":426,"column":5}},"line":412},"59":{"name":"(anonymous_59)","decl":{"start":{"line":415,"column":47},"end":{"line":415,"column":48}},"loc":{"start":{"line":415,"column":57},"end":{"line":422,"column":7}},"line":415},"60":{"name":"(anonymous_60)","decl":{"start":{"line":422,"column":13},"end":{"line":422,"column":14}},"loc":{"start":{"line":422,"column":23},"end":{"line":424,"column":7}},"line":422},"61":{"name":"(anonymous_61)","decl":{"start":{"line":435,"column":24},"end":{"line":435,"column":25}},"loc":{"start":{"line":435,"column":38},"end":{"line":471,"column":1}},"line":435},"62":{"name":"(anonymous_62)","decl":{"start":{"line":450,"column":35},"end":{"line":450,"column":36}},"loc":{"start":{"line":450,"column":55},"end":{"line":469,"column":3}},"line":450},"63":{"name":"(anonymous_63)","decl":{"start":{"line":453,"column":22},"end":{"line":453,"column":23}},"loc":{"start":{"line":453,"column":39},"end":{"line":455,"column":3}},"line":453},"64":{"name":"(anonymous_64)","decl":{"start":{"line":457,"column":21},"end":{"line":457,"column":22}},"loc":{"start":{"line":457,"column":33},"end":{"line":468,"column":5}},"line":457},"65":{"name":"(anonymous_65)","decl":{"start":{"line":460,"column":49},"end":{"line":460,"column":50}},"loc":{"start":{"line":460,"column":61},"end":{"line":464,"column":5}},"line":460},"66":{"name":"(anonymous_66)","decl":{"start":{"line":464,"column":11},"end":{"line":464,"column":12}},"loc":{"start":{"line":464,"column":23},"end":{"line":466,"column":5}},"line":464},"67":{"name":"(anonymous_67)","decl":{"start":{"line":476,"column":31},"end":{"line":476,"column":32}},"loc":{"start":{"line":476,"column":45},"end":{"line":509,"column":1}},"line":476},"68":{"name":"(anonymous_68)","decl":{"start":{"line":491,"column":35},"end":{"line":491,"column":36}},"loc":{"start":{"line":491,"column":55},"end":{"line":507,"column":3}},"line":491},"69":{"name":"(anonymous_69)","decl":{"start":{"line":494,"column":22},"end":{"line":494,"column":23}},"loc":{"start":{"line":494,"column":39},"end":{"line":496,"column":3}},"line":494},"70":{"name":"(anonymous_70)","decl":{"start":{"line":498,"column":21},"end":{"line":498,"column":22}},"loc":{"start":{"line":498,"column":33},"end":{"line":506,"column":5}},"line":498},"71":{"name":"(anonymous_71)","decl":{"start":{"line":501,"column":67},"end":{"line":501,"column":68}},"loc":{"start":{"line":501,"column":77},"end":{"line":503,"column":5}},"line":501},"72":{"name":"(anonymous_72)","decl":{"start":{"line":512,"column":32},"end":{"line":512,"column":33}},"loc":{"start":{"line":512,"column":46},"end":{"line":545,"column":1}},"line":512},"73":{"name":"(anonymous_73)","decl":{"start":{"line":527,"column":37},"end":{"line":527,"column":38}},"loc":{"start":{"line":527,"column":57},"end":{"line":543,"column":5}},"line":527},"74":{"name":"(anonymous_74)","decl":{"start":{"line":530,"column":24},"end":{"line":530,"column":25}},"loc":{"start":{"line":530,"column":41},"end":{"line":532,"column":5}},"line":530},"75":{"name":"(anonymous_75)","decl":{"start":{"line":534,"column":23},"end":{"line":534,"column":24}},"loc":{"start":{"line":534,"column":35},"end":{"line":542,"column":7}},"line":534},"76":{"name":"(anonymous_76)","decl":{"start":{"line":537,"column":69},"end":{"line":537,"column":70}},"loc":{"start":{"line":537,"column":79},"end":{"line":539,"column":7}},"line":537},"77":{"name":"(anonymous_77)","decl":{"start":{"line":548,"column":34},"end":{"line":548,"column":35}},"loc":{"start":{"line":548,"column":48},"end":{"line":581,"column":1}},"line":548},"78":{"name":"(anonymous_78)","decl":{"start":{"line":563,"column":37},"end":{"line":563,"column":38}},"loc":{"start":{"line":563,"column":57},"end":{"line":579,"column":5}},"line":563},"79":{"name":"(anonymous_79)","decl":{"start":{"line":566,"column":24},"end":{"line":566,"column":25}},"loc":{"start":{"line":566,"column":41},"end":{"line":568,"column":5}},"line":566},"80":{"name":"(anonymous_80)","decl":{"start":{"line":570,"column":23},"end":{"line":570,"column":24}},"loc":{"start":{"line":570,"column":35},"end":{"line":578,"column":7}},"line":570},"81":{"name":"(anonymous_81)","decl":{"start":{"line":573,"column":69},"end":{"line":573,"column":70}},"loc":{"start":{"line":573,"column":79},"end":{"line":575,"column":7}},"line":573},"82":{"name":"(anonymous_82)","decl":{"start":{"line":584,"column":37},"end":{"line":584,"column":38}},"loc":{"start":{"line":584,"column":51},"end":{"line":617,"column":1}},"line":584},"83":{"name":"(anonymous_83)","decl":{"start":{"line":599,"column":37},"end":{"line":599,"column":38}},"loc":{"start":{"line":599,"column":57},"end":{"line":615,"column":5}},"line":599},"84":{"name":"(anonymous_84)","decl":{"start":{"line":602,"column":24},"end":{"line":602,"column":25}},"loc":{"start":{"line":602,"column":41},"end":{"line":604,"column":5}},"line":602},"85":{"name":"(anonymous_85)","decl":{"start":{"line":606,"column":23},"end":{"line":606,"column":24}},"loc":{"start":{"line":606,"column":35},"end":{"line":614,"column":7}},"line":606},"86":{"name":"(anonymous_86)","decl":{"start":{"line":609,"column":69},"end":{"line":609,"column":70}},"loc":{"start":{"line":609,"column":79},"end":{"line":611,"column":7}},"line":609},"87":{"name":"(anonymous_87)","decl":{"start":{"line":619,"column":35},"end":{"line":619,"column":36}},"loc":{"start":{"line":619,"column":49},"end":{"line":652,"column":1}},"line":619},"88":{"name":"(anonymous_88)","decl":{"start":{"line":634,"column":37},"end":{"line":634,"column":38}},"loc":{"start":{"line":634,"column":57},"end":{"line":650,"column":5}},"line":634},"89":{"name":"(anonymous_89)","decl":{"start":{"line":637,"column":24},"end":{"line":637,"column":25}},"loc":{"start":{"line":637,"column":41},"end":{"line":639,"column":5}},"line":637},"90":{"name":"(anonymous_90)","decl":{"start":{"line":641,"column":23},"end":{"line":641,"column":24}},"loc":{"start":{"line":641,"column":35},"end":{"line":649,"column":7}},"line":641},"91":{"name":"(anonymous_91)","decl":{"start":{"line":644,"column":69},"end":{"line":644,"column":70}},"loc":{"start":{"line":644,"column":79},"end":{"line":646,"column":7}},"line":644},"92":{"name":"(anonymous_92)","decl":{"start":{"line":655,"column":39},"end":{"line":655,"column":40}},"loc":{"start":{"line":655,"column":53},"end":{"line":689,"column":1}},"line":655},"93":{"name":"(anonymous_93)","decl":{"start":{"line":670,"column":35},"end":{"line":670,"column":36}},"loc":{"start":{"line":670,"column":55},"end":{"line":686,"column":3}},"line":670},"94":{"name":"(anonymous_94)","decl":{"start":{"line":673,"column":21},"end":{"line":673,"column":22}},"loc":{"start":{"line":673,"column":38},"end":{"line":675,"column":2}},"line":673},"95":{"name":"(anonymous_95)","decl":{"start":{"line":677,"column":20},"end":{"line":677,"column":21}},"loc":{"start":{"line":677,"column":32},"end":{"line":685,"column":5}},"line":677},"96":{"name":"(anonymous_96)","decl":{"start":{"line":680,"column":44},"end":{"line":680,"column":45}},"loc":{"start":{"line":680,"column":54},"end":{"line":682,"column":5}},"line":680},"97":{"name":"(anonymous_97)","decl":{"start":{"line":691,"column":40},"end":{"line":691,"column":41}},"loc":{"start":{"line":691,"column":54},"end":{"line":725,"column":1}},"line":691},"98":{"name":"(anonymous_98)","decl":{"start":{"line":706,"column":35},"end":{"line":706,"column":36}},"loc":{"start":{"line":706,"column":55},"end":{"line":722,"column":3}},"line":706},"99":{"name":"(anonymous_99)","decl":{"start":{"line":709,"column":21},"end":{"line":709,"column":22}},"loc":{"start":{"line":709,"column":38},"end":{"line":711,"column":2}},"line":709},"100":{"name":"(anonymous_100)","decl":{"start":{"line":713,"column":20},"end":{"line":713,"column":21}},"loc":{"start":{"line":713,"column":32},"end":{"line":721,"column":5}},"line":713},"101":{"name":"(anonymous_101)","decl":{"start":{"line":716,"column":44},"end":{"line":716,"column":45}},"loc":{"start":{"line":716,"column":54},"end":{"line":718,"column":5}},"line":716},"102":{"name":"(anonymous_102)","decl":{"start":{"line":727,"column":42},"end":{"line":727,"column":43}},"loc":{"start":{"line":727,"column":56},"end":{"line":761,"column":1}},"line":727},"103":{"name":"(anonymous_103)","decl":{"start":{"line":742,"column":35},"end":{"line":742,"column":36}},"loc":{"start":{"line":742,"column":55},"end":{"line":758,"column":3}},"line":742},"104":{"name":"(anonymous_104)","decl":{"start":{"line":745,"column":21},"end":{"line":745,"column":22}},"loc":{"start":{"line":745,"column":38},"end":{"line":747,"column":2}},"line":745},"105":{"name":"(anonymous_105)","decl":{"start":{"line":749,"column":20},"end":{"line":749,"column":21}},"loc":{"start":{"line":749,"column":32},"end":{"line":757,"column":5}},"line":749},"106":{"name":"(anonymous_106)","decl":{"start":{"line":752,"column":44},"end":{"line":752,"column":45}},"loc":{"start":{"line":752,"column":54},"end":{"line":754,"column":5}},"line":752},"107":{"name":"(anonymous_107)","decl":{"start":{"line":763,"column":45},"end":{"line":763,"column":46}},"loc":{"start":{"line":763,"column":59},"end":{"line":797,"column":1}},"line":763},"108":{"name":"(anonymous_108)","decl":{"start":{"line":778,"column":35},"end":{"line":778,"column":36}},"loc":{"start":{"line":778,"column":55},"end":{"line":794,"column":3}},"line":778},"109":{"name":"(anonymous_109)","decl":{"start":{"line":781,"column":21},"end":{"line":781,"column":22}},"loc":{"start":{"line":781,"column":38},"end":{"line":783,"column":2}},"line":781},"110":{"name":"(anonymous_110)","decl":{"start":{"line":785,"column":20},"end":{"line":785,"column":21}},"loc":{"start":{"line":785,"column":32},"end":{"line":793,"column":5}},"line":785},"111":{"name":"(anonymous_111)","decl":{"start":{"line":788,"column":44},"end":{"line":788,"column":45}},"loc":{"start":{"line":788,"column":54},"end":{"line":790,"column":5}},"line":788},"112":{"name":"(anonymous_112)","decl":{"start":{"line":799,"column":43},"end":{"line":799,"column":44}},"loc":{"start":{"line":799,"column":57},"end":{"line":833,"column":1}},"line":799},"113":{"name":"(anonymous_113)","decl":{"start":{"line":814,"column":35},"end":{"line":814,"column":36}},"loc":{"start":{"line":814,"column":55},"end":{"line":830,"column":3}},"line":814},"114":{"name":"(anonymous_114)","decl":{"start":{"line":817,"column":21},"end":{"line":817,"column":22}},"loc":{"start":{"line":817,"column":38},"end":{"line":819,"column":2}},"line":817},"115":{"name":"(anonymous_115)","decl":{"start":{"line":821,"column":20},"end":{"line":821,"column":21}},"loc":{"start":{"line":821,"column":32},"end":{"line":829,"column":5}},"line":821},"116":{"name":"(anonymous_116)","decl":{"start":{"line":824,"column":44},"end":{"line":824,"column":45}},"loc":{"start":{"line":824,"column":54},"end":{"line":826,"column":5}},"line":824}},"branchMap":{"0":{"loc":{"start":{"line":34,"column":8},"end":{"line":36,"column":9}},"type":"if","locations":[{"start":{"line":34,"column":8},"end":{"line":36,"column":9}},{"start":{},"end":{}}],"line":34},"1":{"loc":{"start":{"line":34,"column":11},"end":{"line":34,"column":104}},"type":"binary-expr","locations":[{"start":{"line":34,"column":11},"end":{"line":34,"column":27}},{"start":{"line":34,"column":31},"end":{"line":34,"column":46}},{"start":{"line":34,"column":50},"end":{"line":34,"column":66}},{"start":{"line":34,"column":70},"end":{"line":34,"column":85}},{"start":{"line":34,"column":88},"end":{"line":34,"column":104}}],"line":34},"2":{"loc":{"start":{"line":71,"column":6},"end":{"line":78,"column":7}},"type":"if","locations":[{"start":{"line":71,"column":6},"end":{"line":78,"column":7}},{"start":{"line":73,"column":13},"end":{"line":78,"column":7}}],"line":71},"3":{"loc":{"start":{"line":108,"column":6},"end":{"line":115,"column":7}},"type":"if","locations":[{"start":{"line":108,"column":6},"end":{"line":115,"column":7}},{"start":{"line":110,"column":13},"end":{"line":115,"column":7}}],"line":108},"4":{"loc":{"start":{"line":145,"column":6},"end":{"line":152,"column":7}},"type":"if","locations":[{"start":{"line":145,"column":6},"end":{"line":152,"column":7}},{"start":{"line":147,"column":13},"end":{"line":152,"column":7}}],"line":145},"5":{"loc":{"start":{"line":182,"column":6},"end":{"line":189,"column":7}},"type":"if","locations":[{"start":{"line":182,"column":6},"end":{"line":189,"column":7}},{"start":{"line":184,"column":13},"end":{"line":189,"column":7}}],"line":182},"6":{"loc":{"start":{"line":219,"column":6},"end":{"line":226,"column":7}},"type":"if","locations":[{"start":{"line":219,"column":6},"end":{"line":226,"column":7}},{"start":{"line":221,"column":13},"end":{"line":226,"column":7}}],"line":219},"7":{"loc":{"start":{"line":259,"column":8},"end":{"line":261,"column":9}},"type":"if","locations":[{"start":{"line":259,"column":8},"end":{"line":261,"column":9}},{"start":{},"end":{}}],"line":259},"8":{"loc":{"start":{"line":262,"column":8},"end":{"line":264,"column":9}},"type":"if","locations":[{"start":{"line":262,"column":8},"end":{"line":264,"column":9}},{"start":{},"end":{}}],"line":262},"9":{"loc":{"start":{"line":262,"column":12},"end":{"line":262,"column":70}},"type":"binary-expr","locations":[{"start":{"line":262,"column":12},"end":{"line":262,"column":43}},{"start":{"line":262,"column":47},"end":{"line":262,"column":70}}],"line":262},"10":{"loc":{"start":{"line":299,"column":8},"end":{"line":301,"column":9}},"type":"if","locations":[{"start":{"line":299,"column":8},"end":{"line":301,"column":9}},{"start":{},"end":{}}],"line":299},"11":{"loc":{"start":{"line":299,"column":12},"end":{"line":299,"column":70}},"type":"binary-expr","locations":[{"start":{"line":299,"column":12},"end":{"line":299,"column":43}},{"start":{"line":299,"column":47},"end":{"line":299,"column":70}}],"line":299},"12":{"loc":{"start":{"line":336,"column":8},"end":{"line":338,"column":9}},"type":"if","locations":[{"start":{"line":336,"column":8},"end":{"line":338,"column":9}},{"start":{},"end":{}}],"line":336},"13":{"loc":{"start":{"line":339,"column":8},"end":{"line":341,"column":9}},"type":"if","locations":[{"start":{"line":339,"column":8},"end":{"line":341,"column":9}},{"start":{},"end":{}}],"line":339},"14":{"loc":{"start":{"line":339,"column":12},"end":{"line":339,"column":70}},"type":"binary-expr","locations":[{"start":{"line":339,"column":12},"end":{"line":339,"column":43}},{"start":{"line":339,"column":47},"end":{"line":339,"column":70}}],"line":339},"15":{"loc":{"start":{"line":376,"column":8},"end":{"line":378,"column":9}},"type":"if","locations":[{"start":{"line":376,"column":8},"end":{"line":378,"column":9}},{"start":{},"end":{}}],"line":376},"16":{"loc":{"start":{"line":379,"column":8},"end":{"line":381,"column":9}},"type":"if","locations":[{"start":{"line":379,"column":8},"end":{"line":381,"column":9}},{"start":{},"end":{}}],"line":379},"17":{"loc":{"start":{"line":379,"column":12},"end":{"line":379,"column":70}},"type":"binary-expr","locations":[{"start":{"line":379,"column":12},"end":{"line":379,"column":43}},{"start":{"line":379,"column":47},"end":{"line":379,"column":70}}],"line":379},"18":{"loc":{"start":{"line":416,"column":8},"end":{"line":418,"column":9}},"type":"if","locations":[{"start":{"line":416,"column":8},"end":{"line":418,"column":9}},{"start":{},"end":{}}],"line":416},"19":{"loc":{"start":{"line":419,"column":8},"end":{"line":421,"column":9}},"type":"if","locations":[{"start":{"line":419,"column":8},"end":{"line":421,"column":9}},{"start":{},"end":{}}],"line":419},"20":{"loc":{"start":{"line":419,"column":12},"end":{"line":419,"column":70}},"type":"binary-expr","locations":[{"start":{"line":419,"column":12},"end":{"line":419,"column":43}},{"start":{"line":419,"column":47},"end":{"line":419,"column":70}}],"line":419},"21":{"loc":{"start":{"line":461,"column":6},"end":{"line":463,"column":7}},"type":"if","locations":[{"start":{"line":461,"column":6},"end":{"line":463,"column":7}},{"start":{},"end":{}}],"line":461},"22":{"loc":{"start":{"line":461,"column":9},"end":{"line":461,"column":133}},"type":"binary-expr","locations":[{"start":{"line":461,"column":9},"end":{"line":461,"column":32}},{"start":{"line":461,"column":36},"end":{"line":461,"column":57}},{"start":{"line":461,"column":61},"end":{"line":461,"column":83}},{"start":{"line":461,"column":87},"end":{"line":461,"column":108}},{"start":{"line":461,"column":111},"end":{"line":461,"column":133}}],"line":461}},"s":{"0":1,"1":1,"2":1,"3":0,"4":0,"5":0,"6":0,"7":0,"8":0,"9":0,"10":0,"11":0,"12":0,"13":0,"14":0,"15":0,"16":0,"17":0,"18":1,"19":0,"20":0,"21":0,"22":0,"23":0,"24":0,"25":0,"26":0,"27":0,"28":0,"29":0,"30":0,"31":0,"32":0,"33":1,"34":0,"35":0,"36":0,"37":0,"38":0,"39":0,"40":0,"41":0,"42":0,"43":0,"44":0,"45":0,"46":0,"47":0,"48":1,"49":0,"50":0,"51":0,"52":0,"53":0,"54":0,"55":0,"56":0,"57":0,"58":0,"59":0,"60":0,"61":0,"62":0,"63":1,"64":0,"65":0,"66":0,"67":0,"68":0,"69":0,"70":0,"71":0,"72":0,"73":0,"74":0,"75":0,"76":0,"77":0,"78":1,"79":0,"80":0,"81":0,"82":0,"83":0,"84":0,"85":0,"86":0,"87":0,"88":0,"89":0,"90":0,"91":0,"92":0,"93":1,"94":0,"95":0,"96":0,"97":0,"98":0,"99":0,"100":0,"101":0,"102":0,"103":0,"104":0,"105":0,"106":0,"107":0,"108":0,"109":0,"110":0,"111":1,"112":0,"113":0,"114":0,"115":0,"116":0,"117":0,"118":0,"119":0,"120":0,"121":0,"122":0,"123":0,"124":0,"125":0,"126":0,"127":1,"128":0,"129":0,"130":0,"131":0,"132":0,"133":0,"134":0,"135":0,"136":0,"137":0,"138":0,"139":0,"140":0,"141":0,"142":0,"143":0,"144":0,"145":1,"146":0,"147":0,"148":0,"149":0,"150":0,"151":0,"152":0,"153":0,"154":0,"155":0,"156":0,"157":0,"158":0,"159":0,"160":0,"161":0,"162":0,"163":1,"164":0,"165":0,"166":0,"167":0,"168":0,"169":0,"170":0,"171":0,"172":0,"173":0,"174":0,"175":0,"176":0,"177":0,"178":0,"179":0,"180":0,"181":1,"182":0,"183":0,"184":0,"185":0,"186":0,"187":0,"188":0,"189":0,"190":0,"191":0,"192":0,"193":0,"194":0,"195":0,"196":0,"197":1,"198":0,"199":0,"200":0,"201":0,"202":0,"203":0,"204":0,"205":0,"206":0,"207":0,"208":0,"209":0,"210":0,"211":1,"212":0,"213":0,"214":0,"215":0,"216":0,"217":0,"218":0,"219":0,"220":0,"221":0,"222":0,"223":0,"224":0,"225":1,"226":0,"227":0,"228":0,"229":0,"230":0,"231":0,"232":0,"233":0,"234":0,"235":0,"236":0,"237":0,"238":0,"239":1,"240":0,"241":0,"242":0,"243":0,"244":0,"245":0,"246":0,"247":0,"248":0,"249":0,"250":0,"251":0,"252":0,"253":1,"254":0,"255":0,"256":0,"257":0,"258":0,"259":0,"260":0,"261":0,"262":0,"263":0,"264":0,"265":0,"266":0,"267":1,"268":0,"269":0,"270":0,"271":0,"272":0,"273":0,"274":0,"275":0,"276":0,"277":0,"278":0,"279":0,"280":0,"281":1,"282":0,"283":0,"284":0,"285":0,"286":0,"287":0,"288":0,"289":0,"290":0,"291":0,"292":0,"293":0,"294":0,"295":1,"296":0,"297":0,"298":0,"299":0,"300":0,"301":0,"302":0,"303":0,"304":0,"305":0,"306":0,"307":0,"308":0,"309":1,"310":0,"311":0,"312":0,"313":0,"314":0,"315":0,"316":0,"317":0,"318":0,"319":0,"320":0,"321":0,"322":0,"323":1,"324":0,"325":0,"326":0,"327":0,"328":0,"329":0,"330":0,"331":0,"332":0,"333":0,"334":0,"335":0,"336":0,"337":1},"f":{"0":0,"1":0,"2":0,"3":0,"4":0,"5":0,"6":0,"7":0,"8":0,"9":0,"10":0,"11":0,"12":0,"13":0,"14":0,"15":0,"16":0,"17":0,"18":0,"19":0,"20":0,"21":0,"22":0,"23":0,"24":0,"25":0,"26":0,"27":0,"28":0,"29":0,"30":0,"31":0,"32":0,"33":0,"34":0,"35":0,"36":0,"37":0,"38":0,"39":0,"40":0,"41":0,"42":0,"43":0,"44":0,"45":0,"46":0,"47":0,"48":0,"49":0,"50":0,"51":0,"52":0,"53":0,"54":0,"55":0,"56":0,"57":0,"58":0,"59":0,"60":0,"61":0,"62":0,"63":0,"64":0,"65":0,"66":0,"67":0,"68":0,"69":0,"70":0,"71":0,"72":0,"73":0,"74":0,"75":0,"76":0,"77":0,"78":0,"79":0,"80":0,"81":0,"82":0,"83":0,"84":0,"85":0,"86":0,"87":0,"88":0,"89":0,"90":0,"91":0,"92":0,"93":0,"94":0,"95":0,"96":0,"97":0,"98":0,"99":0,"100":0,"101":0,"102":0,"103":0,"104":0,"105":0,"106":0,"107":0,"108":0,"109":0,"110":0,"111":0,"112":0,"113":0,"114":0,"115":0,"116":0},"b":{"0":[0,0],"1":[0,0,0,0,0],"2":[0,0],"3":[0,0],"4":[0,0],"5":[0,0],"6":[0,0],"7":[0,0],"8":[0,0],"9":[0,0],"10":[0,0],"11":[0,0],"12":[0,0],"13":[0,0],"14":[0,0],"15":[0,0],"16":[0,0],"17":[0,0],"18":[0,0],"19":[0,0],"20":[0,0],"21":[0,0],"22":[0,0,0,0,0]},"_coverageSchema":"1a1c01bbd47fc00a2c39e90264f33305004495a9","hash":"ae6329f426abc7afdf1e000ea4be908b1b96aa2c"}
,"/home/usuario/InfoSport/api/routes/users.js": {"path":"/home/usuario/InfoSport/api/routes/users.js","statementMap":{"0":{"start":{"line":1,"column":16},"end":{"line":1,"column":34}},"1":{"start":{"line":2,"column":15},"end":{"line":2,"column":31}},"2":{"start":{"line":3,"column":13},"end":{"line":3,"column":38}},"3":{"start":{"line":4,"column":17},"end":{"line":4,"column":36}},"4":{"start":{"line":5,"column":12},"end":{"line":5,"column":35}},"5":{"start":{"line":6,"column":15},"end":{"line":6,"column":46}},"6":{"start":{"line":7,"column":13},"end":{"line":7,"column":29}},"7":{"start":{"line":8,"column":17},"end":{"line":8,"column":39}},"8":{"start":{"line":11,"column":0},"end":{"line":38,"column":3}},"9":{"start":{"line":14,"column":18},"end":{"line":14,"column":109}},"10":{"start":{"line":15,"column":2},"end":{"line":15,"column":104}},"11":{"start":{"line":15,"column":17},"end":{"line":15,"column":104}},"12":{"start":{"line":17,"column":19},"end":{"line":17,"column":57}},"13":{"start":{"line":18,"column":2},"end":{"line":18,"column":104}},"14":{"start":{"line":18,"column":18},"end":{"line":18,"column":104}},"15":{"start":{"line":20,"column":18},"end":{"line":20,"column":62}},"16":{"start":{"line":21,"column":2},"end":{"line":21,"column":110}},"17":{"start":{"line":21,"column":17},"end":{"line":21,"column":110}},"18":{"start":{"line":23,"column":16},"end":{"line":28,"column":4}},"19":{"start":{"line":30,"column":2},"end":{"line":37,"column":4}},"20":{"start":{"line":31,"column":4},"end":{"line":36,"column":5}},"21":{"start":{"line":32,"column":6},"end":{"line":32,"column":83}},"22":{"start":{"line":35,"column":6},"end":{"line":35,"column":71}},"23":{"start":{"line":42,"column":0},"end":{"line":75,"column":3}},"24":{"start":{"line":44,"column":19},"end":{"line":44,"column":36}},"25":{"start":{"line":45,"column":19},"end":{"line":45,"column":36}},"26":{"start":{"line":47,"column":2},"end":{"line":74,"column":5}},"27":{"start":{"line":48,"column":4},"end":{"line":48,"column":23}},"28":{"start":{"line":48,"column":13},"end":{"line":48,"column":23}},"29":{"start":{"line":49,"column":4},"end":{"line":51,"column":5}},"30":{"start":{"line":50,"column":6},"end":{"line":50,"column":82}},"31":{"start":{"line":52,"column":6},"end":{"line":73,"column":5}},"32":{"start":{"line":53,"column":8},"end":{"line":53,"column":27}},"33":{"start":{"line":53,"column":17},"end":{"line":53,"column":27}},"34":{"start":{"line":54,"column":8},"end":{"line":72,"column":9}},"35":{"start":{"line":55,"column":24},"end":{"line":57,"column":12}},"36":{"start":{"line":59,"column":10},"end":{"line":69,"column":13}},"37":{"start":{"line":71,"column":10},"end":{"line":71,"column":88}},"38":{"start":{"line":78,"column":0},"end":{"line":80,"column":3}},"39":{"start":{"line":79,"column":2},"end":{"line":79,"column":41}},"40":{"start":{"line":82,"column":0},"end":{"line":82,"column":24}}},"fnMap":{"0":{"name":"(anonymous_0)","decl":{"start":{"line":11,"column":25},"end":{"line":11,"column":26}},"loc":{"start":{"line":11,"column":51},"end":{"line":38,"column":1}},"line":11},"1":{"name":"(anonymous_1)","decl":{"start":{"line":30,"column":24},"end":{"line":30,"column":25}},"loc":{"start":{"line":30,"column":39},"end":{"line":37,"column":3}},"line":30},"2":{"name":"(anonymous_2)","decl":{"start":{"line":42,"column":29},"end":{"line":42,"column":30}},"loc":{"start":{"line":42,"column":49},"end":{"line":75,"column":1}},"line":42},"3":{"name":"(anonymous_3)","decl":{"start":{"line":47,"column":27},"end":{"line":47,"column":28}},"loc":{"start":{"line":47,"column":42},"end":{"line":74,"column":3}},"line":47},"4":{"name":"(anonymous_4)","decl":{"start":{"line":52,"column":52},"end":{"line":52,"column":53}},"loc":{"start":{"line":52,"column":70},"end":{"line":73,"column":3}},"line":52},"5":{"name":"(anonymous_5)","decl":{"start":{"line":78,"column":70},"end":{"line":78,"column":71}},"loc":{"start":{"line":78,"column":90},"end":{"line":80,"column":1}},"line":78}},"branchMap":{"0":{"loc":{"start":{"line":15,"column":2},"end":{"line":15,"column":104}},"type":"if","locations":[{"start":{"line":15,"column":2},"end":{"line":15,"column":104}},{"start":{},"end":{}}],"line":15},"1":{"loc":{"start":{"line":18,"column":2},"end":{"line":18,"column":104}},"type":"if","locations":[{"start":{"line":18,"column":2},"end":{"line":18,"column":104}},{"start":{},"end":{}}],"line":18},"2":{"loc":{"start":{"line":21,"column":2},"end":{"line":21,"column":110}},"type":"if","locations":[{"start":{"line":21,"column":2},"end":{"line":21,"column":110}},{"start":{},"end":{}}],"line":21},"3":{"loc":{"start":{"line":31,"column":4},"end":{"line":36,"column":5}},"type":"if","locations":[{"start":{"line":31,"column":4},"end":{"line":36,"column":5}},{"start":{"line":34,"column":9},"end":{"line":36,"column":5}}],"line":31},"4":{"loc":{"start":{"line":48,"column":4},"end":{"line":48,"column":23}},"type":"if","locations":[{"start":{"line":48,"column":4},"end":{"line":48,"column":23}},{"start":{},"end":{}}],"line":48},"5":{"loc":{"start":{"line":49,"column":4},"end":{"line":51,"column":5}},"type":"if","locations":[{"start":{"line":49,"column":4},"end":{"line":51,"column":5}},{"start":{},"end":{}}],"line":49},"6":{"loc":{"start":{"line":53,"column":8},"end":{"line":53,"column":27}},"type":"if","locations":[{"start":{"line":53,"column":8},"end":{"line":53,"column":27}},{"start":{},"end":{}}],"line":53},"7":{"loc":{"start":{"line":54,"column":8},"end":{"line":72,"column":9}},"type":"if","locations":[{"start":{"line":54,"column":8},"end":{"line":72,"column":9}},{"start":{"line":70,"column":15},"end":{"line":72,"column":9}}],"line":54}},"s":{"0":1,"1":1,"2":1,"3":1,"4":1,"5":1,"6":1,"7":1,"8":1,"9":0,"10":0,"11":0,"12":0,"13":0,"14":0,"15":0,"16":0,"17":0,"18":0,"19":0,"20":0,"21":0,"22":0,"23":1,"24":0,"25":0,"26":0,"27":0,"28":0,"29":0,"30":0,"31":0,"32":0,"33":0,"34":0,"35":0,"36":0,"37":0,"38":1,"39":0,"40":1},"f":{"0":0,"1":0,"2":0,"3":0,"4":0,"5":0},"b":{"0":[0,0],"1":[0,0],"2":[0,0],"3":[0,0],"4":[0,0],"5":[0,0],"6":[0,0],"7":[0,0]},"_coverageSchema":"1a1c01bbd47fc00a2c39e90264f33305004495a9","hash":"34ce2103f10817c09bca7734047e26f3806dd4e6"}
}
