TN:
SF:app.js
FN:53,(anonymous_0)
FN:58,(anonymous_1)
FNF:2
FNH:1
FNDA:0,(anonymous_0)
FNDA:1,(anonymous_1)
DA:1,1
DA:2,1
DA:3,1
DA:4,1
DA:5,1
DA:6,1
DA:7,1
DA:8,1
DA:9,1
DA:12,1
DA:18,1
DA:19,1
DA:21,1
DA:22,1
DA:25,1
DA:28,1
DA:31,1
DA:34,1
DA:42,1
DA:43,1
DA:45,1
DA:47,1
DA:49,1
DA:53,1
DA:54,0
DA:58,1
DA:60,1
DA:61,1
DA:67,1
LF:29
LH:28
BRF:0
BRH:0
end_of_record
TN:
SF:dbconfig/database.js
FNF:0
FNH:0
DA:1,1
LF:1
LH:1
BRF:0
BRH:0
end_of_record
TN:
SF:dbconfig/passport.js
FN:6,(anonymous_0)
FN:10,(anonymous_1)
FN:11,(anonymous_2)
FNF:3
FNH:1
FNDA:1,(anonymous_0)
FNDA:0,(anonymous_1)
FNDA:0,(anonymous_2)
DA:1,1
DA:2,1
DA:3,1
DA:4,1
DA:6,1
DA:7,1
DA:8,1
DA:9,1
DA:10,1
DA:11,0
DA:12,0
DA:13,0
DA:16,0
DA:17,0
DA:19,0
LF:15
LH:9
BRDA:12,0,0,0
BRDA:12,0,1,0
BRDA:16,1,0,0
BRDA:16,1,1,0
BRF:4
BRH:0
end_of_record
TN:
SF:models/user.js
FN:24,(anonymous_0)
FN:37,(anonymous_1)
FN:50,(anonymous_2)
FN:62,(anonymous_3)
FN:66,(anonymous_4)
FN:71,(anonymous_5)
FN:72,(anonymous_6)
FN:73,(anonymous_7)
FN:81,(anonymous_8)
FN:82,(anonymous_9)
FNF:10
FNH:2
FNDA:0,(anonymous_0)
FNDA:0,(anonymous_1)
FNDA:0,(anonymous_2)
FNDA:0,(anonymous_3)
FNDA:0,(anonymous_4)
FNDA:0,(anonymous_5)
FNDA:0,(anonymous_6)
FNDA:0,(anonymous_7)
FNDA:1,(anonymous_8)
FNDA:1,(anonymous_9)
DA:1,1
DA:2,1
DA:3,1
DA:6,1
DA:24,1
DA:25,0
DA:26,0
DA:27,0
DA:28,0
DA:30,0
DA:32,0
DA:33,0
DA:37,1
DA:38,0
DA:39,0
DA:40,0
DA:41,0
DA:43,0
DA:45,0
DA:46,0
DA:50,1
DA:51,0
DA:52,0
DA:54,0
DA:56,0
DA:60,1
DA:62,1
DA:63,0
DA:66,1
DA:67,0
DA:68,0
DA:71,1
DA:72,0
DA:73,0
DA:74,0
DA:75,0
DA:76,0
DA:81,1
DA:82,1
DA:83,1
DA:84,1
LF:41
LH:15
BRDA:25,0,0,0
BRDA:25,0,1,0
BRDA:28,1,0,0
BRDA:28,1,1,0
BRDA:38,2,0,0
BRDA:38,2,1,0
BRDA:41,3,0,0
BRDA:41,3,1,0
BRDA:51,4,0,0
BRDA:51,4,1,0
BRDA:51,5,0,0
BRDA:51,5,1,0
BRDA:51,5,2,0
BRDA:51,5,3,0
BRDA:74,6,0,0
BRDA:74,6,1,0
BRDA:83,7,0,0
BRDA:83,7,1,1
BRF:18
BRH:1
end_of_record
TN:
SF:routes/sports.js
FN:8,(anonymous_0)
FN:23,(anonymous_1)
FN:26,(anonymous_2)
FN:30,(anonymous_3)
FN:33,(anonymous_4)
FN:37,(anonymous_5)
FN:48,(anonymous_6)
FN:62,(anonymous_7)
FN:65,(anonymous_8)
FN:69,(anonymous_9)
FN:75,(anonymous_10)
FN:87,(anonymous_11)
FN:100,(anonymous_12)
FN:103,(anonymous_13)
FN:107,(anonymous_14)
FN:113,(anonymous_15)
FN:125,(anonymous_16)
FN:138,(anonymous_17)
FN:141,(anonymous_18)
FN:145,(anonymous_19)
FN:151,(anonymous_20)
FN:162,(anonymous_21)
FN:176,(anonymous_22)
FN:179,(anonymous_23)
FN:183,(anonymous_24)
FN:189,(anonymous_25)
FN:200,(anonymous_26)
FN:214,(anonymous_27)
FN:217,(anonymous_28)
FN:221,(anonymous_29)
FN:227,(anonymous_30)
FN:239,(anonymous_31)
FN:253,(anonymous_32)
FN:256,(anonymous_33)
FN:260,(anonymous_34)
FN:263,(anonymous_35)
FN:270,(anonymous_36)
FN:279,(anonymous_37)
FN:293,(anonymous_38)
FN:296,(anonymous_39)
FN:300,(anonymous_40)
FN:303,(anonymous_41)
FN:307,(anonymous_42)
FN:316,(anonymous_43)
FN:330,(anonymous_44)
FN:333,(anonymous_45)
FN:337,(anonymous_46)
FN:340,(anonymous_47)
FN:347,(anonymous_48)
FN:356,(anonymous_49)
FN:370,(anonymous_50)
FN:373,(anonymous_51)
FN:377,(anonymous_52)
FN:380,(anonymous_53)
FN:387,(anonymous_54)
FN:396,(anonymous_55)
FN:410,(anonymous_56)
FN:413,(anonymous_57)
FN:417,(anonymous_58)
FN:420,(anonymous_59)
FN:427,(anonymous_60)
FN:440,(anonymous_61)
FN:455,(anonymous_62)
FN:458,(anonymous_63)
FN:462,(anonymous_64)
FN:465,(anonymous_65)
FN:469,(anonymous_66)
FN:481,(anonymous_67)
FN:496,(anonymous_68)
FN:499,(anonymous_69)
FN:503,(anonymous_70)
FN:506,(anonymous_71)
FN:517,(anonymous_72)
FN:532,(anonymous_73)
FN:535,(anonymous_74)
FN:539,(anonymous_75)
FN:542,(anonymous_76)
FN:553,(anonymous_77)
FN:568,(anonymous_78)
FN:571,(anonymous_79)
FN:575,(anonymous_80)
FN:578,(anonymous_81)
FN:589,(anonymous_82)
FN:604,(anonymous_83)
FN:607,(anonymous_84)
FN:611,(anonymous_85)
FN:614,(anonymous_86)
FN:624,(anonymous_87)
FN:639,(anonymous_88)
FN:642,(anonymous_89)
FN:646,(anonymous_90)
FN:649,(anonymous_91)
FN:660,(anonymous_92)
FN:675,(anonymous_93)
FN:678,(anonymous_94)
FN:682,(anonymous_95)
FN:685,(anonymous_96)
FN:696,(anonymous_97)
FN:711,(anonymous_98)
FN:714,(anonymous_99)
FN:718,(anonymous_100)
FN:721,(anonymous_101)
FN:732,(anonymous_102)
FN:747,(anonymous_103)
FN:750,(anonymous_104)
FN:754,(anonymous_105)
FN:757,(anonymous_106)
FN:768,(anonymous_107)
FN:783,(anonymous_108)
FN:786,(anonymous_109)
FN:790,(anonymous_110)
FN:793,(anonymous_111)
FN:804,(anonymous_112)
FN:819,(anonymous_113)
FN:822,(anonymous_114)
FN:826,(anonymous_115)
FN:829,(anonymous_116)
FNF:117
FNH:0
FNDA:0,(anonymous_0)
FNDA:0,(anonymous_1)
FNDA:0,(anonymous_2)
FNDA:0,(anonymous_3)
FNDA:0,(anonymous_4)
FNDA:0,(anonymous_5)
FNDA:0,(anonymous_6)
FNDA:0,(anonymous_7)
FNDA:0,(anonymous_8)
FNDA:0,(anonymous_9)
FNDA:0,(anonymous_10)
FNDA:0,(anonymous_11)
FNDA:0,(anonymous_12)
FNDA:0,(anonymous_13)
FNDA:0,(anonymous_14)
FNDA:0,(anonymous_15)
FNDA:0,(anonymous_16)
FNDA:0,(anonymous_17)
FNDA:0,(anonymous_18)
FNDA:0,(anonymous_19)
FNDA:0,(anonymous_20)
FNDA:0,(anonymous_21)
FNDA:0,(anonymous_22)
FNDA:0,(anonymous_23)
FNDA:0,(anonymous_24)
FNDA:0,(anonymous_25)
FNDA:0,(anonymous_26)
FNDA:0,(anonymous_27)
FNDA:0,(anonymous_28)
FNDA:0,(anonymous_29)
FNDA:0,(anonymous_30)
FNDA:0,(anonymous_31)
FNDA:0,(anonymous_32)
FNDA:0,(anonymous_33)
FNDA:0,(anonymous_34)
FNDA:0,(anonymous_35)
FNDA:0,(anonymous_36)
FNDA:0,(anonymous_37)
FNDA:0,(anonymous_38)
FNDA:0,(anonymous_39)
FNDA:0,(anonymous_40)
FNDA:0,(anonymous_41)
FNDA:0,(anonymous_42)
FNDA:0,(anonymous_43)
FNDA:0,(anonymous_44)
FNDA:0,(anonymous_45)
FNDA:0,(anonymous_46)
FNDA:0,(anonymous_47)
FNDA:0,(anonymous_48)
FNDA:0,(anonymous_49)
FNDA:0,(anonymous_50)
FNDA:0,(anonymous_51)
FNDA:0,(anonymous_52)
FNDA:0,(anonymous_53)
FNDA:0,(anonymous_54)
FNDA:0,(anonymous_55)
FNDA:0,(anonymous_56)
FNDA:0,(anonymous_57)
FNDA:0,(anonymous_58)
FNDA:0,(anonymous_59)
FNDA:0,(anonymous_60)
FNDA:0,(anonymous_61)
FNDA:0,(anonymous_62)
FNDA:0,(anonymous_63)
FNDA:0,(anonymous_64)
FNDA:0,(anonymous_65)
FNDA:0,(anonymous_66)
FNDA:0,(anonymous_67)
FNDA:0,(anonymous_68)
FNDA:0,(anonymous_69)
FNDA:0,(anonymous_70)
FNDA:0,(anonymous_71)
FNDA:0,(anonymous_72)
FNDA:0,(anonymous_73)
FNDA:0,(anonymous_74)
FNDA:0,(anonymous_75)
FNDA:0,(anonymous_76)
FNDA:0,(anonymous_77)
FNDA:0,(anonymous_78)
FNDA:0,(anonymous_79)
FNDA:0,(anonymous_80)
FNDA:0,(anonymous_81)
FNDA:0,(anonymous_82)
FNDA:0,(anonymous_83)
FNDA:0,(anonymous_84)
FNDA:0,(anonymous_85)
FNDA:0,(anonymous_86)
FNDA:0,(anonymous_87)
FNDA:0,(anonymous_88)
FNDA:0,(anonymous_89)
FNDA:0,(anonymous_90)
FNDA:0,(anonymous_91)
FNDA:0,(anonymous_92)
FNDA:0,(anonymous_93)
FNDA:0,(anonymous_94)
FNDA:0,(anonymous_95)
FNDA:0,(anonymous_96)
FNDA:0,(anonymous_97)
FNDA:0,(anonymous_98)
FNDA:0,(anonymous_99)
FNDA:0,(anonymous_100)
FNDA:0,(anonymous_101)
FNDA:0,(anonymous_102)
FNDA:0,(anonymous_103)
FNDA:0,(anonymous_104)
FNDA:0,(anonymous_105)
FNDA:0,(anonymous_106)
FNDA:0,(anonymous_107)
FNDA:0,(anonymous_108)
FNDA:0,(anonymous_109)
FNDA:0,(anonymous_110)
FNDA:0,(anonymous_111)
FNDA:0,(anonymous_112)
FNDA:0,(anonymous_113)
FNDA:0,(anonymous_114)
FNDA:0,(anonymous_115)
FNDA:0,(anonymous_116)
DA:4,1
DA:5,1
DA:8,1
DA:9,0
DA:11,0
DA:23,0
DA:24,0
DA:26,0
DA:27,0
DA:30,0
DA:31,0
DA:32,0
DA:33,0
DA:34,0
DA:35,0
DA:38,0
DA:40,0
DA:43,0
DA:48,1
DA:49,0
DA:50,0
DA:62,0
DA:63,0
DA:65,0
DA:66,0
DA:69,0
DA:70,0
DA:71,0
DA:72,0
DA:73,0
DA:75,0
DA:76,0
DA:78,0
DA:83,0
DA:87,1
DA:88,0
DA:89,0
DA:100,0
DA:101,0
DA:103,0
DA:104,0
DA:107,0
DA:108,0
DA:109,0
DA:110,0
DA:111,0
DA:113,0
DA:114,0
DA:116,0
DA:121,0
DA:125,1
DA:126,0
DA:127,0
DA:138,0
DA:139,0
DA:141,0
DA:142,0
DA:145,0
DA:146,0
DA:147,0
DA:148,0
DA:149,0
DA:151,0
DA:152,0
DA:154,0
DA:159,0
DA:162,1
DA:163,0
DA:164,0
DA:176,0
DA:177,0
DA:179,0
DA:180,0
DA:183,0
DA:184,0
DA:185,0
DA:186,0
DA:187,0
DA:189,0
DA:190,0
DA:192,0
DA:197,0
DA:200,1
DA:201,0
DA:202,0
DA:214,0
DA:215,0
DA:217,0
DA:218,0
DA:221,0
DA:222,0
DA:223,0
DA:224,0
DA:225,0
DA:227,0
DA:228,0
DA:230,0
DA:235,0
DA:239,1
DA:240,0
DA:242,0
DA:253,0
DA:254,0
DA:256,0
DA:257,0
DA:260,0
DA:261,0
DA:262,0
DA:263,0
DA:264,0
DA:265,0
DA:267,0
DA:268,0
DA:271,0
DA:273,0
DA:276,0
DA:279,1
DA:280,0
DA:282,0
DA:293,0
DA:294,0
DA:296,0
DA:297,0
DA:300,0
DA:301,0
DA:302,0
DA:303,0
DA:304,0
DA:305,0
DA:308,0
DA:310,0
DA:313,0
DA:316,1
DA:317,0
DA:319,0
DA:330,0
DA:331,0
DA:333,0
DA:334,0
DA:337,0
DA:338,0
DA:339,0
DA:340,0
DA:341,0
DA:342,0
DA:344,0
DA:345,0
DA:348,0
DA:350,0
DA:353,0
DA:356,1
DA:357,0
DA:359,0
DA:370,0
DA:371,0
DA:373,0
DA:374,0
DA:377,0
DA:378,0
DA:379,0
DA:380,0
DA:381,0
DA:382,0
DA:384,0
DA:385,0
DA:388,0
DA:390,0
DA:393,0
DA:396,1
DA:397,0
DA:399,0
DA:410,0
DA:411,0
DA:413,0
DA:414,0
DA:417,0
DA:418,0
DA:419,0
DA:420,0
DA:421,0
DA:422,0
DA:424,0
DA:425,0
DA:428,0
DA:430,0
DA:433,0
DA:440,1
DA:441,0
DA:443,0
DA:455,0
DA:456,0
DA:458,0
DA:459,0
DA:462,0
DA:463,0
DA:464,0
DA:465,0
DA:466,0
DA:467,0
DA:470,0
DA:472,0
DA:475,0
DA:481,1
DA:482,0
DA:484,0
DA:496,0
DA:497,0
DA:499,0
DA:500,0
DA:503,0
DA:504,0
DA:505,0
DA:506,0
DA:507,0
DA:510,0
DA:513,0
DA:517,1
DA:518,0
DA:520,0
DA:532,0
DA:533,0
DA:535,0
DA:536,0
DA:539,0
DA:540,0
DA:541,0
DA:542,0
DA:543,0
DA:546,0
DA:549,0
DA:553,1
DA:554,0
DA:556,0
DA:568,0
DA:569,0
DA:571,0
DA:572,0
DA:575,0
DA:576,0
DA:577,0
DA:578,0
DA:579,0
DA:582,0
DA:585,0
DA:589,1
DA:590,0
DA:592,0
DA:604,0
DA:605,0
DA:607,0
DA:608,0
DA:611,0
DA:612,0
DA:613,0
DA:614,0
DA:615,0
DA:618,0
DA:621,0
DA:624,1
DA:625,0
DA:627,0
DA:639,0
DA:640,0
DA:642,0
DA:643,0
DA:646,0
DA:647,0
DA:648,0
DA:649,0
DA:650,0
DA:653,0
DA:656,0
DA:660,1
DA:661,0
DA:663,0
DA:675,0
DA:676,0
DA:678,0
DA:679,0
DA:682,0
DA:683,0
DA:684,0
DA:685,0
DA:686,0
DA:689,0
DA:693,0
DA:696,1
DA:697,0
DA:699,0
DA:711,0
DA:712,0
DA:714,0
DA:715,0
DA:718,0
DA:719,0
DA:720,0
DA:721,0
DA:722,0
DA:725,0
DA:729,0
DA:732,1
DA:733,0
DA:735,0
DA:747,0
DA:748,0
DA:750,0
DA:751,0
DA:754,0
DA:755,0
DA:756,0
DA:757,0
DA:758,0
DA:761,0
DA:765,0
DA:768,1
DA:769,0
DA:771,0
DA:783,0
DA:784,0
DA:786,0
DA:787,0
DA:790,0
DA:791,0
DA:792,0
DA:793,0
DA:794,0
DA:797,0
DA:801,0
DA:804,1
DA:805,0
DA:807,0
DA:819,0
DA:820,0
DA:822,0
DA:823,0
DA:826,0
DA:827,0
DA:828,0
DA:829,0
DA:830,0
DA:833,0
DA:837,0
DA:840,1
LF:343
LH:25
BRDA:34,0,0,0
BRDA:34,0,1,0
BRDA:34,1,0,0
BRDA:34,1,1,0
BRDA:34,1,2,0
BRDA:34,1,3,0
BRDA:34,1,4,0
BRDA:72,2,0,0
BRDA:72,2,1,0
BRDA:110,3,0,0
BRDA:110,3,1,0
BRDA:148,4,0,0
BRDA:148,4,1,0
BRDA:186,5,0,0
BRDA:186,5,1,0
BRDA:224,6,0,0
BRDA:224,6,1,0
BRDA:264,7,0,0
BRDA:264,7,1,0
BRDA:267,8,0,0
BRDA:267,8,1,0
BRDA:267,9,0,0
BRDA:267,9,1,0
BRDA:304,10,0,0
BRDA:304,10,1,0
BRDA:304,11,0,0
BRDA:304,11,1,0
BRDA:341,12,0,0
BRDA:341,12,1,0
BRDA:344,13,0,0
BRDA:344,13,1,0
BRDA:344,14,0,0
BRDA:344,14,1,0
BRDA:381,15,0,0
BRDA:381,15,1,0
BRDA:384,16,0,0
BRDA:384,16,1,0
BRDA:384,17,0,0
BRDA:384,17,1,0
BRDA:421,18,0,0
BRDA:421,18,1,0
BRDA:424,19,0,0
BRDA:424,19,1,0
BRDA:424,20,0,0
BRDA:424,20,1,0
BRDA:466,21,0,0
BRDA:466,21,1,0
BRDA:466,22,0,0
BRDA:466,22,1,0
BRDA:466,22,2,0
BRDA:466,22,3,0
BRDA:466,22,4,0
BRF:52
BRH:0
end_of_record
TN:
SF:routes/users.js
FN:11,(anonymous_0)
FN:30,(anonymous_1)
FN:42,(anonymous_2)
FN:47,(anonymous_3)
FN:52,(anonymous_4)
FN:78,(anonymous_5)
FNF:6
FNH:3
FNDA:0,(anonymous_0)
FNDA:0,(anonymous_1)
FNDA:1,(anonymous_2)
FNDA:1,(anonymous_3)
FNDA:1,(anonymous_4)
FNDA:0,(anonymous_5)
DA:1,1
DA:2,1
DA:3,1
DA:4,1
DA:5,1
DA:6,1
DA:7,1
DA:8,1
DA:11,1
DA:14,0
DA:15,0
DA:17,0
DA:18,0
DA:20,0
DA:21,0
DA:23,0
DA:30,0
DA:31,0
DA:32,0
DA:35,0
DA:42,1
DA:44,1
DA:45,1
DA:47,1
DA:48,1
DA:49,1
DA:50,0
DA:52,1
DA:53,1
DA:54,1
DA:55,1
DA:59,1
DA:71,0
DA:78,1
DA:79,0
DA:82,1
LF:36
LH:22
BRDA:15,0,0,0
BRDA:15,0,1,0
BRDA:18,1,0,0
BRDA:18,1,1,0
BRDA:21,2,0,0
BRDA:21,2,1,0
BRDA:31,3,0,0
BRDA:31,3,1,0
BRDA:48,4,0,0
BRDA:48,4,1,1
BRDA:49,5,0,0
BRDA:49,5,1,1
BRDA:53,6,0,0
BRDA:53,6,1,1
BRDA:54,7,0,1
BRDA:54,7,1,0
BRF:16
BRH:4
end_of_record
