TN:
SF:app.js
FN:53,(anonymous_0)
FN:58,(anonymous_1)
FNF:2
FNH:0
FNDA:0,(anonymous_0)
FNDA:0,(anonymous_1)
DA:1,1
DA:2,1
DA:3,1
DA:4,1
DA:5,1
DA:6,1
DA:7,1
DA:8,1
DA:9,1
DA:12,1
DA:18,1
DA:19,1
DA:21,1
DA:22,1
DA:25,1
DA:28,1
DA:31,1
DA:34,1
DA:42,1
DA:43,1
DA:45,1
DA:47,1
DA:49,1
DA:53,1
DA:54,0
DA:58,1
DA:60,0
DA:61,0
LF:28
LH:25
BRF:0
BRH:0
end_of_record
TN:
SF:dbconfig/database.js
FNF:0
FNH:0
DA:1,1
LF:1
LH:1
BRF:0
BRH:0
end_of_record
TN:
SF:dbconfig/passport.js
FN:6,(anonymous_0)
FN:10,(anonymous_1)
FN:11,(anonymous_2)
FNF:3
FNH:1
FNDA:1,(anonymous_0)
FNDA:0,(anonymous_1)
FNDA:0,(anonymous_2)
DA:1,1
DA:2,1
DA:3,1
DA:4,1
DA:6,1
DA:7,1
DA:8,1
DA:9,1
DA:10,1
DA:11,0
DA:12,0
DA:13,0
DA:16,0
DA:17,0
DA:19,0
LF:15
LH:9
BRDA:12,0,0,0
BRDA:12,0,1,0
BRDA:16,1,0,0
BRDA:16,1,1,0
BRF:4
BRH:0
end_of_record
TN:
SF:models/user.js
FN:24,(anonymous_0)
FN:37,(anonymous_1)
FN:50,(anonymous_2)
FN:62,(anonymous_3)
FN:66,(anonymous_4)
FN:71,(anonymous_5)
FN:72,(anonymous_6)
FN:73,(anonymous_7)
FN:81,(anonymous_8)
FN:82,(anonymous_9)
FNF:10
FNH:0
FNDA:0,(anonymous_0)
FNDA:0,(anonymous_1)
FNDA:0,(anonymous_2)
FNDA:0,(anonymous_3)
FNDA:0,(anonymous_4)
FNDA:0,(anonymous_5)
FNDA:0,(anonymous_6)
FNDA:0,(anonymous_7)
FNDA:0,(anonymous_8)
FNDA:0,(anonymous_9)
DA:1,1
DA:2,1
DA:3,1
DA:6,1
DA:24,1
DA:25,0
DA:26,0
DA:27,0
DA:28,0
DA:30,0
DA:32,0
DA:33,0
DA:37,1
DA:38,0
DA:39,0
DA:40,0
DA:41,0
DA:43,0
DA:45,0
DA:46,0
DA:50,1
DA:51,0
DA:52,0
DA:54,0
DA:56,0
DA:60,1
DA:62,1
DA:63,0
DA:66,1
DA:67,0
DA:68,0
DA:71,1
DA:72,0
DA:73,0
DA:74,0
DA:75,0
DA:76,0
DA:81,1
DA:82,0
DA:83,0
DA:84,0
LF:41
LH:12
BRDA:25,0,0,0
BRDA:25,0,1,0
BRDA:28,1,0,0
BRDA:28,1,1,0
BRDA:38,2,0,0
BRDA:38,2,1,0
BRDA:41,3,0,0
BRDA:41,3,1,0
BRDA:51,4,0,0
BRDA:51,4,1,0
BRDA:51,5,0,0
BRDA:51,5,1,0
BRDA:51,5,2,0
BRDA:51,5,3,0
BRDA:74,6,0,0
BRDA:74,6,1,0
BRDA:83,7,0,0
BRDA:83,7,1,0
BRF:18
BRH:0
end_of_record
TN:
SF:routes/sports.js
FN:8,(anonymous_0)
FN:23,(anonymous_1)
FN:26,(anonymous_2)
FN:30,(anonymous_3)
FN:33,(anonymous_4)
FN:37,(anonymous_5)
FN:48,(anonymous_6)
FN:61,(anonymous_7)
FN:64,(anonymous_8)
FN:68,(anonymous_9)
FN:74,(anonymous_10)
FN:86,(anonymous_11)
FN:98,(anonymous_12)
FN:101,(anonymous_13)
FN:105,(anonymous_14)
FN:111,(anonymous_15)
FN:123,(anonymous_16)
FN:135,(anonymous_17)
FN:138,(anonymous_18)
FN:142,(anonymous_19)
FN:148,(anonymous_20)
FN:159,(anonymous_21)
FN:172,(anonymous_22)
FN:175,(anonymous_23)
FN:179,(anonymous_24)
FN:185,(anonymous_25)
FN:196,(anonymous_26)
FN:209,(anonymous_27)
FN:212,(anonymous_28)
FN:216,(anonymous_29)
FN:222,(anonymous_30)
FN:234,(anonymous_31)
FN:248,(anonymous_32)
FN:251,(anonymous_33)
FN:255,(anonymous_34)
FN:258,(anonymous_35)
FN:265,(anonymous_36)
FN:274,(anonymous_37)
FN:288,(anonymous_38)
FN:291,(anonymous_39)
FN:295,(anonymous_40)
FN:298,(anonymous_41)
FN:302,(anonymous_42)
FN:311,(anonymous_43)
FN:325,(anonymous_44)
FN:328,(anonymous_45)
FN:332,(anonymous_46)
FN:335,(anonymous_47)
FN:342,(anonymous_48)
FN:351,(anonymous_49)
FN:365,(anonymous_50)
FN:368,(anonymous_51)
FN:372,(anonymous_52)
FN:375,(anonymous_53)
FN:382,(anonymous_54)
FN:391,(anonymous_55)
FN:405,(anonymous_56)
FN:408,(anonymous_57)
FN:412,(anonymous_58)
FN:415,(anonymous_59)
FN:422,(anonymous_60)
FN:435,(anonymous_61)
FN:450,(anonymous_62)
FN:453,(anonymous_63)
FN:457,(anonymous_64)
FN:460,(anonymous_65)
FN:464,(anonymous_66)
FN:476,(anonymous_67)
FN:491,(anonymous_68)
FN:494,(anonymous_69)
FN:498,(anonymous_70)
FN:501,(anonymous_71)
FN:512,(anonymous_72)
FN:527,(anonymous_73)
FN:530,(anonymous_74)
FN:534,(anonymous_75)
FN:537,(anonymous_76)
FN:548,(anonymous_77)
FN:563,(anonymous_78)
FN:566,(anonymous_79)
FN:570,(anonymous_80)
FN:573,(anonymous_81)
FN:584,(anonymous_82)
FN:599,(anonymous_83)
FN:602,(anonymous_84)
FN:606,(anonymous_85)
FN:609,(anonymous_86)
FN:619,(anonymous_87)
FN:634,(anonymous_88)
FN:637,(anonymous_89)
FN:641,(anonymous_90)
FN:644,(anonymous_91)
FN:655,(anonymous_92)
FN:670,(anonymous_93)
FN:673,(anonymous_94)
FN:677,(anonymous_95)
FN:680,(anonymous_96)
FN:691,(anonymous_97)
FN:706,(anonymous_98)
FN:709,(anonymous_99)
FN:713,(anonymous_100)
FN:716,(anonymous_101)
FN:727,(anonymous_102)
FN:742,(anonymous_103)
FN:745,(anonymous_104)
FN:749,(anonymous_105)
FN:752,(anonymous_106)
FN:763,(anonymous_107)
FN:778,(anonymous_108)
FN:781,(anonymous_109)
FN:785,(anonymous_110)
FN:788,(anonymous_111)
FN:799,(anonymous_112)
FN:814,(anonymous_113)
FN:817,(anonymous_114)
FN:821,(anonymous_115)
FN:824,(anonymous_116)
FNF:117
FNH:0
FNDA:0,(anonymous_0)
FNDA:0,(anonymous_1)
FNDA:0,(anonymous_2)
FNDA:0,(anonymous_3)
FNDA:0,(anonymous_4)
FNDA:0,(anonymous_5)
FNDA:0,(anonymous_6)
FNDA:0,(anonymous_7)
FNDA:0,(anonymous_8)
FNDA:0,(anonymous_9)
FNDA:0,(anonymous_10)
FNDA:0,(anonymous_11)
FNDA:0,(anonymous_12)
FNDA:0,(anonymous_13)
FNDA:0,(anonymous_14)
FNDA:0,(anonymous_15)
FNDA:0,(anonymous_16)
FNDA:0,(anonymous_17)
FNDA:0,(anonymous_18)
FNDA:0,(anonymous_19)
FNDA:0,(anonymous_20)
FNDA:0,(anonymous_21)
FNDA:0,(anonymous_22)
FNDA:0,(anonymous_23)
FNDA:0,(anonymous_24)
FNDA:0,(anonymous_25)
FNDA:0,(anonymous_26)
FNDA:0,(anonymous_27)
FNDA:0,(anonymous_28)
FNDA:0,(anonymous_29)
FNDA:0,(anonymous_30)
FNDA:0,(anonymous_31)
FNDA:0,(anonymous_32)
FNDA:0,(anonymous_33)
FNDA:0,(anonymous_34)
FNDA:0,(anonymous_35)
FNDA:0,(anonymous_36)
FNDA:0,(anonymous_37)
FNDA:0,(anonymous_38)
FNDA:0,(anonymous_39)
FNDA:0,(anonymous_40)
FNDA:0,(anonymous_41)
FNDA:0,(anonymous_42)
FNDA:0,(anonymous_43)
FNDA:0,(anonymous_44)
FNDA:0,(anonymous_45)
FNDA:0,(anonymous_46)
FNDA:0,(anonymous_47)
FNDA:0,(anonymous_48)
FNDA:0,(anonymous_49)
FNDA:0,(anonymous_50)
FNDA:0,(anonymous_51)
FNDA:0,(anonymous_52)
FNDA:0,(anonymous_53)
FNDA:0,(anonymous_54)
FNDA:0,(anonymous_55)
FNDA:0,(anonymous_56)
FNDA:0,(anonymous_57)
FNDA:0,(anonymous_58)
FNDA:0,(anonymous_59)
FNDA:0,(anonymous_60)
FNDA:0,(anonymous_61)
FNDA:0,(anonymous_62)
FNDA:0,(anonymous_63)
FNDA:0,(anonymous_64)
FNDA:0,(anonymous_65)
FNDA:0,(anonymous_66)
FNDA:0,(anonymous_67)
FNDA:0,(anonymous_68)
FNDA:0,(anonymous_69)
FNDA:0,(anonymous_70)
FNDA:0,(anonymous_71)
FNDA:0,(anonymous_72)
FNDA:0,(anonymous_73)
FNDA:0,(anonymous_74)
FNDA:0,(anonymous_75)
FNDA:0,(anonymous_76)
FNDA:0,(anonymous_77)
FNDA:0,(anonymous_78)
FNDA:0,(anonymous_79)
FNDA:0,(anonymous_80)
FNDA:0,(anonymous_81)
FNDA:0,(anonymous_82)
FNDA:0,(anonymous_83)
FNDA:0,(anonymous_84)
FNDA:0,(anonymous_85)
FNDA:0,(anonymous_86)
FNDA:0,(anonymous_87)
FNDA:0,(anonymous_88)
FNDA:0,(anonymous_89)
FNDA:0,(anonymous_90)
FNDA:0,(anonymous_91)
FNDA:0,(anonymous_92)
FNDA:0,(anonymous_93)
FNDA:0,(anonymous_94)
FNDA:0,(anonymous_95)
FNDA:0,(anonymous_96)
FNDA:0,(anonymous_97)
FNDA:0,(anonymous_98)
FNDA:0,(anonymous_99)
FNDA:0,(anonymous_100)
FNDA:0,(anonymous_101)
FNDA:0,(anonymous_102)
FNDA:0,(anonymous_103)
FNDA:0,(anonymous_104)
FNDA:0,(anonymous_105)
FNDA:0,(anonymous_106)
FNDA:0,(anonymous_107)
FNDA:0,(anonymous_108)
FNDA:0,(anonymous_109)
FNDA:0,(anonymous_110)
FNDA:0,(anonymous_111)
FNDA:0,(anonymous_112)
FNDA:0,(anonymous_113)
FNDA:0,(anonymous_114)
FNDA:0,(anonymous_115)
FNDA:0,(anonymous_116)
DA:4,1
DA:5,1
DA:8,1
DA:9,0
DA:11,0
DA:23,0
DA:24,0
DA:26,0
DA:27,0
DA:30,0
DA:31,0
DA:32,0
DA:33,0
DA:34,0
DA:35,0
DA:38,0
DA:40,0
DA:43,0
DA:48,1
DA:49,0
DA:61,0
DA:62,0
DA:64,0
DA:65,0
DA:68,0
DA:69,0
DA:70,0
DA:71,0
DA:72,0
DA:74,0
DA:75,0
DA:77,0
DA:82,0
DA:86,1
DA:87,0
DA:98,0
DA:99,0
DA:101,0
DA:102,0
DA:105,0
DA:106,0
DA:107,0
DA:108,0
DA:109,0
DA:111,0
DA:112,0
DA:114,0
DA:119,0
DA:123,1
DA:124,0
DA:135,0
DA:136,0
DA:138,0
DA:139,0
DA:142,0
DA:143,0
DA:144,0
DA:145,0
DA:146,0
DA:148,0
DA:149,0
DA:151,0
DA:156,0
DA:159,1
DA:160,0
DA:172,0
DA:173,0
DA:175,0
DA:176,0
DA:179,0
DA:180,0
DA:181,0
DA:182,0
DA:183,0
DA:185,0
DA:186,0
DA:188,0
DA:193,0
DA:196,1
DA:197,0
DA:209,0
DA:210,0
DA:212,0
DA:213,0
DA:216,0
DA:217,0
DA:218,0
DA:219,0
DA:220,0
DA:222,0
DA:223,0
DA:225,0
DA:230,0
DA:234,1
DA:235,0
DA:237,0
DA:248,0
DA:249,0
DA:251,0
DA:252,0
DA:255,0
DA:256,0
DA:257,0
DA:258,0
DA:259,0
DA:260,0
DA:262,0
DA:263,0
DA:266,0
DA:268,0
DA:271,0
DA:274,1
DA:275,0
DA:277,0
DA:288,0
DA:289,0
DA:291,0
DA:292,0
DA:295,0
DA:296,0
DA:297,0
DA:298,0
DA:299,0
DA:300,0
DA:303,0
DA:305,0
DA:308,0
DA:311,1
DA:312,0
DA:314,0
DA:325,0
DA:326,0
DA:328,0
DA:329,0
DA:332,0
DA:333,0
DA:334,0
DA:335,0
DA:336,0
DA:337,0
DA:339,0
DA:340,0
DA:343,0
DA:345,0
DA:348,0
DA:351,1
DA:352,0
DA:354,0
DA:365,0
DA:366,0
DA:368,0
DA:369,0
DA:372,0
DA:373,0
DA:374,0
DA:375,0
DA:376,0
DA:377,0
DA:379,0
DA:380,0
DA:383,0
DA:385,0
DA:388,0
DA:391,1
DA:392,0
DA:394,0
DA:405,0
DA:406,0
DA:408,0
DA:409,0
DA:412,0
DA:413,0
DA:414,0
DA:415,0
DA:416,0
DA:417,0
DA:419,0
DA:420,0
DA:423,0
DA:425,0
DA:428,0
DA:435,1
DA:436,0
DA:438,0
DA:450,0
DA:451,0
DA:453,0
DA:454,0
DA:457,0
DA:458,0
DA:459,0
DA:460,0
DA:461,0
DA:462,0
DA:465,0
DA:467,0
DA:470,0
DA:476,1
DA:477,0
DA:479,0
DA:491,0
DA:492,0
DA:494,0
DA:495,0
DA:498,0
DA:499,0
DA:500,0
DA:501,0
DA:502,0
DA:505,0
DA:508,0
DA:512,1
DA:513,0
DA:515,0
DA:527,0
DA:528,0
DA:530,0
DA:531,0
DA:534,0
DA:535,0
DA:536,0
DA:537,0
DA:538,0
DA:541,0
DA:544,0
DA:548,1
DA:549,0
DA:551,0
DA:563,0
DA:564,0
DA:566,0
DA:567,0
DA:570,0
DA:571,0
DA:572,0
DA:573,0
DA:574,0
DA:577,0
DA:580,0
DA:584,1
DA:585,0
DA:587,0
DA:599,0
DA:600,0
DA:602,0
DA:603,0
DA:606,0
DA:607,0
DA:608,0
DA:609,0
DA:610,0
DA:613,0
DA:616,0
DA:619,1
DA:620,0
DA:622,0
DA:634,0
DA:635,0
DA:637,0
DA:638,0
DA:641,0
DA:642,0
DA:643,0
DA:644,0
DA:645,0
DA:648,0
DA:651,0
DA:655,1
DA:656,0
DA:658,0
DA:670,0
DA:671,0
DA:673,0
DA:674,0
DA:677,0
DA:678,0
DA:679,0
DA:680,0
DA:681,0
DA:684,0
DA:688,0
DA:691,1
DA:692,0
DA:694,0
DA:706,0
DA:707,0
DA:709,0
DA:710,0
DA:713,0
DA:714,0
DA:715,0
DA:716,0
DA:717,0
DA:720,0
DA:724,0
DA:727,1
DA:728,0
DA:730,0
DA:742,0
DA:743,0
DA:745,0
DA:746,0
DA:749,0
DA:750,0
DA:751,0
DA:752,0
DA:753,0
DA:756,0
DA:760,0
DA:763,1
DA:764,0
DA:766,0
DA:778,0
DA:779,0
DA:781,0
DA:782,0
DA:785,0
DA:786,0
DA:787,0
DA:788,0
DA:789,0
DA:792,0
DA:796,0
DA:799,1
DA:800,0
DA:802,0
DA:814,0
DA:815,0
DA:817,0
DA:818,0
DA:821,0
DA:822,0
DA:823,0
DA:824,0
DA:825,0
DA:828,0
DA:832,0
DA:835,1
LF:338
LH:25
BRDA:34,0,0,0
BRDA:34,0,1,0
BRDA:34,1,0,0
BRDA:34,1,1,0
BRDA:34,1,2,0
BRDA:34,1,3,0
BRDA:34,1,4,0
BRDA:71,2,0,0
BRDA:71,2,1,0
BRDA:108,3,0,0
BRDA:108,3,1,0
BRDA:145,4,0,0
BRDA:145,4,1,0
BRDA:182,5,0,0
BRDA:182,5,1,0
BRDA:219,6,0,0
BRDA:219,6,1,0
BRDA:259,7,0,0
BRDA:259,7,1,0
BRDA:262,8,0,0
BRDA:262,8,1,0
BRDA:262,9,0,0
BRDA:262,9,1,0
BRDA:299,10,0,0
BRDA:299,10,1,0
BRDA:299,11,0,0
BRDA:299,11,1,0
BRDA:336,12,0,0
BRDA:336,12,1,0
BRDA:339,13,0,0
BRDA:339,13,1,0
BRDA:339,14,0,0
BRDA:339,14,1,0
BRDA:376,15,0,0
BRDA:376,15,1,0
BRDA:379,16,0,0
BRDA:379,16,1,0
BRDA:379,17,0,0
BRDA:379,17,1,0
BRDA:416,18,0,0
BRDA:416,18,1,0
BRDA:419,19,0,0
BRDA:419,19,1,0
BRDA:419,20,0,0
BRDA:419,20,1,0
BRDA:461,21,0,0
BRDA:461,21,1,0
BRDA:461,22,0,0
BRDA:461,22,1,0
BRDA:461,22,2,0
BRDA:461,22,3,0
BRDA:461,22,4,0
BRF:52
BRH:0
end_of_record
TN:
SF:routes/users.js
FN:11,(anonymous_0)
FN:30,(anonymous_1)
FN:42,(anonymous_2)
FN:47,(anonymous_3)
FN:52,(anonymous_4)
FN:78,(anonymous_5)
FNF:6
FNH:0
FNDA:0,(anonymous_0)
FNDA:0,(anonymous_1)
FNDA:0,(anonymous_2)
FNDA:0,(anonymous_3)
FNDA:0,(anonymous_4)
FNDA:0,(anonymous_5)
DA:1,1
DA:2,1
DA:3,1
DA:4,1
DA:5,1
DA:6,1
DA:7,1
DA:8,1
DA:11,1
DA:14,0
DA:15,0
DA:17,0
DA:18,0
DA:20,0
DA:21,0
DA:23,0
DA:30,0
DA:31,0
DA:32,0
DA:35,0
DA:42,1
DA:44,0
DA:45,0
DA:47,0
DA:48,0
DA:49,0
DA:50,0
DA:52,0
DA:53,0
DA:54,0
DA:55,0
DA:59,0
DA:71,0
DA:78,1
DA:79,0
DA:82,1
LF:36
LH:12
BRDA:15,0,0,0
BRDA:15,0,1,0
BRDA:18,1,0,0
BRDA:18,1,1,0
BRDA:21,2,0,0
BRDA:21,2,1,0
BRDA:31,3,0,0
BRDA:31,3,1,0
BRDA:48,4,0,0
BRDA:48,4,1,0
BRDA:49,5,0,0
BRDA:49,5,1,0
BRDA:53,6,0,0
BRDA:53,6,1,0
BRDA:54,7,0,0
BRDA:54,7,1,0
BRF:16
BRH:0
end_of_record
